2022 May 06 15:28:40 | SpawnPoolWorker-1 | 6214e9 | Time: 0 | Total Job: 41965 | End job: 0 | Running job: 1 | Pending job: 0
2022 May 06 15:28:52 | SpawnPoolWorker-1 | 6214e9 | Time: 30000 | Total Job: 41965 | End job: 124 | Running job: 9 | Pending job: 0
2022 May 06 15:29:06 | SpawnPoolWorker-1 | 6214e9 | Time: 60000 | Total Job: 41965 | End job: 127 | Running job: 18 | Pending job: 0
2022 May 06 15:29:15 | SpawnPoolWorker-1 | 6214e9 | Time: 90000 | Total Job: 41965 | End job: 133 | Running job: 20 | Pending job: 0
2022 May 06 15:29:23 | SpawnPoolWorker-1 | 6214e9 | Time: 120000 | Total Job: 41965 | End job: 861 | Running job: 211 | Pending job: 0
2022 May 06 15:29:31 | SpawnPoolWorker-1 | 6214e9 | Time: 150000 | Total Job: 41965 | End job: 1187 | Running job: 12 | Pending job: 0
2022 May 06 15:29:39 | SpawnPoolWorker-1 | 6214e9 | Time: 180000 | Total Job: 41965 | End job: 1237 | Running job: 16 | Pending job: 0
2022 May 06 15:29:45 | SpawnPoolWorker-1 | 6214e9 | Time: 210000 | Total Job: 41965 | End job: 1250 | Running job: 16 | Pending job: 0
2022 May 06 15:29:52 | SpawnPoolWorker-1 | 6214e9 | Time: 240000 | Total Job: 41965 | End job: 1274 | Running job: 12 | Pending job: 0
2022 May 06 15:29:59 | SpawnPoolWorker-1 | 6214e9 | Time: 270000 | Total Job: 41965 | End job: 2079 | Running job: 238 | Pending job: 0
2022 May 06 15:30:05 | SpawnPoolWorker-1 | 6214e9 | Time: 300000 | Total Job: 41965 | End job: 2369 | Running job: 67 | Pending job: 0
2022 May 06 15:30:11 | SpawnPoolWorker-1 | 6214e9 | Time: 330000 | Total Job: 41965 | End job: 2411 | Running job: 69 | Pending job: 0
2022 May 06 15:30:17 | SpawnPoolWorker-1 | 6214e9 | Time: 360000 | Total Job: 41965 | End job: 4331 | Running job: 84 | Pending job: 0
2022 May 06 15:30:23 | SpawnPoolWorker-1 | 6214e9 | Time: 390000 | Total Job: 41965 | End job: 5714 | Running job: 45 | Pending job: 0
2022 May 06 15:30:29 | SpawnPoolWorker-1 | 6214e9 | Time: 420000 | Total Job: 41965 | End job: 5785 | Running job: 60 | Pending job: 0
2022 May 06 15:30:34 | SpawnPoolWorker-1 | 6214e9 | Time: 450000 | Total Job: 41965 | End job: 7544 | Running job: 65 | Pending job: 0
2022 May 06 15:30:39 | SpawnPoolWorker-1 | 6214e9 | Time: 480000 | Total Job: 41965 | End job: 7669 | Running job: 45 | Pending job: 0
2022 May 06 15:30:44 | SpawnPoolWorker-1 | 6214e9 | Time: 510000 | Total Job: 41965 | End job: 8847 | Running job: 50 | Pending job: 0
2022 May 06 15:30:49 | SpawnPoolWorker-1 | 6214e9 | Time: 540000 | Total Job: 41965 | End job: 8869 | Running job: 51 | Pending job: 0
2022 May 06 15:30:54 | SpawnPoolWorker-1 | 6214e9 | Time: 570000 | Total Job: 41965 | End job: 8880 | Running job: 48 | Pending job: 0
2022 May 06 15:30:59 | SpawnPoolWorker-1 | 6214e9 | Time: 600000 | Total Job: 41965 | End job: 8981 | Running job: 47 | Pending job: 0
2022 May 06 15:31:04 | SpawnPoolWorker-1 | 6214e9 | Time: 630000 | Total Job: 41965 | End job: 8991 | Running job: 79 | Pending job: 0
2022 May 06 15:31:09 | SpawnPoolWorker-1 | 6214e9 | Time: 660000 | Total Job: 41965 | End job: 9319 | Running job: 216 | Pending job: 0
2022 May 06 15:31:14 | SpawnPoolWorker-1 | 6214e9 | Time: 690000 | Total Job: 41965 | End job: 9933 | Running job: 135 | Pending job: 0
2022 May 06 15:31:19 | SpawnPoolWorker-1 | 6214e9 | Time: 720000 | Total Job: 41965 | End job: 11074 | Running job: 62 | Pending job: 0
2022 May 06 15:31:23 | SpawnPoolWorker-1 | 6214e9 | Time: 750000 | Total Job: 41965 | End job: 11134 | Running job: 66 | Pending job: 0
2022 May 06 15:31:28 | SpawnPoolWorker-1 | 6214e9 | Time: 780000 | Total Job: 41965 | End job: 11183 | Running job: 76 | Pending job: 0
2022 May 06 15:31:32 | SpawnPoolWorker-1 | 6214e9 | Time: 810000 | Total Job: 41965 | End job: 12855 | Running job: 209 | Pending job: 0
2022 May 06 15:31:36 | SpawnPoolWorker-1 | 6214e9 | Time: 840000 | Total Job: 41965 | End job: 13273 | Running job: 84 | Pending job: 0
2022 May 06 15:31:40 | SpawnPoolWorker-1 | 6214e9 | Time: 870000 | Total Job: 41965 | End job: 13351 | Running job: 91 | Pending job: 0
2022 May 06 15:31:44 | SpawnPoolWorker-1 | 6214e9 | Time: 900000 | Total Job: 41965 | End job: 14032 | Running job: 130 | Pending job: 0
2022 May 06 15:31:48 | SpawnPoolWorker-1 | 6214e9 | Time: 930000 | Total Job: 41965 | End job: 14456 | Running job: 126 | Pending job: 0
2022 May 06 15:31:51 | SpawnPoolWorker-1 | 6214e9 | Time: 960000 | Total Job: 41965 | End job: 15562 | Running job: 182 | Pending job: 0
2022 May 06 15:31:59 | SpawnPoolWorker-1 | 6214e9 | Time: 990000 | Total Job: 41965 | End job: 16481 | Running job: 366 | Pending job: 265
2022 May 06 15:32:04 | SpawnPoolWorker-1 | 6214e9 | Time: 1020000 | Total Job: 41965 | End job: 17338 | Running job: 111 | Pending job: 0
2022 May 06 15:32:10 | SpawnPoolWorker-1 | 6214e9 | Time: 1050000 | Total Job: 41965 | End job: 18377 | Running job: 178 | Pending job: 0
2022 May 06 15:32:15 | SpawnPoolWorker-1 | 6214e9 | Time: 1080000 | Total Job: 41965 | End job: 19518 | Running job: 135 | Pending job: 0
2022 May 06 15:32:18 | SpawnPoolWorker-1 | 6214e9 | Time: 1110000 | Total Job: 41965 | End job: 19624 | Running job: 125 | Pending job: 0
2022 May 06 15:32:20 | SpawnPoolWorker-1 | 6214e9 | Time: 1140000 | Total Job: 41965 | End job: 19680 | Running job: 101 | Pending job: 0
2022 May 06 15:32:24 | SpawnPoolWorker-1 | 6214e9 | Time: 1170000 | Total Job: 41965 | End job: 19899 | Running job: 389 | Pending job: 33
2022 May 06 15:32:28 | SpawnPoolWorker-1 | 6214e9 | Time: 1200000 | Total Job: 41965 | End job: 20951 | Running job: 95 | Pending job: 0
2022 May 06 15:32:30 | SpawnPoolWorker-1 | 6214e9 | Time: 1230000 | Total Job: 41965 | End job: 21058 | Running job: 115 | Pending job: 0
2022 May 06 15:32:33 | SpawnPoolWorker-1 | 6214e9 | Time: 1260000 | Total Job: 41965 | End job: 21079 | Running job: 111 | Pending job: 0
2022 May 06 15:32:36 | SpawnPoolWorker-1 | 6214e9 | Time: 1290000 | Total Job: 41965 | End job: 21131 | Running job: 87 | Pending job: 0
2022 May 06 15:32:38 | SpawnPoolWorker-1 | 6214e9 | Time: 1320000 | Total Job: 41965 | End job: 21185 | Running job: 108 | Pending job: 0
2022 May 06 15:32:41 | SpawnPoolWorker-1 | 6214e9 | Time: 1350000 | Total Job: 41965 | End job: 21218 | Running job: 127 | Pending job: 0
2022 May 06 15:32:44 | SpawnPoolWorker-1 | 6214e9 | Time: 1380000 | Total Job: 41965 | End job: 21840 | Running job: 204 | Pending job: 0
2022 May 06 15:32:46 | SpawnPoolWorker-1 | 6214e9 | Time: 1410000 | Total Job: 41965 | End job: 22537 | Running job: 297 | Pending job: 0
2022 May 06 15:32:51 | SpawnPoolWorker-1 | 6214e9 | Time: 1440000 | Total Job: 41965 | End job: 23577 | Running job: 273 | Pending job: 0
2022 May 06 15:32:53 | SpawnPoolWorker-1 | 6214e9 | Time: 1470000 | Total Job: 41965 | End job: 23863 | Running job: 135 | Pending job: 0
2022 May 06 15:32:55 | SpawnPoolWorker-1 | 6214e9 | Time: 1500000 | Total Job: 41965 | End job: 23915 | Running job: 134 | Pending job: 0
2022 May 06 15:32:58 | SpawnPoolWorker-1 | 6214e9 | Time: 1530000 | Total Job: 41965 | End job: 23933 | Running job: 134 | Pending job: 0
2022 May 06 15:33:00 | SpawnPoolWorker-1 | 6214e9 | Time: 1560000 | Total Job: 41965 | End job: 24041 | Running job: 121 | Pending job: 0
2022 May 06 15:33:02 | SpawnPoolWorker-1 | 6214e9 | Time: 1590000 | Total Job: 41965 | End job: 24103 | Running job: 116 | Pending job: 0
2022 May 06 15:33:03 | SpawnPoolWorker-1 | 6214e9 | Time: 1620000 | Total Job: 41965 | End job: 24128 | Running job: 115 | Pending job: 0
2022 May 06 15:33:05 | SpawnPoolWorker-1 | 6214e9 | Time: 1650000 | Total Job: 41965 | End job: 24177 | Running job: 129 | Pending job: 0
2022 May 06 15:33:07 | SpawnPoolWorker-1 | 6214e9 | Time: 1680000 | Total Job: 41965 | End job: 24216 | Running job: 138 | Pending job: 0
2022 May 06 15:33:09 | SpawnPoolWorker-1 | 6214e9 | Time: 1710000 | Total Job: 41965 | End job: 24230 | Running job: 136 | Pending job: 0
2022 May 06 15:33:10 | SpawnPoolWorker-1 | 6214e9 | Time: 1740000 | Total Job: 41965 | End job: 24268 | Running job: 132 | Pending job: 0
2022 May 06 15:33:12 | SpawnPoolWorker-1 | 6214e9 | Time: 1770000 | Total Job: 41965 | End job: 24277 | Running job: 140 | Pending job: 0
2022 May 06 15:33:14 | SpawnPoolWorker-1 | 6214e9 | Time: 1800000 | Total Job: 41965 | End job: 24282 | Running job: 143 | Pending job: 0
2022 May 06 15:33:15 | SpawnPoolWorker-1 | 6214e9 | Time: 1830000 | Total Job: 41965 | End job: 24288 | Running job: 139 | Pending job: 0
2022 May 06 15:33:17 | SpawnPoolWorker-1 | 6214e9 | Time: 1860000 | Total Job: 41965 | End job: 24310 | Running job: 131 | Pending job: 0
2022 May 06 15:33:19 | SpawnPoolWorker-1 | 6214e9 | Time: 1890000 | Total Job: 41965 | End job: 24328 | Running job: 133 | Pending job: 0
2022 May 06 15:33:20 | SpawnPoolWorker-1 | 6214e9 | Time: 1920000 | Total Job: 41965 | End job: 24359 | Running job: 133 | Pending job: 0
2022 May 06 15:33:22 | SpawnPoolWorker-1 | 6214e9 | Time: 1950000 | Total Job: 41965 | End job: 24442 | Running job: 96 | Pending job: 0
2022 May 06 15:33:24 | SpawnPoolWorker-1 | 6214e9 | Time: 1980000 | Total Job: 41965 | End job: 24475 | Running job: 85 | Pending job: 0
2022 May 06 15:33:25 | SpawnPoolWorker-1 | 6214e9 | Time: 2010000 | Total Job: 41965 | End job: 24521 | Running job: 89 | Pending job: 0
2022 May 06 15:33:27 | SpawnPoolWorker-1 | 6214e9 | Time: 2040000 | Total Job: 41965 | End job: 24556 | Running job: 93 | Pending job: 0
2022 May 06 15:33:29 | SpawnPoolWorker-1 | 6214e9 | Time: 2070000 | Total Job: 41965 | End job: 24582 | Running job: 96 | Pending job: 0
2022 May 06 15:33:30 | SpawnPoolWorker-1 | 6214e9 | Time: 2100000 | Total Job: 41965 | End job: 24653 | Running job: 116 | Pending job: 0
2022 May 06 15:33:32 | SpawnPoolWorker-1 | 6214e9 | Time: 2130000 | Total Job: 41965 | End job: 24671 | Running job: 118 | Pending job: 0
2022 May 06 15:33:34 | SpawnPoolWorker-1 | 6214e9 | Time: 2160000 | Total Job: 41965 | End job: 24721 | Running job: 90 | Pending job: 0
2022 May 06 15:33:35 | SpawnPoolWorker-1 | 6214e9 | Time: 2190000 | Total Job: 41965 | End job: 25178 | Running job: 120 | Pending job: 0
2022 May 06 15:33:37 | SpawnPoolWorker-1 | 6214e9 | Time: 2220000 | Total Job: 41965 | End job: 25328 | Running job: 122 | Pending job: 0
2022 May 06 15:33:39 | SpawnPoolWorker-1 | 6214e9 | Time: 2250000 | Total Job: 41965 | End job: 25467 | Running job: 125 | Pending job: 0
2022 May 06 15:33:40 | SpawnPoolWorker-1 | 6214e9 | Time: 2280000 | Total Job: 41965 | End job: 25610 | Running job: 111 | Pending job: 0
2022 May 06 15:33:42 | SpawnPoolWorker-1 | 6214e9 | Time: 2310000 | Total Job: 41965 | End job: 25629 | Running job: 105 | Pending job: 0
2022 May 06 15:33:43 | SpawnPoolWorker-1 | 6214e9 | Time: 2340000 | Total Job: 41965 | End job: 25649 | Running job: 106 | Pending job: 0
2022 May 06 15:33:45 | SpawnPoolWorker-1 | 6214e9 | Time: 2370000 | Total Job: 41965 | End job: 25768 | Running job: 116 | Pending job: 0
2022 May 06 15:33:46 | SpawnPoolWorker-1 | 6214e9 | Time: 2400000 | Total Job: 41965 | End job: 25777 | Running job: 110 | Pending job: 0
2022 May 06 15:33:48 | SpawnPoolWorker-1 | 6214e9 | Time: 2430000 | Total Job: 41965 | End job: 25808 | Running job: 104 | Pending job: 0
2022 May 06 15:33:49 | SpawnPoolWorker-1 | 6214e9 | Time: 2460000 | Total Job: 41965 | End job: 25815 | Running job: 102 | Pending job: 0
2022 May 06 15:33:51 | SpawnPoolWorker-1 | 6214e9 | Time: 2490000 | Total Job: 41965 | End job: 25815 | Running job: 102 | Pending job: 0
2022 May 06 15:33:53 | SpawnPoolWorker-1 | 6214e9 | Time: 2520000 | Total Job: 41965 | End job: 25838 | Running job: 103 | Pending job: 0
2022 May 06 15:33:54 | SpawnPoolWorker-1 | 6214e9 | Time: 2550000 | Total Job: 41965 | End job: 25868 | Running job: 104 | Pending job: 0
2022 May 06 15:33:55 | SpawnPoolWorker-1 | 6214e9 | Time: 2580000 | Total Job: 41965 | End job: 25880 | Running job: 98 | Pending job: 0
2022 May 06 15:33:57 | SpawnPoolWorker-1 | 6214e9 | Time: 2610000 | Total Job: 41965 | End job: 25907 | Running job: 111 | Pending job: 0
2022 May 06 15:33:58 | SpawnPoolWorker-1 | 6214e9 | Time: 2640000 | Total Job: 41965 | End job: 25912 | Running job: 108 | Pending job: 0
2022 May 06 15:34:00 | SpawnPoolWorker-1 | 6214e9 | Time: 2670000 | Total Job: 41965 | End job: 25937 | Running job: 108 | Pending job: 0
2022 May 06 15:34:01 | SpawnPoolWorker-1 | 6214e9 | Time: 2700000 | Total Job: 41965 | End job: 25970 | Running job: 136 | Pending job: 0
2022 May 06 15:34:03 | SpawnPoolWorker-1 | 6214e9 | Time: 2730000 | Total Job: 41965 | End job: 26027 | Running job: 108 | Pending job: 0
2022 May 06 15:34:04 | SpawnPoolWorker-1 | 6214e9 | Time: 2760000 | Total Job: 41965 | End job: 26369 | Running job: 116 | Pending job: 0
2022 May 06 15:34:06 | SpawnPoolWorker-1 | 6214e9 | Time: 2790000 | Total Job: 41965 | End job: 26671 | Running job: 126 | Pending job: 0
2022 May 06 15:34:08 | SpawnPoolWorker-1 | 6214e9 | Time: 2820000 | Total Job: 41965 | End job: 26693 | Running job: 125 | Pending job: 0
2022 May 06 15:34:10 | SpawnPoolWorker-1 | 6214e9 | Time: 2850000 | Total Job: 41965 | End job: 26804 | Running job: 126 | Pending job: 0
2022 May 06 15:34:12 | SpawnPoolWorker-1 | 6214e9 | Time: 2880000 | Total Job: 41965 | End job: 26836 | Running job: 126 | Pending job: 0
2022 May 06 15:34:13 | SpawnPoolWorker-1 | 6214e9 | Time: 2910000 | Total Job: 41965 | End job: 26878 | Running job: 139 | Pending job: 0
2022 May 06 15:34:15 | SpawnPoolWorker-1 | 6214e9 | Time: 2940000 | Total Job: 41965 | End job: 27024 | Running job: 141 | Pending job: 0
2022 May 06 15:34:17 | SpawnPoolWorker-1 | 6214e9 | Time: 2970000 | Total Job: 41965 | End job: 27055 | Running job: 137 | Pending job: 0
2022 May 06 15:34:19 | SpawnPoolWorker-1 | 6214e9 | Time: 3000000 | Total Job: 41965 | End job: 27067 | Running job: 130 | Pending job: 0
2022 May 06 15:34:21 | SpawnPoolWorker-1 | 6214e9 | Time: 3030000 | Total Job: 41965 | End job: 27095 | Running job: 131 | Pending job: 0
2022 May 06 15:34:22 | SpawnPoolWorker-1 | 6214e9 | Time: 3060000 | Total Job: 41965 | End job: 27125 | Running job: 138 | Pending job: 0
2022 May 06 15:34:24 | SpawnPoolWorker-1 | 6214e9 | Time: 3090000 | Total Job: 41965 | End job: 27134 | Running job: 133 | Pending job: 0
2022 May 06 15:34:26 | SpawnPoolWorker-1 | 6214e9 | Time: 3120000 | Total Job: 41965 | End job: 27151 | Running job: 135 | Pending job: 0
2022 May 06 15:34:28 | SpawnPoolWorker-1 | 6214e9 | Time: 3150000 | Total Job: 41965 | End job: 27191 | Running job: 158 | Pending job: 0
2022 May 06 15:34:29 | SpawnPoolWorker-1 | 6214e9 | Time: 3180000 | Total Job: 41965 | End job: 27228 | Running job: 149 | Pending job: 0
2022 May 06 15:34:31 | SpawnPoolWorker-1 | 6214e9 | Time: 3210000 | Total Job: 41965 | End job: 27291 | Running job: 147 | Pending job: 0
2022 May 06 15:34:32 | SpawnPoolWorker-1 | 6214e9 | Time: 3240000 | Total Job: 41965 | End job: 27339 | Running job: 217 | Pending job: 43
2022 May 06 15:34:34 | SpawnPoolWorker-1 | 6214e9 | Time: 3270000 | Total Job: 41965 | End job: 27464 | Running job: 169 | Pending job: 0
2022 May 06 15:34:36 | SpawnPoolWorker-1 | 6214e9 | Time: 3300000 | Total Job: 41965 | End job: 27947 | Running job: 176 | Pending job: 0
2022 May 06 15:34:37 | SpawnPoolWorker-1 | 6214e9 | Time: 3330000 | Total Job: 41965 | End job: 28009 | Running job: 150 | Pending job: 0
2022 May 06 15:34:39 | SpawnPoolWorker-1 | 6214e9 | Time: 3360000 | Total Job: 41965 | End job: 28339 | Running job: 192 | Pending job: 2
2022 May 06 15:34:41 | SpawnPoolWorker-1 | 6214e9 | Time: 3390000 | Total Job: 41965 | End job: 28431 | Running job: 170 | Pending job: 3
2022 May 06 15:34:43 | SpawnPoolWorker-1 | 6214e9 | Time: 3420000 | Total Job: 41965 | End job: 28543 | Running job: 214 | Pending job: 152
2022 May 06 15:34:46 | SpawnPoolWorker-1 | 6214e9 | Time: 3450000 | Total Job: 41965 | End job: 28883 | Running job: 236 | Pending job: 143
2022 May 06 15:34:49 | SpawnPoolWorker-1 | 6214e9 | Time: 3480000 | Total Job: 41965 | End job: 29150 | Running job: 174 | Pending job: 392
2022 May 06 15:34:57 | SpawnPoolWorker-1 | 6214e9 | Time: 3510000 | Total Job: 41965 | End job: 30456 | Running job: 256 | Pending job: 473
2022 May 06 15:35:02 | SpawnPoolWorker-1 | 6214e9 | Time: 3540000 | Total Job: 41965 | End job: 30766 | Running job: 173 | Pending job: 961
2022 May 06 15:35:04 | SpawnPoolWorker-1 | 6214e9 | Time: 3570000 | Total Job: 41965 | End job: 31145 | Running job: 290 | Pending job: 577
2022 May 06 15:35:05 | SpawnPoolWorker-1 | 6214e9 | Time: 3600000 | Total Job: 41965 | End job: 31403 | Running job: 283 | Pending job: 340
2022 May 06 15:35:06 | SpawnPoolWorker-1 | 6214e9 | Time: 3630000 | Total Job: 41965 | End job: 31672 | Running job: 241 | Pending job: 141
2022 May 06 15:35:09 | SpawnPoolWorker-1 | 6214e9 | Time: 3660000 | Total Job: 41965 | End job: 32370 | Running job: 192 | Pending job: 71
2022 May 06 15:35:10 | SpawnPoolWorker-1 | 6214e9 | Time: 3690000 | Total Job: 41965 | End job: 32434 | Running job: 177 | Pending job: 23
2022 May 06 15:35:11 | SpawnPoolWorker-1 | 6214e9 | Time: 3720000 | Total Job: 41965 | End job: 32471 | Running job: 160 | Pending job: 28
2022 May 06 15:35:21 | SpawnPoolWorker-1 | 6214e9 | Time: 3750000 | Total Job: 41965 | End job: 33581 | Running job: 170 | Pending job: 1074
2022 May 06 15:35:22 | SpawnPoolWorker-1 | 6214e9 | Time: 3780000 | Total Job: 41965 | End job: 34050 | Running job: 253 | Pending job: 577
2022 May 06 15:35:24 | SpawnPoolWorker-1 | 6214e9 | Time: 3810000 | Total Job: 41965 | End job: 34261 | Running job: 262 | Pending job: 663
2022 May 06 15:35:25 | SpawnPoolWorker-1 | 6214e9 | Time: 3840000 | Total Job: 41965 | End job: 34762 | Running job: 224 | Pending job: 276
2022 May 06 15:35:26 | SpawnPoolWorker-1 | 6214e9 | Time: 3870000 | Total Job: 41965 | End job: 35043 | Running job: 191 | Pending job: 64
2022 May 06 15:35:27 | SpawnPoolWorker-1 | 6214e9 | Time: 3900000 | Total Job: 41965 | End job: 35186 | Running job: 171 | Pending job: 41
2022 May 06 15:35:29 | SpawnPoolWorker-1 | 6214e9 | Time: 3930000 | Total Job: 41965 | End job: 35453 | Running job: 160 | Pending job: 31
2022 May 06 15:35:30 | SpawnPoolWorker-1 | 6214e9 | Time: 3960000 | Total Job: 41965 | End job: 35505 | Running job: 177 | Pending job: 11
2022 May 06 15:35:32 | SpawnPoolWorker-1 | 6214e9 | Time: 3990000 | Total Job: 41965 | End job: 35821 | Running job: 214 | Pending job: 177
2022 May 06 15:35:38 | SpawnPoolWorker-1 | 6214e9 | Time: 4020000 | Total Job: 41965 | End job: 36225 | Running job: 157 | Pending job: 1018
2022 May 06 15:35:39 | SpawnPoolWorker-1 | 6214e9 | Time: 4050000 | Total Job: 41965 | End job: 36231 | Running job: 152 | Pending job: 1050
2022 May 06 15:35:40 | SpawnPoolWorker-1 | 6214e9 | Time: 4080000 | Total Job: 41965 | End job: 36238 | Running job: 147 | Pending job: 1167
2022 May 06 15:35:41 | SpawnPoolWorker-1 | 6214e9 | Time: 4110000 | Total Job: 41965 | End job: 36446 | Running job: 148 | Pending job: 1084
2022 May 06 15:35:42 | SpawnPoolWorker-1 | 6214e9 | Time: 4140000 | Total Job: 41965 | End job: 37478 | Running job: 171 | Pending job: 90
2022 May 06 15:35:43 | SpawnPoolWorker-1 | 6214e9 | Time: 4170000 | Total Job: 41965 | End job: 37596 | Running job: 179 | Pending job: 51
2022 May 06 15:35:43 | SpawnPoolWorker-1 | 6214e9 | Time: 4200000 | Total Job: 41965 | End job: 37637 | Running job: 185 | Pending job: 20
2022 May 06 15:35:44 | SpawnPoolWorker-1 | 6214e9 | Time: 4230000 | Total Job: 41965 | End job: 37654 | Running job: 174 | Pending job: 14
2022 May 06 15:35:44 | SpawnPoolWorker-1 | 6214e9 | Time: 4260000 | Total Job: 41965 | End job: 37664 | Running job: 166 | Pending job: 12
2022 May 06 15:35:45 | SpawnPoolWorker-1 | 6214e9 | Time: 4290000 | Total Job: 41965 | End job: 37667 | Running job: 168 | Pending job: 7
2022 May 06 15:35:45 | SpawnPoolWorker-1 | 6214e9 | Time: 4320000 | Total Job: 41965 | End job: 37704 | Running job: 138 | Pending job: 0
2022 May 06 15:35:46 | SpawnPoolWorker-1 | 6214e9 | Time: 4350000 | Total Job: 41965 | End job: 37716 | Running job: 129 | Pending job: 0
2022 May 06 15:35:46 | SpawnPoolWorker-1 | 6214e9 | Time: 4380000 | Total Job: 41965 | End job: 37728 | Running job: 117 | Pending job: 0
2022 May 06 15:35:47 | SpawnPoolWorker-1 | 6214e9 | Time: 4410000 | Total Job: 41965 | End job: 37915 | Running job: 130 | Pending job: 0
2022 May 06 15:35:47 | SpawnPoolWorker-1 | 6214e9 | Time: 4440000 | Total Job: 41965 | End job: 38016 | Running job: 150 | Pending job: 0
2022 May 06 15:35:47 | SpawnPoolWorker-1 | 6214e9 | Time: 4470000 | Total Job: 41965 | End job: 38073 | Running job: 138 | Pending job: 0
2022 May 06 15:35:48 | SpawnPoolWorker-1 | 6214e9 | Time: 4500000 | Total Job: 41965 | End job: 38228 | Running job: 259 | Pending job: 23
2022 May 06 15:35:48 | SpawnPoolWorker-1 | 6214e9 | Time: 4530000 | Total Job: 41965 | End job: 38476 | Running job: 151 | Pending job: 0
2022 May 06 15:35:52 | SpawnPoolWorker-1 | 6214e9 | Time: 4560000 | Total Job: 41965 | End job: 38795 | Running job: 281 | Pending job: 446
2022 May 06 15:35:55 | SpawnPoolWorker-1 | 6214e9 | Time: 4590000 | Total Job: 41965 | End job: 39488 | Running job: 269 | Pending job: 145
2022 May 06 15:35:56 | SpawnPoolWorker-1 | 6214e9 | Time: 4620000 | Total Job: 41965 | End job: 40017 | Running job: 172 | Pending job: 13
2022 May 06 15:35:56 | SpawnPoolWorker-1 | 6214e9 | Time: 4650000 | Total Job: 41965 | End job: 40120 | Running job: 153 | Pending job: 0
2022 May 06 15:35:57 | SpawnPoolWorker-1 | 6214e9 | Time: 4680000 | Total Job: 41965 | End job: 40166 | Running job: 154 | Pending job: 0
2022 May 06 15:35:57 | SpawnPoolWorker-1 | 6214e9 | Time: 4710000 | Total Job: 41965 | End job: 40203 | Running job: 137 | Pending job: 0
2022 May 06 15:35:57 | SpawnPoolWorker-1 | 6214e9 | Time: 4740000 | Total Job: 41965 | End job: 40209 | Running job: 138 | Pending job: 0
2022 May 06 15:35:57 | SpawnPoolWorker-1 | 6214e9 | Time: 4770000 | Total Job: 41965 | End job: 40234 | Running job: 135 | Pending job: 0
2022 May 06 15:35:57 | SpawnPoolWorker-1 | 6214e9 | Time: 4800000 | Total Job: 41965 | End job: 40247 | Running job: 140 | Pending job: 0
2022 May 06 15:35:58 | SpawnPoolWorker-1 | 6214e9 | Time: 4830000 | Total Job: 41965 | End job: 40258 | Running job: 137 | Pending job: 0
2022 May 06 15:35:58 | SpawnPoolWorker-1 | 6214e9 | Time: 4860000 | Total Job: 41965 | End job: 40264 | Running job: 137 | Pending job: 0
2022 May 06 15:35:58 | SpawnPoolWorker-1 | 6214e9 | Time: 4890000 | Total Job: 41965 | End job: 40274 | Running job: 129 | Pending job: 0
2022 May 06 15:35:58 | SpawnPoolWorker-1 | 6214e9 | Time: 4920000 | Total Job: 41965 | End job: 40294 | Running job: 127 | Pending job: 0
2022 May 06 15:35:58 | SpawnPoolWorker-1 | 6214e9 | Time: 4950000 | Total Job: 41965 | End job: 40324 | Running job: 139 | Pending job: 0
2022 May 06 15:35:58 | SpawnPoolWorker-1 | 6214e9 | Time: 4980000 | Total Job: 41965 | End job: 40339 | Running job: 134 | Pending job: 0
2022 May 06 15:35:58 | SpawnPoolWorker-1 | 6214e9 | Time: 5010000 | Total Job: 41965 | End job: 40370 | Running job: 153 | Pending job: 0
2022 May 06 15:35:59 | SpawnPoolWorker-1 | 6214e9 | Time: 5040000 | Total Job: 41965 | End job: 40404 | Running job: 160 | Pending job: 0
2022 May 06 15:35:59 | SpawnPoolWorker-1 | 6214e9 | Time: 5070000 | Total Job: 41965 | End job: 40465 | Running job: 171 | Pending job: 0
2022 May 06 15:36:02 | SpawnPoolWorker-1 | 6214e9 | Time: 5100000 | Total Job: 41965 | End job: 40868 | Running job: 257 | Pending job: 511
2022 May 06 15:36:03 | SpawnPoolWorker-1 | 6214e9 | Time: 5130000 | Total Job: 41965 | End job: 41355 | Running job: 198 | Pending job: 206
2022 May 06 15:36:03 | SpawnPoolWorker-1 | 6214e9 | Time: 5160000 | Total Job: 41965 | End job: 41542 | Running job: 169 | Pending job: 56
2022 May 06 15:36:03 | SpawnPoolWorker-1 | 6214e9 | Time: 5190000 | Total Job: 41965 | End job: 41665 | Running job: 153 | Pending job: 0
2022 May 06 15:36:03 | SpawnPoolWorker-1 | 6214e9 | Time: 5220000 | Total Job: 41965 | End job: 41743 | Running job: 146 | Pending job: 0
2022 May 06 15:36:03 | SpawnPoolWorker-1 | 6214e9 | Time: 5250000 | Total Job: 41965 | End job: 41790 | Running job: 133 | Pending job: 0
2022 May 06 15:36:03 | SpawnPoolWorker-1 | 6214e9 | Time: 5280000 | Total Job: 41965 | End job: 41832 | Running job: 133 | Pending job: 0
2022 May 06 15:36:03 | SpawnPoolWorker-1 | 6214e9 | Time: 5310000 | Total Job: 41965 | End job: 41848 | Running job: 117 | Pending job: 0
2022 May 06 15:36:03 | SpawnPoolWorker-1 | 6214e9 | Time: 5340000 | Total Job: 41965 | End job: 41876 | Running job: 89 | Pending job: 0
2022 May 06 15:36:03 | SpawnPoolWorker-1 | 6214e9 | Time: 5370000 | Total Job: 41965 | End job: 41908 | Running job: 57 | Pending job: 0
2022 May 06 15:36:03 | SpawnPoolWorker-1 | 6214e9 | Time: 5400000 | Total Job: 41965 | End job: 41917 | Running job: 48 | Pending job: 0
2022 May 06 15:36:03 | SpawnPoolWorker-1 | 6214e9 | Time: 5430000 | Total Job: 41965 | End job: 41923 | Running job: 42 | Pending job: 0
2022 May 06 15:36:03 | SpawnPoolWorker-1 | 6214e9 | Time: 5460000 | Total Job: 41965 | End job: 41926 | Running job: 39 | Pending job: 0
2022 May 06 15:36:03 | SpawnPoolWorker-1 | 6214e9 | Time: 5490000 | Total Job: 41965 | End job: 41928 | Running job: 37 | Pending job: 0
2022 May 06 15:36:03 | SpawnPoolWorker-1 | 6214e9 | Time: 5520000 | Total Job: 41965 | End job: 41931 | Running job: 34 | Pending job: 0
2022 May 06 15:36:03 | SpawnPoolWorker-1 | 6214e9 | Time: 5550000 | Total Job: 41965 | End job: 41932 | Running job: 33 | Pending job: 0
2022 May 06 15:36:03 | SpawnPoolWorker-1 | 6214e9 | Time: 5580000 | Total Job: 41965 | End job: 41932 | Running job: 33 | Pending job: 0
2022 May 06 15:36:03 | SpawnPoolWorker-1 | 6214e9 | Time: 5610000 | Total Job: 41965 | End job: 41935 | Running job: 30 | Pending job: 0
2022 May 06 15:36:03 | SpawnPoolWorker-1 | 6214e9 | Time: 5640000 | Total Job: 41965 | End job: 41937 | Running job: 28 | Pending job: 0
2022 May 06 15:36:03 | SpawnPoolWorker-1 | 6214e9 | Time: 5670000 | Total Job: 41965 | End job: 41938 | Running job: 27 | Pending job: 0
2022 May 06 15:36:03 | SpawnPoolWorker-1 | 6214e9 | Time: 5700000 | Total Job: 41965 | End job: 41941 | Running job: 24 | Pending job: 0
2022 May 06 15:36:03 | SpawnPoolWorker-1 | 6214e9 | Time: 5730000 | Total Job: 41965 | End job: 41942 | Running job: 23 | Pending job: 0
2022 May 06 15:36:03 | SpawnPoolWorker-1 | 6214e9 | Time: 5760000 | Total Job: 41965 | End job: 41944 | Running job: 21 | Pending job: 0
2022 May 06 15:36:03 | SpawnPoolWorker-1 | 6214e9 | Time: 5790000 | Total Job: 41965 | End job: 41944 | Running job: 21 | Pending job: 0
2022 May 06 15:36:03 | SpawnPoolWorker-1 | 6214e9 | Time: 5820000 | Total Job: 41965 | End job: 41945 | Running job: 20 | Pending job: 0
2022 May 06 15:36:03 | SpawnPoolWorker-1 | 6214e9 | Time: 5850000 | Total Job: 41965 | End job: 41945 | Running job: 20 | Pending job: 0
2022 May 06 15:36:03 | SpawnPoolWorker-1 | 6214e9 | Time: 5880000 | Total Job: 41965 | End job: 41945 | Running job: 20 | Pending job: 0
2022 May 06 15:36:03 | SpawnPoolWorker-1 | 6214e9 | Time: 5910000 | Total Job: 41965 | End job: 41947 | Running job: 18 | Pending job: 0
2022 May 06 15:36:03 | SpawnPoolWorker-1 | 6214e9 | Time: 5940000 | Total Job: 41965 | End job: 41950 | Running job: 15 | Pending job: 0
2022 May 06 15:36:03 | SpawnPoolWorker-1 | 6214e9 | Time: 5970000 | Total Job: 41965 | End job: 41950 | Running job: 15 | Pending job: 0
2022 May 06 15:36:03 | SpawnPoolWorker-1 | 6214e9 | Time: 6000000 | Total Job: 41965 | End job: 41951 | Running job: 14 | Pending job: 0
2022 May 06 15:36:03 | SpawnPoolWorker-1 | 6214e9 | Time: 6030000 | Total Job: 41965 | End job: 41954 | Running job: 11 | Pending job: 0
2022 May 06 15:36:04 | SpawnPoolWorker-1 | 6214e9 | Time: 6060000 | Total Job: 41965 | End job: 41954 | Running job: 11 | Pending job: 0
2022 May 06 15:36:04 | SpawnPoolWorker-1 | 6214e9 | Time: 6090000 | Total Job: 41965 | End job: 41955 | Running job: 10 | Pending job: 0
2022 May 06 15:36:04 | SpawnPoolWorker-1 | 6214e9 | Time: 6120000 | Total Job: 41965 | End job: 41955 | Running job: 10 | Pending job: 0
2022 May 06 15:36:04 | SpawnPoolWorker-1 | 6214e9 | Time: 6150000 | Total Job: 41965 | End job: 41957 | Running job: 8 | Pending job: 0
2022 May 06 15:36:04 | SpawnPoolWorker-1 | 6214e9 | Time: 6180000 | Total Job: 41965 | End job: 41958 | Running job: 7 | Pending job: 0
2022 May 06 15:36:04 | SpawnPoolWorker-1 | 6214e9 | Time: 6210000 | Total Job: 41965 | End job: 41959 | Running job: 6 | Pending job: 0
2022 May 06 15:36:04 | SpawnPoolWorker-1 | 6214e9 | Time: 6240000 | Total Job: 41965 | End job: 41959 | Running job: 6 | Pending job: 0
2022 May 06 15:36:04 | SpawnPoolWorker-1 | 6214e9 | Time: 6270000 | Total Job: 41965 | End job: 41960 | Running job: 5 | Pending job: 0
2022 May 06 15:36:04 | SpawnPoolWorker-1 | 6214e9 | Time: 6300000 | Total Job: 41965 | End job: 41960 | Running job: 5 | Pending job: 0
2022 May 06 15:36:04 | SpawnPoolWorker-1 | 6214e9 | Time: 6330000 | Total Job: 41965 | End job: 41962 | Running job: 3 | Pending job: 0
2022 May 06 15:36:04 | SpawnPoolWorker-1 | 6214e9 | Time: 6360000 | Total Job: 41965 | End job: 41962 | Running job: 3 | Pending job: 0
2022 May 06 15:36:04 | SpawnPoolWorker-1 | 6214e9 | Time: 6390000 | Total Job: 41965 | End job: 41963 | Running job: 2 | Pending job: 0
2022 May 06 15:36:04 | SpawnPoolWorker-1 | 6214e9 | Time: 6420000 | Total Job: 41965 | End job: 41963 | Running job: 2 | Pending job: 0
2022 May 06 15:36:04 | SpawnPoolWorker-1 | 6214e9 | Time: 6450000 | Total Job: 41965 | End job: 41964 | Running job: 1 | Pending job: 0
2022 May 06 15:36:04 | SpawnPoolWorker-1 | 6214e9 | Time: 6480000 | Total Job: 41965 | End job: 41964 | Running job: 1 | Pending job: 0
2022 May 06 15:36:04 | SpawnPoolWorker-1 | 6214e9 | Time: 6510000 | Total Job: 41965 | End job: 41964 | Running job: 1 | Pending job: 0
2022 May 06 15:36:04 | SpawnPoolWorker-1 | 6214e9 | Average JCT: 28213.34 | Average Queue: 9370.63
2022 May 06 15:36:05 | SpawnPoolWorker-1 | Finish 6214e9
2022 May 06 15:36:05 | SpawnPoolWorker-1 | begin to save
2022 May 06 15:36:05 | SpawnPoolWorker-1 | saved successfully
