2022 May 06 15:28:41 | SpawnPoolWorker-5 | ee9e8c | Time: 0 | Total Job: 4247 | End job: 0 | Running job: 0 | Pending job: 0
2022 May 06 15:28:43 | SpawnPoolWorker-5 | ee9e8c | Time: 30000 | Total Job: 4247 | End job: 4 | Running job: 3 | Pending job: 0
2022 May 06 15:28:45 | SpawnPoolWorker-5 | ee9e8c | Time: 60000 | Total Job: 4247 | End job: 6 | Running job: 2 | Pending job: 0
2022 May 06 15:28:46 | SpawnPoolWorker-5 | ee9e8c | Time: 90000 | Total Job: 4247 | End job: 18 | Running job: 3 | Pending job: 0
2022 May 06 15:28:48 | SpawnPoolWorker-5 | ee9e8c | Time: 120000 | Total Job: 4247 | End job: 20 | Running job: 11 | Pending job: 0
2022 May 06 15:28:50 | SpawnPoolWorker-5 | ee9e8c | Time: 150000 | Total Job: 4247 | End job: 23 | Running job: 13 | Pending job: 0
2022 May 06 15:28:52 | SpawnPoolWorker-5 | ee9e8c | Time: 180000 | Total Job: 4247 | End job: 133 | Running job: 35 | Pending job: 0
2022 May 06 15:28:53 | SpawnPoolWorker-5 | ee9e8c | Time: 210000 | Total Job: 4247 | End job: 169 | Running job: 18 | Pending job: 0
2022 May 06 15:28:55 | SpawnPoolWorker-5 | ee9e8c | Time: 240000 | Total Job: 4247 | End job: 175 | Running job: 16 | Pending job: 0
2022 May 06 15:28:56 | SpawnPoolWorker-5 | ee9e8c | Time: 270000 | Total Job: 4247 | End job: 179 | Running job: 121 | Pending job: 0
2022 May 06 15:28:58 | SpawnPoolWorker-5 | ee9e8c | Time: 300000 | Total Job: 4247 | End job: 187 | Running job: 124 | Pending job: 0
2022 May 06 15:29:00 | SpawnPoolWorker-5 | ee9e8c | Time: 330000 | Total Job: 4247 | End job: 190 | Running job: 124 | Pending job: 0
2022 May 06 15:29:01 | SpawnPoolWorker-5 | ee9e8c | Time: 360000 | Total Job: 4247 | End job: 197 | Running job: 124 | Pending job: 0
2022 May 06 15:29:03 | SpawnPoolWorker-5 | ee9e8c | Time: 390000 | Total Job: 4247 | End job: 200 | Running job: 125 | Pending job: 0
2022 May 06 15:29:04 | SpawnPoolWorker-5 | ee9e8c | Time: 420000 | Total Job: 4247 | End job: 215 | Running job: 127 | Pending job: 0
2022 May 06 15:29:06 | SpawnPoolWorker-5 | ee9e8c | Time: 450000 | Total Job: 4247 | End job: 305 | Running job: 76 | Pending job: 0
2022 May 06 15:29:07 | SpawnPoolWorker-5 | ee9e8c | Time: 480000 | Total Job: 4247 | End job: 314 | Running job: 76 | Pending job: 0
2022 May 06 15:29:09 | SpawnPoolWorker-5 | ee9e8c | Time: 510000 | Total Job: 4247 | End job: 345 | Running job: 79 | Pending job: 0
2022 May 06 15:29:10 | SpawnPoolWorker-5 | ee9e8c | Time: 540000 | Total Job: 4247 | End job: 372 | Running job: 85 | Pending job: 0
2022 May 06 15:29:11 | SpawnPoolWorker-5 | ee9e8c | Time: 570000 | Total Job: 4247 | End job: 405 | Running job: 84 | Pending job: 0
2022 May 06 15:29:12 | SpawnPoolWorker-5 | ee9e8c | Time: 600000 | Total Job: 4247 | End job: 445 | Running job: 80 | Pending job: 0
2022 May 06 15:29:13 | SpawnPoolWorker-5 | ee9e8c | Time: 630000 | Total Job: 4247 | End job: 451 | Running job: 77 | Pending job: 0
2022 May 06 15:29:14 | SpawnPoolWorker-5 | ee9e8c | Time: 660000 | Total Job: 4247 | End job: 455 | Running job: 73 | Pending job: 0
2022 May 06 15:29:14 | SpawnPoolWorker-5 | ee9e8c | Time: 690000 | Total Job: 4247 | End job: 463 | Running job: 65 | Pending job: 0
2022 May 06 15:29:15 | SpawnPoolWorker-5 | ee9e8c | Time: 720000 | Total Job: 4247 | End job: 483 | Running job: 74 | Pending job: 0
2022 May 06 15:29:16 | SpawnPoolWorker-5 | ee9e8c | Time: 750000 | Total Job: 4247 | End job: 497 | Running job: 75 | Pending job: 0
2022 May 06 15:29:17 | SpawnPoolWorker-5 | ee9e8c | Time: 780000 | Total Job: 4247 | End job: 526 | Running job: 75 | Pending job: 0
2022 May 06 15:29:18 | SpawnPoolWorker-5 | ee9e8c | Time: 810000 | Total Job: 4247 | End job: 548 | Running job: 85 | Pending job: 0
2022 May 06 15:29:18 | SpawnPoolWorker-5 | ee9e8c | Time: 840000 | Total Job: 4247 | End job: 565 | Running job: 77 | Pending job: 0
2022 May 06 15:29:19 | SpawnPoolWorker-5 | ee9e8c | Time: 870000 | Total Job: 4247 | End job: 592 | Running job: 65 | Pending job: 0
2022 May 06 15:29:20 | SpawnPoolWorker-5 | ee9e8c | Time: 900000 | Total Job: 4247 | End job: 606 | Running job: 81 | Pending job: 0
2022 May 06 15:29:20 | SpawnPoolWorker-5 | ee9e8c | Time: 930000 | Total Job: 4247 | End job: 613 | Running job: 82 | Pending job: 0
2022 May 06 15:29:21 | SpawnPoolWorker-5 | ee9e8c | Time: 960000 | Total Job: 4247 | End job: 641 | Running job: 80 | Pending job: 0
2022 May 06 15:29:22 | SpawnPoolWorker-5 | ee9e8c | Time: 990000 | Total Job: 4247 | End job: 660 | Running job: 89 | Pending job: 0
2022 May 06 15:29:22 | SpawnPoolWorker-5 | ee9e8c | Time: 1020000 | Total Job: 4247 | End job: 678 | Running job: 81 | Pending job: 0
2022 May 06 15:29:23 | SpawnPoolWorker-5 | ee9e8c | Time: 1050000 | Total Job: 4247 | End job: 705 | Running job: 79 | Pending job: 0
2022 May 06 15:29:24 | SpawnPoolWorker-5 | ee9e8c | Time: 1080000 | Total Job: 4247 | End job: 727 | Running job: 76 | Pending job: 0
2022 May 06 15:29:24 | SpawnPoolWorker-5 | ee9e8c | Time: 1110000 | Total Job: 4247 | End job: 766 | Running job: 69 | Pending job: 0
2022 May 06 15:29:25 | SpawnPoolWorker-5 | ee9e8c | Time: 1140000 | Total Job: 4247 | End job: 793 | Running job: 62 | Pending job: 0
2022 May 06 15:29:26 | SpawnPoolWorker-5 | ee9e8c | Time: 1170000 | Total Job: 4247 | End job: 799 | Running job: 58 | Pending job: 0
2022 May 06 15:29:26 | SpawnPoolWorker-5 | ee9e8c | Time: 1200000 | Total Job: 4247 | End job: 814 | Running job: 48 | Pending job: 0
2022 May 06 15:29:27 | SpawnPoolWorker-5 | ee9e8c | Time: 1230000 | Total Job: 4247 | End job: 825 | Running job: 58 | Pending job: 0
2022 May 06 15:29:28 | SpawnPoolWorker-5 | ee9e8c | Time: 1260000 | Total Job: 4247 | End job: 849 | Running job: 50 | Pending job: 0
2022 May 06 15:29:28 | SpawnPoolWorker-5 | ee9e8c | Time: 1290000 | Total Job: 4247 | End job: 885 | Running job: 22 | Pending job: 0
2022 May 06 15:29:29 | SpawnPoolWorker-5 | ee9e8c | Time: 1320000 | Total Job: 4247 | End job: 895 | Running job: 51 | Pending job: 0
2022 May 06 15:29:30 | SpawnPoolWorker-5 | ee9e8c | Time: 1350000 | Total Job: 4247 | End job: 914 | Running job: 65 | Pending job: 0
2022 May 06 15:29:30 | SpawnPoolWorker-5 | ee9e8c | Time: 1380000 | Total Job: 4247 | End job: 956 | Running job: 71 | Pending job: 0
2022 May 06 15:29:31 | SpawnPoolWorker-5 | ee9e8c | Time: 1410000 | Total Job: 4247 | End job: 998 | Running job: 78 | Pending job: 0
2022 May 06 15:29:31 | SpawnPoolWorker-5 | ee9e8c | Time: 1440000 | Total Job: 4247 | End job: 1032 | Running job: 55 | Pending job: 0
2022 May 06 15:29:32 | SpawnPoolWorker-5 | ee9e8c | Time: 1470000 | Total Job: 4247 | End job: 1083 | Running job: 63 | Pending job: 0
2022 May 06 15:29:33 | SpawnPoolWorker-5 | ee9e8c | Time: 1500000 | Total Job: 4247 | End job: 1108 | Running job: 61 | Pending job: 0
2022 May 06 15:29:33 | SpawnPoolWorker-5 | ee9e8c | Time: 1530000 | Total Job: 4247 | End job: 1129 | Running job: 52 | Pending job: 0
2022 May 06 15:29:34 | SpawnPoolWorker-5 | ee9e8c | Time: 1560000 | Total Job: 4247 | End job: 1165 | Running job: 45 | Pending job: 0
2022 May 06 15:29:34 | SpawnPoolWorker-5 | ee9e8c | Time: 1590000 | Total Job: 4247 | End job: 1206 | Running job: 50 | Pending job: 0
2022 May 06 15:29:35 | SpawnPoolWorker-5 | ee9e8c | Time: 1620000 | Total Job: 4247 | End job: 1222 | Running job: 56 | Pending job: 0
2022 May 06 15:29:36 | SpawnPoolWorker-5 | ee9e8c | Time: 1650000 | Total Job: 4247 | End job: 1248 | Running job: 84 | Pending job: 0
2022 May 06 15:29:36 | SpawnPoolWorker-5 | ee9e8c | Time: 1680000 | Total Job: 4247 | End job: 1273 | Running job: 79 | Pending job: 7
2022 May 06 15:29:37 | SpawnPoolWorker-5 | ee9e8c | Time: 1710000 | Total Job: 4247 | End job: 1291 | Running job: 75 | Pending job: 2
2022 May 06 15:29:37 | SpawnPoolWorker-5 | ee9e8c | Time: 1740000 | Total Job: 4247 | End job: 1319 | Running job: 73 | Pending job: 1
2022 May 06 15:29:38 | SpawnPoolWorker-5 | ee9e8c | Time: 1770000 | Total Job: 4247 | End job: 1338 | Running job: 131 | Pending job: 1
2022 May 06 15:29:38 | SpawnPoolWorker-5 | ee9e8c | Time: 1800000 | Total Job: 4247 | End job: 1345 | Running job: 128 | Pending job: 0
2022 May 06 15:29:39 | SpawnPoolWorker-5 | ee9e8c | Time: 1830000 | Total Job: 4247 | End job: 1361 | Running job: 126 | Pending job: 0
2022 May 06 15:29:39 | SpawnPoolWorker-5 | ee9e8c | Time: 1860000 | Total Job: 4247 | End job: 1386 | Running job: 124 | Pending job: 0
2022 May 06 15:29:40 | SpawnPoolWorker-5 | ee9e8c | Time: 1890000 | Total Job: 4247 | End job: 1407 | Running job: 124 | Pending job: 0
2022 May 06 15:29:40 | SpawnPoolWorker-5 | ee9e8c | Time: 1920000 | Total Job: 4247 | End job: 1443 | Running job: 116 | Pending job: 0
2022 May 06 15:29:41 | SpawnPoolWorker-5 | ee9e8c | Time: 1950000 | Total Job: 4247 | End job: 1582 | Running job: 137 | Pending job: 3
2022 May 06 15:29:41 | SpawnPoolWorker-5 | ee9e8c | Time: 1980000 | Total Job: 4247 | End job: 1620 | Running job: 127 | Pending job: 0
2022 May 06 15:29:42 | SpawnPoolWorker-5 | ee9e8c | Time: 2010000 | Total Job: 4247 | End job: 1661 | Running job: 123 | Pending job: 0
2022 May 06 15:29:42 | SpawnPoolWorker-5 | ee9e8c | Time: 2040000 | Total Job: 4247 | End job: 1691 | Running job: 115 | Pending job: 0
2022 May 06 15:29:42 | SpawnPoolWorker-5 | ee9e8c | Time: 2070000 | Total Job: 4247 | End job: 1715 | Running job: 121 | Pending job: 0
2022 May 06 15:29:43 | SpawnPoolWorker-5 | ee9e8c | Time: 2100000 | Total Job: 4247 | End job: 1745 | Running job: 127 | Pending job: 0
2022 May 06 15:29:43 | SpawnPoolWorker-5 | ee9e8c | Time: 2130000 | Total Job: 4247 | End job: 1770 | Running job: 116 | Pending job: 0
2022 May 06 15:29:43 | SpawnPoolWorker-5 | ee9e8c | Time: 2160000 | Total Job: 4247 | End job: 1843 | Running job: 59 | Pending job: 0
2022 May 06 15:29:44 | SpawnPoolWorker-5 | ee9e8c | Time: 2190000 | Total Job: 4247 | End job: 1876 | Running job: 104 | Pending job: 0
2022 May 06 15:29:44 | SpawnPoolWorker-5 | ee9e8c | Time: 2220000 | Total Job: 4247 | End job: 1911 | Running job: 86 | Pending job: 0
2022 May 06 15:29:44 | SpawnPoolWorker-5 | ee9e8c | Time: 2250000 | Total Job: 4247 | End job: 1927 | Running job: 83 | Pending job: 0
2022 May 06 15:29:45 | SpawnPoolWorker-5 | ee9e8c | Time: 2280000 | Total Job: 4247 | End job: 1957 | Running job: 90 | Pending job: 0
2022 May 06 15:29:45 | SpawnPoolWorker-5 | ee9e8c | Time: 2310000 | Total Job: 4247 | End job: 1974 | Running job: 78 | Pending job: 0
2022 May 06 15:29:45 | SpawnPoolWorker-5 | ee9e8c | Time: 2340000 | Total Job: 4247 | End job: 1996 | Running job: 85 | Pending job: 0
2022 May 06 15:29:45 | SpawnPoolWorker-5 | ee9e8c | Time: 2370000 | Total Job: 4247 | End job: 2020 | Running job: 102 | Pending job: 0
2022 May 06 15:29:46 | SpawnPoolWorker-5 | ee9e8c | Time: 2400000 | Total Job: 4247 | End job: 2035 | Running job: 101 | Pending job: 0
2022 May 06 15:29:46 | SpawnPoolWorker-5 | ee9e8c | Time: 2430000 | Total Job: 4247 | End job: 2055 | Running job: 107 | Pending job: 0
2022 May 06 15:29:46 | SpawnPoolWorker-5 | ee9e8c | Time: 2460000 | Total Job: 4247 | End job: 2067 | Running job: 105 | Pending job: 0
2022 May 06 15:29:47 | SpawnPoolWorker-5 | ee9e8c | Time: 2490000 | Total Job: 4247 | End job: 2075 | Running job: 100 | Pending job: 0
2022 May 06 15:29:47 | SpawnPoolWorker-5 | ee9e8c | Time: 2520000 | Total Job: 4247 | End job: 2097 | Running job: 106 | Pending job: 0
2022 May 06 15:29:47 | SpawnPoolWorker-5 | ee9e8c | Time: 2550000 | Total Job: 4247 | End job: 2151 | Running job: 94 | Pending job: 0
2022 May 06 15:29:48 | SpawnPoolWorker-5 | ee9e8c | Time: 2580000 | Total Job: 4247 | End job: 2165 | Running job: 91 | Pending job: 0
2022 May 06 15:29:48 | SpawnPoolWorker-5 | ee9e8c | Time: 2610000 | Total Job: 4247 | End job: 2200 | Running job: 98 | Pending job: 0
2022 May 06 15:29:48 | SpawnPoolWorker-5 | ee9e8c | Time: 2640000 | Total Job: 4247 | End job: 2220 | Running job: 99 | Pending job: 1
2022 May 06 15:29:49 | SpawnPoolWorker-5 | ee9e8c | Time: 2670000 | Total Job: 4247 | End job: 2234 | Running job: 104 | Pending job: 3
2022 May 06 15:29:49 | SpawnPoolWorker-5 | ee9e8c | Time: 2700000 | Total Job: 4247 | End job: 2259 | Running job: 102 | Pending job: 15
2022 May 06 15:29:49 | SpawnPoolWorker-5 | ee9e8c | Time: 2730000 | Total Job: 4247 | End job: 2285 | Running job: 99 | Pending job: 3
2022 May 06 15:29:50 | SpawnPoolWorker-5 | ee9e8c | Time: 2760000 | Total Job: 4247 | End job: 2306 | Running job: 100 | Pending job: 0
2022 May 06 15:29:50 | SpawnPoolWorker-5 | ee9e8c | Time: 2790000 | Total Job: 4247 | End job: 2344 | Running job: 94 | Pending job: 9
2022 May 06 15:29:51 | SpawnPoolWorker-5 | ee9e8c | Time: 2820000 | Total Job: 4247 | End job: 2369 | Running job: 96 | Pending job: 3
2022 May 06 15:29:51 | SpawnPoolWorker-5 | ee9e8c | Time: 2850000 | Total Job: 4247 | End job: 2394 | Running job: 93 | Pending job: 12
2022 May 06 15:29:52 | SpawnPoolWorker-5 | ee9e8c | Time: 2880000 | Total Job: 4247 | End job: 2459 | Running job: 104 | Pending job: 24
2022 May 06 15:29:52 | SpawnPoolWorker-5 | ee9e8c | Time: 2910000 | Total Job: 4247 | End job: 2478 | Running job: 104 | Pending job: 19
2022 May 06 15:29:53 | SpawnPoolWorker-5 | ee9e8c | Time: 2940000 | Total Job: 4247 | End job: 2504 | Running job: 108 | Pending job: 27
2022 May 06 15:29:53 | SpawnPoolWorker-5 | ee9e8c | Time: 2970000 | Total Job: 4247 | End job: 2528 | Running job: 108 | Pending job: 15
2022 May 06 15:29:53 | SpawnPoolWorker-5 | ee9e8c | Time: 3000000 | Total Job: 4247 | End job: 2553 | Running job: 106 | Pending job: 9
2022 May 06 15:29:54 | SpawnPoolWorker-5 | ee9e8c | Time: 3030000 | Total Job: 4247 | End job: 2577 | Running job: 94 | Pending job: 3
2022 May 06 15:29:54 | SpawnPoolWorker-5 | ee9e8c | Time: 3060000 | Total Job: 4247 | End job: 2594 | Running job: 97 | Pending job: 2
2022 May 06 15:29:54 | SpawnPoolWorker-5 | ee9e8c | Time: 3090000 | Total Job: 4247 | End job: 2613 | Running job: 94 | Pending job: 2
2022 May 06 15:29:55 | SpawnPoolWorker-5 | ee9e8c | Time: 3120000 | Total Job: 4247 | End job: 2628 | Running job: 93 | Pending job: 4
2022 May 06 15:29:55 | SpawnPoolWorker-5 | ee9e8c | Time: 3150000 | Total Job: 4247 | End job: 2653 | Running job: 95 | Pending job: 13
2022 May 06 15:29:55 | SpawnPoolWorker-5 | ee9e8c | Time: 3180000 | Total Job: 4247 | End job: 2688 | Running job: 105 | Pending job: 6
2022 May 06 15:29:56 | SpawnPoolWorker-5 | ee9e8c | Time: 3210000 | Total Job: 4247 | End job: 2714 | Running job: 100 | Pending job: 41
2022 May 06 15:29:56 | SpawnPoolWorker-5 | ee9e8c | Time: 3240000 | Total Job: 4247 | End job: 2723 | Running job: 93 | Pending job: 62
2022 May 06 15:29:57 | SpawnPoolWorker-5 | ee9e8c | Time: 3270000 | Total Job: 4247 | End job: 2771 | Running job: 93 | Pending job: 36
2022 May 06 15:29:57 | SpawnPoolWorker-5 | ee9e8c | Time: 3300000 | Total Job: 4247 | End job: 2795 | Running job: 100 | Pending job: 33
2022 May 06 15:29:58 | SpawnPoolWorker-5 | ee9e8c | Time: 3330000 | Total Job: 4247 | End job: 2819 | Running job: 97 | Pending job: 37
2022 May 06 15:29:58 | SpawnPoolWorker-5 | ee9e8c | Time: 3360000 | Total Job: 4247 | End job: 2842 | Running job: 94 | Pending job: 25
2022 May 06 15:29:58 | SpawnPoolWorker-5 | ee9e8c | Time: 3390000 | Total Job: 4247 | End job: 2865 | Running job: 91 | Pending job: 41
2022 May 06 15:29:59 | SpawnPoolWorker-5 | ee9e8c | Time: 3420000 | Total Job: 4247 | End job: 2889 | Running job: 104 | Pending job: 28
2022 May 06 15:29:59 | SpawnPoolWorker-5 | ee9e8c | Time: 3450000 | Total Job: 4247 | End job: 2915 | Running job: 97 | Pending job: 29
2022 May 06 15:29:59 | SpawnPoolWorker-5 | ee9e8c | Time: 3480000 | Total Job: 4247 | End job: 2941 | Running job: 94 | Pending job: 27
2022 May 06 15:30:00 | SpawnPoolWorker-5 | ee9e8c | Time: 3510000 | Total Job: 4247 | End job: 2955 | Running job: 96 | Pending job: 27
2022 May 06 15:30:00 | SpawnPoolWorker-5 | ee9e8c | Time: 3540000 | Total Job: 4247 | End job: 2965 | Running job: 98 | Pending job: 24
2022 May 06 15:30:00 | SpawnPoolWorker-5 | ee9e8c | Time: 3570000 | Total Job: 4247 | End job: 2982 | Running job: 94 | Pending job: 35
2022 May 06 15:30:00 | SpawnPoolWorker-5 | ee9e8c | Time: 3600000 | Total Job: 4247 | End job: 3010 | Running job: 90 | Pending job: 31
2022 May 06 15:30:01 | SpawnPoolWorker-5 | ee9e8c | Time: 3630000 | Total Job: 4247 | End job: 3017 | Running job: 88 | Pending job: 28
2022 May 06 15:30:01 | SpawnPoolWorker-5 | ee9e8c | Time: 3660000 | Total Job: 4247 | End job: 3026 | Running job: 87 | Pending job: 33
2022 May 06 15:30:01 | SpawnPoolWorker-5 | ee9e8c | Time: 3690000 | Total Job: 4247 | End job: 3027 | Running job: 87 | Pending job: 37
2022 May 06 15:30:01 | SpawnPoolWorker-5 | ee9e8c | Time: 3720000 | Total Job: 4247 | End job: 3038 | Running job: 85 | Pending job: 34
2022 May 06 15:30:02 | SpawnPoolWorker-5 | ee9e8c | Time: 3750000 | Total Job: 4247 | End job: 3079 | Running job: 95 | Pending job: 39
2022 May 06 15:30:02 | SpawnPoolWorker-5 | ee9e8c | Time: 3780000 | Total Job: 4247 | End job: 3096 | Running job: 95 | Pending job: 36
2022 May 06 15:30:02 | SpawnPoolWorker-5 | ee9e8c | Time: 3810000 | Total Job: 4247 | End job: 3120 | Running job: 99 | Pending job: 38
2022 May 06 15:30:03 | SpawnPoolWorker-5 | ee9e8c | Time: 3840000 | Total Job: 4247 | End job: 3135 | Running job: 96 | Pending job: 63
2022 May 06 15:30:03 | SpawnPoolWorker-5 | ee9e8c | Time: 3870000 | Total Job: 4247 | End job: 3164 | Running job: 100 | Pending job: 42
2022 May 06 15:30:03 | SpawnPoolWorker-5 | ee9e8c | Time: 3900000 | Total Job: 4247 | End job: 3182 | Running job: 101 | Pending job: 41
2022 May 06 15:30:04 | SpawnPoolWorker-5 | ee9e8c | Time: 3930000 | Total Job: 4247 | End job: 3221 | Running job: 101 | Pending job: 42
2022 May 06 15:30:04 | SpawnPoolWorker-5 | ee9e8c | Time: 3960000 | Total Job: 4247 | End job: 3241 | Running job: 97 | Pending job: 38
2022 May 06 15:30:04 | SpawnPoolWorker-5 | ee9e8c | Time: 3990000 | Total Job: 4247 | End job: 3251 | Running job: 96 | Pending job: 42
2022 May 06 15:30:05 | SpawnPoolWorker-5 | ee9e8c | Time: 4020000 | Total Job: 4247 | End job: 3277 | Running job: 100 | Pending job: 42
2022 May 06 15:30:05 | SpawnPoolWorker-5 | ee9e8c | Time: 4050000 | Total Job: 4247 | End job: 3294 | Running job: 101 | Pending job: 41
2022 May 06 15:30:06 | SpawnPoolWorker-5 | ee9e8c | Time: 4080000 | Total Job: 4247 | End job: 3349 | Running job: 130 | Pending job: 48
2022 May 06 15:30:06 | SpawnPoolWorker-5 | ee9e8c | Time: 4110000 | Total Job: 4247 | End job: 3426 | Running job: 98 | Pending job: 52
2022 May 06 15:30:06 | SpawnPoolWorker-5 | ee9e8c | Time: 4140000 | Total Job: 4247 | End job: 3463 | Running job: 122 | Pending job: 36
2022 May 06 15:30:07 | SpawnPoolWorker-5 | ee9e8c | Time: 4170000 | Total Job: 4247 | End job: 3503 | Running job: 101 | Pending job: 32
2022 May 06 15:30:07 | SpawnPoolWorker-5 | ee9e8c | Time: 4200000 | Total Job: 4247 | End job: 3511 | Running job: 97 | Pending job: 33
2022 May 06 15:30:07 | SpawnPoolWorker-5 | ee9e8c | Time: 4230000 | Total Job: 4247 | End job: 3534 | Running job: 88 | Pending job: 29
2022 May 06 15:30:07 | SpawnPoolWorker-5 | ee9e8c | Time: 4260000 | Total Job: 4247 | End job: 3548 | Running job: 87 | Pending job: 27
2022 May 06 15:30:07 | SpawnPoolWorker-5 | ee9e8c | Time: 4290000 | Total Job: 4247 | End job: 3549 | Running job: 87 | Pending job: 27
2022 May 06 15:30:07 | SpawnPoolWorker-5 | ee9e8c | Time: 4320000 | Total Job: 4247 | End job: 3575 | Running job: 69 | Pending job: 24
2022 May 06 15:30:08 | SpawnPoolWorker-5 | ee9e8c | Time: 4350000 | Total Job: 4247 | End job: 3596 | Running job: 68 | Pending job: 29
2022 May 06 15:30:08 | SpawnPoolWorker-5 | ee9e8c | Time: 4380000 | Total Job: 4247 | End job: 3606 | Running job: 66 | Pending job: 26
2022 May 06 15:30:08 | SpawnPoolWorker-5 | ee9e8c | Time: 4410000 | Total Job: 4247 | End job: 3629 | Running job: 69 | Pending job: 41
2022 May 06 15:30:09 | SpawnPoolWorker-5 | ee9e8c | Time: 4440000 | Total Job: 4247 | End job: 3651 | Running job: 69 | Pending job: 57
2022 May 06 15:30:09 | SpawnPoolWorker-5 | ee9e8c | Time: 4470000 | Total Job: 4247 | End job: 3674 | Running job: 71 | Pending job: 49
2022 May 06 15:30:09 | SpawnPoolWorker-5 | ee9e8c | Time: 4500000 | Total Job: 4247 | End job: 3690 | Running job: 81 | Pending job: 50
2022 May 06 15:30:09 | SpawnPoolWorker-5 | ee9e8c | Time: 4530000 | Total Job: 4247 | End job: 3731 | Running job: 71 | Pending job: 61
2022 May 06 15:30:10 | SpawnPoolWorker-5 | ee9e8c | Time: 4560000 | Total Job: 4247 | End job: 3756 | Running job: 71 | Pending job: 51
2022 May 06 15:30:10 | SpawnPoolWorker-5 | ee9e8c | Time: 4590000 | Total Job: 4247 | End job: 3787 | Running job: 78 | Pending job: 56
2022 May 06 15:30:10 | SpawnPoolWorker-5 | ee9e8c | Time: 4620000 | Total Job: 4247 | End job: 3826 | Running job: 80 | Pending job: 55
2022 May 06 15:30:10 | SpawnPoolWorker-5 | ee9e8c | Time: 4650000 | Total Job: 4247 | End job: 3850 | Running job: 72 | Pending job: 51
2022 May 06 15:30:11 | SpawnPoolWorker-5 | ee9e8c | Time: 4680000 | Total Job: 4247 | End job: 3858 | Running job: 73 | Pending job: 55
2022 May 06 15:30:11 | SpawnPoolWorker-5 | ee9e8c | Time: 4710000 | Total Job: 4247 | End job: 3881 | Running job: 74 | Pending job: 59
2022 May 06 15:30:11 | SpawnPoolWorker-5 | ee9e8c | Time: 4740000 | Total Job: 4247 | End job: 3890 | Running job: 72 | Pending job: 54
2022 May 06 15:30:11 | SpawnPoolWorker-5 | ee9e8c | Time: 4770000 | Total Job: 4247 | End job: 3892 | Running job: 71 | Pending job: 54
2022 May 06 15:30:11 | SpawnPoolWorker-5 | ee9e8c | Time: 4800000 | Total Job: 4247 | End job: 3899 | Running job: 71 | Pending job: 53
2022 May 06 15:30:11 | SpawnPoolWorker-5 | ee9e8c | Time: 4830000 | Total Job: 4247 | End job: 3911 | Running job: 65 | Pending job: 52
2022 May 06 15:30:11 | SpawnPoolWorker-5 | ee9e8c | Time: 4860000 | Total Job: 4247 | End job: 3918 | Running job: 64 | Pending job: 46
2022 May 06 15:30:11 | SpawnPoolWorker-5 | ee9e8c | Time: 4890000 | Total Job: 4247 | End job: 3924 | Running job: 66 | Pending job: 43
2022 May 06 15:30:11 | SpawnPoolWorker-5 | ee9e8c | Time: 4920000 | Total Job: 4247 | End job: 3928 | Running job: 67 | Pending job: 38
2022 May 06 15:30:12 | SpawnPoolWorker-5 | ee9e8c | Time: 4950000 | Total Job: 4247 | End job: 3939 | Running job: 66 | Pending job: 37
2022 May 06 15:30:12 | SpawnPoolWorker-5 | ee9e8c | Time: 4980000 | Total Job: 4247 | End job: 3947 | Running job: 64 | Pending job: 42
2022 May 06 15:30:12 | SpawnPoolWorker-5 | ee9e8c | Time: 5010000 | Total Job: 4247 | End job: 3956 | Running job: 83 | Pending job: 46
2022 May 06 15:30:12 | SpawnPoolWorker-5 | ee9e8c | Time: 5040000 | Total Job: 4247 | End job: 3987 | Running job: 76 | Pending job: 42
2022 May 06 15:30:12 | SpawnPoolWorker-5 | ee9e8c | Time: 5070000 | Total Job: 4247 | End job: 4014 | Running job: 66 | Pending job: 35
2022 May 06 15:30:12 | SpawnPoolWorker-5 | ee9e8c | Time: 5100000 | Total Job: 4247 | End job: 4018 | Running job: 69 | Pending job: 36
2022 May 06 15:30:13 | SpawnPoolWorker-5 | ee9e8c | Time: 5130000 | Total Job: 4247 | End job: 4039 | Running job: 66 | Pending job: 48
2022 May 06 15:30:13 | SpawnPoolWorker-5 | ee9e8c | Time: 5160000 | Total Job: 4247 | End job: 4060 | Running job: 73 | Pending job: 45
2022 May 06 15:30:13 | SpawnPoolWorker-5 | ee9e8c | Time: 5190000 | Total Job: 4247 | End job: 4077 | Running job: 67 | Pending job: 46
2022 May 06 15:30:13 | SpawnPoolWorker-5 | ee9e8c | Time: 5220000 | Total Job: 4247 | End job: 4107 | Running job: 73 | Pending job: 45
2022 May 06 15:30:13 | SpawnPoolWorker-5 | ee9e8c | Time: 5250000 | Total Job: 4247 | End job: 4126 | Running job: 83 | Pending job: 37
2022 May 06 15:30:13 | SpawnPoolWorker-5 | ee9e8c | Time: 5280000 | Total Job: 4247 | End job: 4149 | Running job: 68 | Pending job: 30
2022 May 06 15:30:13 | SpawnPoolWorker-5 | ee9e8c | Time: 5310000 | Total Job: 4247 | End job: 4156 | Running job: 65 | Pending job: 26
2022 May 06 15:30:13 | SpawnPoolWorker-5 | ee9e8c | Time: 5340000 | Total Job: 4247 | End job: 4164 | Running job: 61 | Pending job: 22
2022 May 06 15:30:13 | SpawnPoolWorker-5 | ee9e8c | Time: 5370000 | Total Job: 4247 | End job: 4169 | Running job: 60 | Pending job: 18
2022 May 06 15:30:13 | SpawnPoolWorker-5 | ee9e8c | Time: 5400000 | Total Job: 4247 | End job: 4172 | Running job: 60 | Pending job: 15
2022 May 06 15:30:13 | SpawnPoolWorker-5 | ee9e8c | Time: 5430000 | Total Job: 4247 | End job: 4175 | Running job: 61 | Pending job: 11
2022 May 06 15:30:13 | SpawnPoolWorker-5 | ee9e8c | Time: 5460000 | Total Job: 4247 | End job: 4178 | Running job: 62 | Pending job: 7
2022 May 06 15:30:13 | SpawnPoolWorker-5 | ee9e8c | Time: 5490000 | Total Job: 4247 | End job: 4181 | Running job: 62 | Pending job: 4
2022 May 06 15:30:14 | SpawnPoolWorker-5 | ee9e8c | Time: 5520000 | Total Job: 4247 | End job: 4182 | Running job: 62 | Pending job: 3
2022 May 06 15:30:14 | SpawnPoolWorker-5 | ee9e8c | Time: 5550000 | Total Job: 4247 | End job: 4186 | Running job: 61 | Pending job: 0
2022 May 06 15:30:14 | SpawnPoolWorker-5 | ee9e8c | Time: 5580000 | Total Job: 4247 | End job: 4187 | Running job: 60 | Pending job: 0
2022 May 06 15:30:14 | SpawnPoolWorker-5 | ee9e8c | Time: 5610000 | Total Job: 4247 | End job: 4187 | Running job: 60 | Pending job: 0
2022 May 06 15:30:14 | SpawnPoolWorker-5 | ee9e8c | Time: 5640000 | Total Job: 4247 | End job: 4189 | Running job: 58 | Pending job: 0
2022 May 06 15:30:14 | SpawnPoolWorker-5 | ee9e8c | Time: 5670000 | Total Job: 4247 | End job: 4192 | Running job: 55 | Pending job: 0
2022 May 06 15:30:14 | SpawnPoolWorker-5 | ee9e8c | Time: 5700000 | Total Job: 4247 | End job: 4193 | Running job: 54 | Pending job: 0
2022 May 06 15:30:14 | SpawnPoolWorker-5 | ee9e8c | Time: 5730000 | Total Job: 4247 | End job: 4193 | Running job: 54 | Pending job: 0
2022 May 06 15:30:14 | SpawnPoolWorker-5 | ee9e8c | Time: 5760000 | Total Job: 4247 | End job: 4194 | Running job: 53 | Pending job: 0
2022 May 06 15:30:14 | SpawnPoolWorker-5 | ee9e8c | Time: 5790000 | Total Job: 4247 | End job: 4198 | Running job: 49 | Pending job: 0
2022 May 06 15:30:14 | SpawnPoolWorker-5 | ee9e8c | Time: 5820000 | Total Job: 4247 | End job: 4199 | Running job: 48 | Pending job: 0
2022 May 06 15:30:14 | SpawnPoolWorker-5 | ee9e8c | Time: 5850000 | Total Job: 4247 | End job: 4202 | Running job: 45 | Pending job: 0
2022 May 06 15:30:14 | SpawnPoolWorker-5 | ee9e8c | Time: 5880000 | Total Job: 4247 | End job: 4206 | Running job: 41 | Pending job: 0
2022 May 06 15:30:14 | SpawnPoolWorker-5 | ee9e8c | Time: 5910000 | Total Job: 4247 | End job: 4209 | Running job: 38 | Pending job: 0
2022 May 06 15:30:14 | SpawnPoolWorker-5 | ee9e8c | Time: 5940000 | Total Job: 4247 | End job: 4210 | Running job: 37 | Pending job: 0
2022 May 06 15:30:14 | SpawnPoolWorker-5 | ee9e8c | Time: 5970000 | Total Job: 4247 | End job: 4211 | Running job: 36 | Pending job: 0
2022 May 06 15:30:14 | SpawnPoolWorker-5 | ee9e8c | Time: 6000000 | Total Job: 4247 | End job: 4214 | Running job: 33 | Pending job: 0
2022 May 06 15:30:14 | SpawnPoolWorker-5 | ee9e8c | Time: 6030000 | Total Job: 4247 | End job: 4215 | Running job: 32 | Pending job: 0
2022 May 06 15:30:14 | SpawnPoolWorker-5 | ee9e8c | Time: 6060000 | Total Job: 4247 | End job: 4217 | Running job: 30 | Pending job: 0
2022 May 06 15:30:14 | SpawnPoolWorker-5 | ee9e8c | Time: 6090000 | Total Job: 4247 | End job: 4219 | Running job: 28 | Pending job: 0
2022 May 06 15:30:14 | SpawnPoolWorker-5 | ee9e8c | Time: 6120000 | Total Job: 4247 | End job: 4219 | Running job: 28 | Pending job: 0
2022 May 06 15:30:14 | SpawnPoolWorker-5 | ee9e8c | Time: 6150000 | Total Job: 4247 | End job: 4219 | Running job: 28 | Pending job: 0
2022 May 06 15:30:14 | SpawnPoolWorker-5 | ee9e8c | Time: 6180000 | Total Job: 4247 | End job: 4221 | Running job: 26 | Pending job: 0
2022 May 06 15:30:14 | SpawnPoolWorker-5 | ee9e8c | Time: 6210000 | Total Job: 4247 | End job: 4224 | Running job: 23 | Pending job: 0
2022 May 06 15:30:14 | SpawnPoolWorker-5 | ee9e8c | Time: 6240000 | Total Job: 4247 | End job: 4225 | Running job: 22 | Pending job: 0
2022 May 06 15:30:14 | SpawnPoolWorker-5 | ee9e8c | Time: 6270000 | Total Job: 4247 | End job: 4225 | Running job: 22 | Pending job: 0
2022 May 06 15:30:14 | SpawnPoolWorker-5 | ee9e8c | Time: 6300000 | Total Job: 4247 | End job: 4225 | Running job: 22 | Pending job: 0
2022 May 06 15:30:14 | SpawnPoolWorker-5 | ee9e8c | Time: 6330000 | Total Job: 4247 | End job: 4225 | Running job: 22 | Pending job: 0
2022 May 06 15:30:14 | SpawnPoolWorker-5 | ee9e8c | Time: 6360000 | Total Job: 4247 | End job: 4234 | Running job: 13 | Pending job: 0
2022 May 06 15:30:14 | SpawnPoolWorker-5 | ee9e8c | Time: 6390000 | Total Job: 4247 | End job: 4236 | Running job: 11 | Pending job: 0
2022 May 06 15:30:14 | SpawnPoolWorker-5 | ee9e8c | Time: 6420000 | Total Job: 4247 | End job: 4238 | Running job: 9 | Pending job: 0
2022 May 06 15:30:14 | SpawnPoolWorker-5 | ee9e8c | Time: 6450000 | Total Job: 4247 | End job: 4243 | Running job: 4 | Pending job: 0
2022 May 06 15:30:14 | SpawnPoolWorker-5 | ee9e8c | Time: 6480000 | Total Job: 4247 | End job: 4244 | Running job: 3 | Pending job: 0
2022 May 06 15:30:14 | SpawnPoolWorker-5 | ee9e8c | Time: 6510000 | Total Job: 4247 | End job: 4245 | Running job: 2 | Pending job: 0
2022 May 06 15:30:14 | SpawnPoolWorker-5 | ee9e8c | Average JCT: 138285.22 | Average Queue: 22411.27
2022 May 06 15:30:15 | SpawnPoolWorker-5 | Finish ee9e8c
2022 May 06 15:30:15 | SpawnPoolWorker-5 | begin to save
2022 May 06 15:30:15 | SpawnPoolWorker-5 | saved successfully
