2022 May 06 15:28:44 | SpawnPoolWorker-6 | ed69ec | Time: 0 | Total Job: 1329 | End job: 0 | Running job: 0 | Pending job: 0
2022 May 06 15:28:44 | SpawnPoolWorker-6 | ed69ec | Time: 30000 | Total Job: 1329 | End job: 0 | Running job: 0 | Pending job: 0
2022 May 06 15:28:44 | SpawnPoolWorker-6 | ed69ec | Time: 60000 | Total Job: 1329 | End job: 0 | Running job: 0 | Pending job: 0
2022 May 06 15:28:45 | SpawnPoolWorker-6 | ed69ec | Time: 90000 | Total Job: 1329 | End job: 4 | Running job: 17 | Pending job: 0
2022 May 06 15:28:45 | SpawnPoolWorker-6 | ed69ec | Time: 120000 | Total Job: 1329 | End job: 7 | Running job: 25 | Pending job: 0
2022 May 06 15:28:45 | SpawnPoolWorker-6 | ed69ec | Time: 150000 | Total Job: 1329 | End job: 17 | Running job: 16 | Pending job: 0
2022 May 06 15:28:46 | SpawnPoolWorker-6 | ed69ec | Time: 180000 | Total Job: 1329 | End job: 31 | Running job: 9 | Pending job: 0
2022 May 06 15:28:46 | SpawnPoolWorker-6 | ed69ec | Time: 210000 | Total Job: 1329 | End job: 33 | Running job: 7 | Pending job: 0
2022 May 06 15:28:47 | SpawnPoolWorker-6 | ed69ec | Time: 240000 | Total Job: 1329 | End job: 34 | Running job: 6 | Pending job: 0
2022 May 06 15:28:47 | SpawnPoolWorker-6 | ed69ec | Time: 270000 | Total Job: 1329 | End job: 40 | Running job: 5 | Pending job: 0
2022 May 06 15:28:47 | SpawnPoolWorker-6 | ed69ec | Time: 300000 | Total Job: 1329 | End job: 41 | Running job: 5 | Pending job: 0
2022 May 06 15:28:48 | SpawnPoolWorker-6 | ed69ec | Time: 330000 | Total Job: 1329 | End job: 42 | Running job: 4 | Pending job: 0
2022 May 06 15:28:48 | SpawnPoolWorker-6 | ed69ec | Time: 360000 | Total Job: 1329 | End job: 45 | Running job: 1 | Pending job: 0
2022 May 06 15:28:48 | SpawnPoolWorker-6 | ed69ec | Time: 390000 | Total Job: 1329 | End job: 46 | Running job: 0 | Pending job: 0
2022 May 06 15:28:49 | SpawnPoolWorker-6 | ed69ec | Time: 420000 | Total Job: 1329 | End job: 46 | Running job: 0 | Pending job: 0
2022 May 06 15:28:49 | SpawnPoolWorker-6 | ed69ec | Time: 450000 | Total Job: 1329 | End job: 46 | Running job: 0 | Pending job: 0
2022 May 06 15:28:49 | SpawnPoolWorker-6 | ed69ec | Time: 480000 | Total Job: 1329 | End job: 46 | Running job: 0 | Pending job: 0
2022 May 06 15:28:50 | SpawnPoolWorker-6 | ed69ec | Time: 510000 | Total Job: 1329 | End job: 51 | Running job: 20 | Pending job: 0
2022 May 06 15:28:50 | SpawnPoolWorker-6 | ed69ec | Time: 540000 | Total Job: 1329 | End job: 51 | Running job: 20 | Pending job: 0
2022 May 06 15:28:50 | SpawnPoolWorker-6 | ed69ec | Time: 570000 | Total Job: 1329 | End job: 52 | Running job: 19 | Pending job: 0
2022 May 06 15:28:51 | SpawnPoolWorker-6 | ed69ec | Time: 600000 | Total Job: 1329 | End job: 57 | Running job: 14 | Pending job: 0
2022 May 06 15:28:51 | SpawnPoolWorker-6 | ed69ec | Time: 630000 | Total Job: 1329 | End job: 67 | Running job: 4 | Pending job: 0
2022 May 06 15:28:51 | SpawnPoolWorker-6 | ed69ec | Time: 660000 | Total Job: 1329 | End job: 71 | Running job: 0 | Pending job: 0
2022 May 06 15:28:52 | SpawnPoolWorker-6 | ed69ec | Time: 690000 | Total Job: 1329 | End job: 71 | Running job: 0 | Pending job: 0
2022 May 06 15:28:52 | SpawnPoolWorker-6 | ed69ec | Time: 720000 | Total Job: 1329 | End job: 71 | Running job: 0 | Pending job: 0
2022 May 06 15:28:52 | SpawnPoolWorker-6 | ed69ec | Time: 750000 | Total Job: 1329 | End job: 71 | Running job: 0 | Pending job: 0
2022 May 06 15:28:52 | SpawnPoolWorker-6 | ed69ec | Time: 780000 | Total Job: 1329 | End job: 71 | Running job: 2 | Pending job: 0
2022 May 06 15:28:53 | SpawnPoolWorker-6 | ed69ec | Time: 810000 | Total Job: 1329 | End job: 71 | Running job: 2 | Pending job: 0
2022 May 06 15:28:53 | SpawnPoolWorker-6 | ed69ec | Time: 840000 | Total Job: 1329 | End job: 71 | Running job: 2 | Pending job: 0
2022 May 06 15:28:53 | SpawnPoolWorker-6 | ed69ec | Time: 870000 | Total Job: 1329 | End job: 79 | Running job: 11 | Pending job: 0
2022 May 06 15:28:54 | SpawnPoolWorker-6 | ed69ec | Time: 900000 | Total Job: 1329 | End job: 104 | Running job: 16 | Pending job: 0
2022 May 06 15:28:54 | SpawnPoolWorker-6 | ed69ec | Time: 930000 | Total Job: 1329 | End job: 104 | Running job: 17 | Pending job: 0
2022 May 06 15:28:54 | SpawnPoolWorker-6 | ed69ec | Time: 960000 | Total Job: 1329 | End job: 117 | Running job: 23 | Pending job: 0
2022 May 06 15:28:55 | SpawnPoolWorker-6 | ed69ec | Time: 990000 | Total Job: 1329 | End job: 132 | Running job: 25 | Pending job: 0
2022 May 06 15:28:55 | SpawnPoolWorker-6 | ed69ec | Time: 1020000 | Total Job: 1329 | End job: 138 | Running job: 29 | Pending job: 0
2022 May 06 15:28:55 | SpawnPoolWorker-6 | ed69ec | Time: 1050000 | Total Job: 1329 | End job: 147 | Running job: 20 | Pending job: 0
2022 May 06 15:28:56 | SpawnPoolWorker-6 | ed69ec | Time: 1080000 | Total Job: 1329 | End job: 159 | Running job: 28 | Pending job: 0
2022 May 06 15:28:56 | SpawnPoolWorker-6 | ed69ec | Time: 1110000 | Total Job: 1329 | End job: 170 | Running job: 17 | Pending job: 0
2022 May 06 15:28:56 | SpawnPoolWorker-6 | ed69ec | Time: 1140000 | Total Job: 1329 | End job: 178 | Running job: 22 | Pending job: 0
2022 May 06 15:28:56 | SpawnPoolWorker-6 | ed69ec | Time: 1170000 | Total Job: 1329 | End job: 182 | Running job: 18 | Pending job: 0
2022 May 06 15:28:57 | SpawnPoolWorker-6 | ed69ec | Time: 1200000 | Total Job: 1329 | End job: 198 | Running job: 14 | Pending job: 0
2022 May 06 15:28:57 | SpawnPoolWorker-6 | ed69ec | Time: 1230000 | Total Job: 1329 | End job: 202 | Running job: 10 | Pending job: 0
2022 May 06 15:28:57 | SpawnPoolWorker-6 | ed69ec | Time: 1260000 | Total Job: 1329 | End job: 202 | Running job: 12 | Pending job: 0
2022 May 06 15:28:58 | SpawnPoolWorker-6 | ed69ec | Time: 1290000 | Total Job: 1329 | End job: 212 | Running job: 2 | Pending job: 0
2022 May 06 15:28:58 | SpawnPoolWorker-6 | ed69ec | Time: 1320000 | Total Job: 1329 | End job: 220 | Running job: 41 | Pending job: 0
2022 May 06 15:28:58 | SpawnPoolWorker-6 | ed69ec | Time: 1350000 | Total Job: 1329 | End job: 220 | Running job: 41 | Pending job: 0
2022 May 06 15:28:58 | SpawnPoolWorker-6 | ed69ec | Time: 1380000 | Total Job: 1329 | End job: 241 | Running job: 21 | Pending job: 0
2022 May 06 15:28:59 | SpawnPoolWorker-6 | ed69ec | Time: 1410000 | Total Job: 1329 | End job: 259 | Running job: 30 | Pending job: 0
2022 May 06 15:28:59 | SpawnPoolWorker-6 | ed69ec | Time: 1440000 | Total Job: 1329 | End job: 271 | Running job: 18 | Pending job: 0
2022 May 06 15:28:59 | SpawnPoolWorker-6 | ed69ec | Time: 1470000 | Total Job: 1329 | End job: 298 | Running job: 11 | Pending job: 0
2022 May 06 15:29:00 | SpawnPoolWorker-6 | ed69ec | Time: 1500000 | Total Job: 1329 | End job: 298 | Running job: 19 | Pending job: 0
2022 May 06 15:29:00 | SpawnPoolWorker-6 | ed69ec | Time: 1530000 | Total Job: 1329 | End job: 299 | Running job: 18 | Pending job: 0
2022 May 06 15:29:00 | SpawnPoolWorker-6 | ed69ec | Time: 1560000 | Total Job: 1329 | End job: 309 | Running job: 8 | Pending job: 0
2022 May 06 15:29:00 | SpawnPoolWorker-6 | ed69ec | Time: 1590000 | Total Job: 1329 | End job: 317 | Running job: 15 | Pending job: 0
2022 May 06 15:29:01 | SpawnPoolWorker-6 | ed69ec | Time: 1620000 | Total Job: 1329 | End job: 317 | Running job: 15 | Pending job: 0
2022 May 06 15:29:01 | SpawnPoolWorker-6 | ed69ec | Time: 1650000 | Total Job: 1329 | End job: 327 | Running job: 5 | Pending job: 0
2022 May 06 15:29:01 | SpawnPoolWorker-6 | ed69ec | Time: 1680000 | Total Job: 1329 | End job: 379 | Running job: 46 | Pending job: 0
2022 May 06 15:29:01 | SpawnPoolWorker-6 | ed69ec | Time: 1710000 | Total Job: 1329 | End job: 380 | Running job: 45 | Pending job: 0
2022 May 06 15:29:02 | SpawnPoolWorker-6 | ed69ec | Time: 1740000 | Total Job: 1329 | End job: 403 | Running job: 22 | Pending job: 0
2022 May 06 15:29:02 | SpawnPoolWorker-6 | ed69ec | Time: 1770000 | Total Job: 1329 | End job: 423 | Running job: 16 | Pending job: 0
2022 May 06 15:29:02 | SpawnPoolWorker-6 | ed69ec | Time: 1800000 | Total Job: 1329 | End job: 426 | Running job: 13 | Pending job: 0
2022 May 06 15:29:02 | SpawnPoolWorker-6 | ed69ec | Time: 1830000 | Total Job: 1329 | End job: 436 | Running job: 3 | Pending job: 0
2022 May 06 15:29:03 | SpawnPoolWorker-6 | ed69ec | Time: 1860000 | Total Job: 1329 | End job: 437 | Running job: 2 | Pending job: 0
2022 May 06 15:29:03 | SpawnPoolWorker-6 | ed69ec | Time: 1890000 | Total Job: 1329 | End job: 437 | Running job: 2 | Pending job: 0
2022 May 06 15:29:03 | SpawnPoolWorker-6 | ed69ec | Time: 1920000 | Total Job: 1329 | End job: 438 | Running job: 1 | Pending job: 0
2022 May 06 15:29:03 | SpawnPoolWorker-6 | ed69ec | Time: 1950000 | Total Job: 1329 | End job: 439 | Running job: 0 | Pending job: 0
2022 May 06 15:29:04 | SpawnPoolWorker-6 | ed69ec | Time: 1980000 | Total Job: 1329 | End job: 439 | Running job: 0 | Pending job: 0
2022 May 06 15:29:04 | SpawnPoolWorker-6 | ed69ec | Time: 2010000 | Total Job: 1329 | End job: 439 | Running job: 0 | Pending job: 0
2022 May 06 15:29:04 | SpawnPoolWorker-6 | ed69ec | Time: 2040000 | Total Job: 1329 | End job: 439 | Running job: 0 | Pending job: 0
2022 May 06 15:29:04 | SpawnPoolWorker-6 | ed69ec | Time: 2070000 | Total Job: 1329 | End job: 439 | Running job: 3 | Pending job: 0
2022 May 06 15:29:04 | SpawnPoolWorker-6 | ed69ec | Time: 2100000 | Total Job: 1329 | End job: 439 | Running job: 3 | Pending job: 0
2022 May 06 15:29:05 | SpawnPoolWorker-6 | ed69ec | Time: 2130000 | Total Job: 1329 | End job: 441 | Running job: 1 | Pending job: 0
2022 May 06 15:29:05 | SpawnPoolWorker-6 | ed69ec | Time: 2160000 | Total Job: 1329 | End job: 441 | Running job: 3 | Pending job: 0
2022 May 06 15:29:05 | SpawnPoolWorker-6 | ed69ec | Time: 2190000 | Total Job: 1329 | End job: 442 | Running job: 2 | Pending job: 0
2022 May 06 15:29:05 | SpawnPoolWorker-6 | ed69ec | Time: 2220000 | Total Job: 1329 | End job: 442 | Running job: 2 | Pending job: 0
2022 May 06 15:29:06 | SpawnPoolWorker-6 | ed69ec | Time: 2250000 | Total Job: 1329 | End job: 443 | Running job: 1 | Pending job: 0
2022 May 06 15:29:06 | SpawnPoolWorker-6 | ed69ec | Time: 2280000 | Total Job: 1329 | End job: 443 | Running job: 1 | Pending job: 0
2022 May 06 15:29:06 | SpawnPoolWorker-6 | ed69ec | Time: 2310000 | Total Job: 1329 | End job: 443 | Running job: 1 | Pending job: 0
2022 May 06 15:29:06 | SpawnPoolWorker-6 | ed69ec | Time: 2340000 | Total Job: 1329 | End job: 444 | Running job: 0 | Pending job: 0
2022 May 06 15:29:06 | SpawnPoolWorker-6 | ed69ec | Time: 2370000 | Total Job: 1329 | End job: 446 | Running job: 11 | Pending job: 0
2022 May 06 15:29:07 | SpawnPoolWorker-6 | ed69ec | Time: 2400000 | Total Job: 1329 | End job: 446 | Running job: 11 | Pending job: 0
2022 May 06 15:29:07 | SpawnPoolWorker-6 | ed69ec | Time: 2430000 | Total Job: 1329 | End job: 448 | Running job: 9 | Pending job: 0
2022 May 06 15:29:07 | SpawnPoolWorker-6 | ed69ec | Time: 2460000 | Total Job: 1329 | End job: 455 | Running job: 2 | Pending job: 0
2022 May 06 15:29:07 | SpawnPoolWorker-6 | ed69ec | Time: 2490000 | Total Job: 1329 | End job: 457 | Running job: 0 | Pending job: 0
2022 May 06 15:29:07 | SpawnPoolWorker-6 | ed69ec | Time: 2520000 | Total Job: 1329 | End job: 457 | Running job: 0 | Pending job: 0
2022 May 06 15:29:08 | SpawnPoolWorker-6 | ed69ec | Time: 2550000 | Total Job: 1329 | End job: 457 | Running job: 0 | Pending job: 0
2022 May 06 15:29:08 | SpawnPoolWorker-6 | ed69ec | Time: 2580000 | Total Job: 1329 | End job: 462 | Running job: 16 | Pending job: 0
2022 May 06 15:29:08 | SpawnPoolWorker-6 | ed69ec | Time: 2610000 | Total Job: 1329 | End job: 484 | Running job: 15 | Pending job: 0
2022 May 06 15:29:08 | SpawnPoolWorker-6 | ed69ec | Time: 2640000 | Total Job: 1329 | End job: 490 | Running job: 9 | Pending job: 0
2022 May 06 15:29:08 | SpawnPoolWorker-6 | ed69ec | Time: 2670000 | Total Job: 1329 | End job: 579 | Running job: 10 | Pending job: 0
2022 May 06 15:29:09 | SpawnPoolWorker-6 | ed69ec | Time: 2700000 | Total Job: 1329 | End job: 579 | Running job: 10 | Pending job: 0
2022 May 06 15:29:09 | SpawnPoolWorker-6 | ed69ec | Time: 2730000 | Total Job: 1329 | End job: 638 | Running job: 11 | Pending job: 0
2022 May 06 15:29:09 | SpawnPoolWorker-6 | ed69ec | Time: 2760000 | Total Job: 1329 | End job: 904 | Running job: 56 | Pending job: 0
2022 May 06 15:29:10 | SpawnPoolWorker-6 | ed69ec | Time: 2790000 | Total Job: 1329 | End job: 946 | Running job: 14 | Pending job: 0
2022 May 06 15:29:10 | SpawnPoolWorker-6 | ed69ec | Time: 2820000 | Total Job: 1329 | End job: 959 | Running job: 10 | Pending job: 0
2022 May 06 15:29:10 | SpawnPoolWorker-6 | ed69ec | Time: 2850000 | Total Job: 1329 | End job: 1008 | Running job: 8 | Pending job: 0
2022 May 06 15:29:10 | SpawnPoolWorker-6 | ed69ec | Time: 2880000 | Total Job: 1329 | End job: 1009 | Running job: 7 | Pending job: 0
2022 May 06 15:29:10 | SpawnPoolWorker-6 | ed69ec | Time: 2910000 | Total Job: 1329 | End job: 1017 | Running job: 9 | Pending job: 0
2022 May 06 15:29:10 | SpawnPoolWorker-6 | ed69ec | Time: 2940000 | Total Job: 1329 | End job: 1049 | Running job: 7 | Pending job: 0
2022 May 06 15:29:10 | SpawnPoolWorker-6 | ed69ec | Time: 2970000 | Total Job: 1329 | End job: 1049 | Running job: 7 | Pending job: 0
2022 May 06 15:29:10 | SpawnPoolWorker-6 | ed69ec | Time: 3000000 | Total Job: 1329 | End job: 1049 | Running job: 7 | Pending job: 0
2022 May 06 15:29:10 | SpawnPoolWorker-6 | ed69ec | Time: 3030000 | Total Job: 1329 | End job: 1049 | Running job: 7 | Pending job: 0
2022 May 06 15:29:10 | SpawnPoolWorker-6 | ed69ec | Time: 3060000 | Total Job: 1329 | End job: 1049 | Running job: 7 | Pending job: 0
2022 May 06 15:29:10 | SpawnPoolWorker-6 | ed69ec | Time: 3090000 | Total Job: 1329 | End job: 1049 | Running job: 7 | Pending job: 0
2022 May 06 15:29:10 | SpawnPoolWorker-6 | ed69ec | Time: 3120000 | Total Job: 1329 | End job: 1049 | Running job: 7 | Pending job: 0
2022 May 06 15:29:10 | SpawnPoolWorker-6 | ed69ec | Time: 3150000 | Total Job: 1329 | End job: 1049 | Running job: 7 | Pending job: 0
2022 May 06 15:29:10 | SpawnPoolWorker-6 | ed69ec | Time: 3180000 | Total Job: 1329 | End job: 1049 | Running job: 7 | Pending job: 0
2022 May 06 15:29:10 | SpawnPoolWorker-6 | ed69ec | Time: 3210000 | Total Job: 1329 | End job: 1049 | Running job: 7 | Pending job: 0
2022 May 06 15:29:10 | SpawnPoolWorker-6 | ed69ec | Time: 3240000 | Total Job: 1329 | End job: 1049 | Running job: 7 | Pending job: 0
2022 May 06 15:29:10 | SpawnPoolWorker-6 | ed69ec | Time: 3270000 | Total Job: 1329 | End job: 1066 | Running job: 6 | Pending job: 0
2022 May 06 15:29:11 | SpawnPoolWorker-6 | ed69ec | Time: 3300000 | Total Job: 1329 | End job: 1084 | Running job: 0 | Pending job: 0
2022 May 06 15:29:11 | SpawnPoolWorker-6 | ed69ec | Time: 3330000 | Total Job: 1329 | End job: 1084 | Running job: 0 | Pending job: 0
2022 May 06 15:29:11 | SpawnPoolWorker-6 | ed69ec | Time: 3360000 | Total Job: 1329 | End job: 1113 | Running job: 13 | Pending job: 0
2022 May 06 15:29:11 | SpawnPoolWorker-6 | ed69ec | Time: 3390000 | Total Job: 1329 | End job: 1126 | Running job: 0 | Pending job: 0
2022 May 06 15:29:11 | SpawnPoolWorker-6 | ed69ec | Time: 3420000 | Total Job: 1329 | End job: 1126 | Running job: 0 | Pending job: 0
2022 May 06 15:29:11 | SpawnPoolWorker-6 | ed69ec | Time: 3450000 | Total Job: 1329 | End job: 1172 | Running job: 4 | Pending job: 0
2022 May 06 15:29:11 | SpawnPoolWorker-6 | ed69ec | Time: 3480000 | Total Job: 1329 | End job: 1176 | Running job: 0 | Pending job: 0
2022 May 06 15:29:11 | SpawnPoolWorker-6 | ed69ec | Time: 3510000 | Total Job: 1329 | End job: 1177 | Running job: 0 | Pending job: 0
2022 May 06 15:29:11 | SpawnPoolWorker-6 | ed69ec | Time: 3540000 | Total Job: 1329 | End job: 1227 | Running job: 9 | Pending job: 0
2022 May 06 15:29:11 | SpawnPoolWorker-6 | ed69ec | Time: 3570000 | Total Job: 1329 | End job: 1228 | Running job: 11 | Pending job: 0
2022 May 06 15:29:11 | SpawnPoolWorker-6 | ed69ec | Time: 3600000 | Total Job: 1329 | End job: 1230 | Running job: 9 | Pending job: 0
2022 May 06 15:29:11 | SpawnPoolWorker-6 | ed69ec | Time: 3630000 | Total Job: 1329 | End job: 1236 | Running job: 3 | Pending job: 0
2022 May 06 15:29:11 | SpawnPoolWorker-6 | ed69ec | Time: 3660000 | Total Job: 1329 | End job: 1237 | Running job: 2 | Pending job: 0
2022 May 06 15:29:11 | SpawnPoolWorker-6 | ed69ec | Time: 3690000 | Total Job: 1329 | End job: 1239 | Running job: 0 | Pending job: 0
2022 May 06 15:29:11 | SpawnPoolWorker-6 | ed69ec | Time: 3720000 | Total Job: 1329 | End job: 1239 | Running job: 0 | Pending job: 0
2022 May 06 15:29:11 | SpawnPoolWorker-6 | ed69ec | Time: 3750000 | Total Job: 1329 | End job: 1239 | Running job: 0 | Pending job: 0
2022 May 06 15:29:11 | SpawnPoolWorker-6 | ed69ec | Time: 3780000 | Total Job: 1329 | End job: 1239 | Running job: 50 | Pending job: 0
2022 May 06 15:29:11 | SpawnPoolWorker-6 | ed69ec | Time: 3810000 | Total Job: 1329 | End job: 1289 | Running job: 0 | Pending job: 0
2022 May 06 15:29:11 | SpawnPoolWorker-6 | ed69ec | Time: 3840000 | Total Job: 1329 | End job: 1289 | Running job: 0 | Pending job: 0
2022 May 06 15:29:11 | SpawnPoolWorker-6 | ed69ec | Time: 3870000 | Total Job: 1329 | End job: 1289 | Running job: 0 | Pending job: 0
2022 May 06 15:29:11 | SpawnPoolWorker-6 | ed69ec | Time: 3900000 | Total Job: 1329 | End job: 1289 | Running job: 0 | Pending job: 0
2022 May 06 15:29:11 | SpawnPoolWorker-6 | ed69ec | Time: 3930000 | Total Job: 1329 | End job: 1289 | Running job: 0 | Pending job: 0
2022 May 06 15:29:11 | SpawnPoolWorker-6 | ed69ec | Time: 3960000 | Total Job: 1329 | End job: 1289 | Running job: 0 | Pending job: 0
2022 May 06 15:29:11 | SpawnPoolWorker-6 | ed69ec | Time: 3990000 | Total Job: 1329 | End job: 1289 | Running job: 0 | Pending job: 0
2022 May 06 15:29:11 | SpawnPoolWorker-6 | ed69ec | Time: 4020000 | Total Job: 1329 | End job: 1289 | Running job: 0 | Pending job: 0
2022 May 06 15:29:11 | SpawnPoolWorker-6 | ed69ec | Time: 4050000 | Total Job: 1329 | End job: 1289 | Running job: 0 | Pending job: 0
2022 May 06 15:29:11 | SpawnPoolWorker-6 | ed69ec | Time: 4080000 | Total Job: 1329 | End job: 1289 | Running job: 0 | Pending job: 0
2022 May 06 15:29:11 | SpawnPoolWorker-6 | ed69ec | Time: 4110000 | Total Job: 1329 | End job: 1289 | Running job: 0 | Pending job: 0
2022 May 06 15:29:11 | SpawnPoolWorker-6 | ed69ec | Time: 4140000 | Total Job: 1329 | End job: 1289 | Running job: 0 | Pending job: 0
2022 May 06 15:29:11 | SpawnPoolWorker-6 | ed69ec | Time: 4170000 | Total Job: 1329 | End job: 1289 | Running job: 0 | Pending job: 0
2022 May 06 15:29:11 | SpawnPoolWorker-6 | ed69ec | Time: 4200000 | Total Job: 1329 | End job: 1289 | Running job: 0 | Pending job: 0
2022 May 06 15:29:11 | SpawnPoolWorker-6 | ed69ec | Time: 4230000 | Total Job: 1329 | End job: 1289 | Running job: 0 | Pending job: 0
2022 May 06 15:29:11 | SpawnPoolWorker-6 | ed69ec | Time: 4260000 | Total Job: 1329 | End job: 1289 | Running job: 0 | Pending job: 0
2022 May 06 15:29:11 | SpawnPoolWorker-6 | ed69ec | Time: 4290000 | Total Job: 1329 | End job: 1289 | Running job: 0 | Pending job: 0
2022 May 06 15:29:11 | SpawnPoolWorker-6 | ed69ec | Time: 4320000 | Total Job: 1329 | End job: 1289 | Running job: 0 | Pending job: 0
2022 May 06 15:29:11 | SpawnPoolWorker-6 | ed69ec | Time: 4350000 | Total Job: 1329 | End job: 1289 | Running job: 0 | Pending job: 0
2022 May 06 15:29:11 | SpawnPoolWorker-6 | ed69ec | Time: 4380000 | Total Job: 1329 | End job: 1289 | Running job: 0 | Pending job: 0
2022 May 06 15:29:11 | SpawnPoolWorker-6 | ed69ec | Time: 4410000 | Total Job: 1329 | End job: 1289 | Running job: 0 | Pending job: 0
2022 May 06 15:29:11 | SpawnPoolWorker-6 | ed69ec | Time: 4440000 | Total Job: 1329 | End job: 1289 | Running job: 0 | Pending job: 0
2022 May 06 15:29:11 | SpawnPoolWorker-6 | ed69ec | Time: 4470000 | Total Job: 1329 | End job: 1289 | Running job: 0 | Pending job: 0
2022 May 06 15:29:11 | SpawnPoolWorker-6 | ed69ec | Time: 4500000 | Total Job: 1329 | End job: 1289 | Running job: 0 | Pending job: 0
2022 May 06 15:29:11 | SpawnPoolWorker-6 | ed69ec | Time: 4530000 | Total Job: 1329 | End job: 1289 | Running job: 0 | Pending job: 0
2022 May 06 15:29:11 | SpawnPoolWorker-6 | ed69ec | Time: 4560000 | Total Job: 1329 | End job: 1289 | Running job: 0 | Pending job: 0
2022 May 06 15:29:11 | SpawnPoolWorker-6 | ed69ec | Time: 4590000 | Total Job: 1329 | End job: 1289 | Running job: 0 | Pending job: 0
2022 May 06 15:29:11 | SpawnPoolWorker-6 | ed69ec | Time: 4620000 | Total Job: 1329 | End job: 1289 | Running job: 0 | Pending job: 0
2022 May 06 15:29:11 | SpawnPoolWorker-6 | ed69ec | Time: 4650000 | Total Job: 1329 | End job: 1289 | Running job: 0 | Pending job: 0
2022 May 06 15:29:11 | SpawnPoolWorker-6 | ed69ec | Time: 4680000 | Total Job: 1329 | End job: 1289 | Running job: 0 | Pending job: 0
2022 May 06 15:29:11 | SpawnPoolWorker-6 | ed69ec | Time: 4710000 | Total Job: 1329 | End job: 1289 | Running job: 0 | Pending job: 0
2022 May 06 15:29:12 | SpawnPoolWorker-6 | ed69ec | Time: 4740000 | Total Job: 1329 | End job: 1289 | Running job: 0 | Pending job: 0
2022 May 06 15:29:12 | SpawnPoolWorker-6 | ed69ec | Time: 4770000 | Total Job: 1329 | End job: 1289 | Running job: 0 | Pending job: 0
2022 May 06 15:29:12 | SpawnPoolWorker-6 | ed69ec | Time: 4800000 | Total Job: 1329 | End job: 1289 | Running job: 0 | Pending job: 0
2022 May 06 15:29:12 | SpawnPoolWorker-6 | ed69ec | Time: 4830000 | Total Job: 1329 | End job: 1289 | Running job: 0 | Pending job: 0
2022 May 06 15:29:12 | SpawnPoolWorker-6 | ed69ec | Time: 4860000 | Total Job: 1329 | End job: 1289 | Running job: 0 | Pending job: 0
2022 May 06 15:29:12 | SpawnPoolWorker-6 | ed69ec | Time: 4890000 | Total Job: 1329 | End job: 1289 | Running job: 0 | Pending job: 0
2022 May 06 15:29:12 | SpawnPoolWorker-6 | ed69ec | Time: 4920000 | Total Job: 1329 | End job: 1289 | Running job: 0 | Pending job: 0
2022 May 06 15:29:12 | SpawnPoolWorker-6 | ed69ec | Time: 4950000 | Total Job: 1329 | End job: 1289 | Running job: 0 | Pending job: 0
2022 May 06 15:29:12 | SpawnPoolWorker-6 | ed69ec | Time: 4980000 | Total Job: 1329 | End job: 1289 | Running job: 0 | Pending job: 0
2022 May 06 15:29:12 | SpawnPoolWorker-6 | ed69ec | Time: 5010000 | Total Job: 1329 | End job: 1289 | Running job: 0 | Pending job: 0
2022 May 06 15:29:12 | SpawnPoolWorker-6 | ed69ec | Time: 5040000 | Total Job: 1329 | End job: 1289 | Running job: 0 | Pending job: 0
2022 May 06 15:29:12 | SpawnPoolWorker-6 | ed69ec | Time: 5070000 | Total Job: 1329 | End job: 1289 | Running job: 0 | Pending job: 0
2022 May 06 15:29:12 | SpawnPoolWorker-6 | ed69ec | Time: 5100000 | Total Job: 1329 | End job: 1289 | Running job: 0 | Pending job: 0
2022 May 06 15:29:12 | SpawnPoolWorker-6 | ed69ec | Time: 5130000 | Total Job: 1329 | End job: 1289 | Running job: 0 | Pending job: 0
2022 May 06 15:29:12 | SpawnPoolWorker-6 | ed69ec | Time: 5160000 | Total Job: 1329 | End job: 1289 | Running job: 0 | Pending job: 0
2022 May 06 15:29:12 | SpawnPoolWorker-6 | ed69ec | Time: 5190000 | Total Job: 1329 | End job: 1289 | Running job: 0 | Pending job: 0
2022 May 06 15:29:12 | SpawnPoolWorker-6 | ed69ec | Time: 5220000 | Total Job: 1329 | End job: 1289 | Running job: 0 | Pending job: 0
2022 May 06 15:29:12 | SpawnPoolWorker-6 | ed69ec | Time: 5250000 | Total Job: 1329 | End job: 1289 | Running job: 0 | Pending job: 0
2022 May 06 15:29:12 | SpawnPoolWorker-6 | ed69ec | Time: 5280000 | Total Job: 1329 | End job: 1309 | Running job: 20 | Pending job: 0
2022 May 06 15:29:12 | SpawnPoolWorker-6 | ed69ec | Time: 5310000 | Total Job: 1329 | End job: 1317 | Running job: 12 | Pending job: 0
2022 May 06 15:29:12 | SpawnPoolWorker-6 | ed69ec | Time: 5340000 | Total Job: 1329 | End job: 1328 | Running job: 1 | Pending job: 0
2022 May 06 15:29:12 | SpawnPoolWorker-6 | ed69ec | Average JCT: 28377.68 | Average Queue: 59.81
2022 May 06 15:29:12 | SpawnPoolWorker-6 | Finish ed69ec
2022 May 06 15:29:12 | SpawnPoolWorker-6 | begin to save
2022 May 06 15:29:13 | SpawnPoolWorker-6 | saved successfully
