2022 May 07 11:31:58 | SpawnPoolWorker-2 | 11cb48 | Time: 0 | Total Job: 14073 | End job: 0 | Running job: 0 | Pending job: 0
2022 May 07 11:32:02 | SpawnPoolWorker-2 | 11cb48 | Time: 30000 | Total Job: 14073 | End job: 63 | Running job: 1 | Pending job: 0
2022 May 07 11:32:07 | SpawnPoolWorker-2 | 11cb48 | Time: 60000 | Total Job: 14073 | End job: 126 | Running job: 1 | Pending job: 0
2022 May 07 11:32:11 | SpawnPoolWorker-2 | 11cb48 | Time: 90000 | Total Job: 14073 | End job: 186 | Running job: 1 | Pending job: 0
2022 May 07 11:32:16 | SpawnPoolWorker-2 | 11cb48 | Time: 120000 | Total Job: 14073 | End job: 257 | Running job: 2 | Pending job: 0
2022 May 07 11:32:19 | SpawnPoolWorker-2 | 11cb48 | Time: 150000 | Total Job: 14073 | End job: 326 | Running job: 2 | Pending job: 0
2022 May 07 11:32:23 | SpawnPoolWorker-2 | 11cb48 | Time: 180000 | Total Job: 14073 | End job: 414 | Running job: 4 | Pending job: 0
2022 May 07 11:32:26 | SpawnPoolWorker-2 | 11cb48 | Time: 210000 | Total Job: 14073 | End job: 497 | Running job: 5 | Pending job: 0
2022 May 07 11:32:29 | SpawnPoolWorker-2 | 11cb48 | Time: 240000 | Total Job: 14073 | End job: 578 | Running job: 17 | Pending job: 0
2022 May 07 11:32:32 | SpawnPoolWorker-2 | 11cb48 | Time: 270000 | Total Job: 14073 | End job: 656 | Running job: 14 | Pending job: 0
2022 May 07 11:32:35 | SpawnPoolWorker-2 | 11cb48 | Time: 300000 | Total Job: 14073 | End job: 722 | Running job: 8 | Pending job: 0
2022 May 07 11:32:38 | SpawnPoolWorker-2 | 11cb48 | Time: 330000 | Total Job: 14073 | End job: 809 | Running job: 10 | Pending job: 0
2022 May 07 11:32:41 | SpawnPoolWorker-2 | 11cb48 | Time: 360000 | Total Job: 14073 | End job: 898 | Running job: 13 | Pending job: 3
2022 May 07 11:32:44 | SpawnPoolWorker-2 | 11cb48 | Time: 390000 | Total Job: 14073 | End job: 967 | Running job: 12 | Pending job: 4
2022 May 07 11:32:47 | SpawnPoolWorker-2 | 11cb48 | Time: 420000 | Total Job: 14073 | End job: 1038 | Running job: 16 | Pending job: 6
2022 May 07 11:32:49 | SpawnPoolWorker-2 | 11cb48 | Time: 450000 | Total Job: 14073 | End job: 1124 | Running job: 10 | Pending job: 9
2022 May 07 11:32:52 | SpawnPoolWorker-2 | 11cb48 | Time: 480000 | Total Job: 14073 | End job: 1182 | Running job: 6 | Pending job: 9
2022 May 07 11:32:55 | SpawnPoolWorker-2 | 11cb48 | Time: 510000 | Total Job: 14073 | End job: 1279 | Running job: 8 | Pending job: 10
2022 May 07 11:32:58 | SpawnPoolWorker-2 | 11cb48 | Time: 540000 | Total Job: 14073 | End job: 1346 | Running job: 7 | Pending job: 10
2022 May 07 11:33:00 | SpawnPoolWorker-2 | 11cb48 | Time: 570000 | Total Job: 14073 | End job: 1403 | Running job: 7 | Pending job: 10
2022 May 07 11:33:03 | SpawnPoolWorker-2 | 11cb48 | Time: 600000 | Total Job: 14073 | End job: 1465 | Running job: 5 | Pending job: 12
2022 May 07 11:33:06 | SpawnPoolWorker-2 | 11cb48 | Time: 630000 | Total Job: 14073 | End job: 1525 | Running job: 5 | Pending job: 12
2022 May 07 11:33:08 | SpawnPoolWorker-2 | 11cb48 | Time: 660000 | Total Job: 14073 | End job: 1578 | Running job: 5 | Pending job: 13
2022 May 07 11:33:11 | SpawnPoolWorker-2 | 11cb48 | Time: 690000 | Total Job: 14073 | End job: 1634 | Running job: 11 | Pending job: 13
2022 May 07 11:33:14 | SpawnPoolWorker-2 | 11cb48 | Time: 720000 | Total Job: 14073 | End job: 1705 | Running job: 5 | Pending job: 13
2022 May 07 11:33:16 | SpawnPoolWorker-2 | 11cb48 | Time: 750000 | Total Job: 14073 | End job: 1774 | Running job: 5 | Pending job: 13
2022 May 07 11:33:18 | SpawnPoolWorker-2 | 11cb48 | Time: 780000 | Total Job: 14073 | End job: 1844 | Running job: 8 | Pending job: 15
2022 May 07 11:33:21 | SpawnPoolWorker-2 | 11cb48 | Time: 810000 | Total Job: 14073 | End job: 1905 | Running job: 8 | Pending job: 15
2022 May 07 11:33:23 | SpawnPoolWorker-2 | 11cb48 | Time: 840000 | Total Job: 14073 | End job: 2063 | Running job: 15 | Pending job: 20
2022 May 07 11:33:26 | SpawnPoolWorker-2 | 11cb48 | Time: 870000 | Total Job: 14073 | End job: 2163 | Running job: 16 | Pending job: 24
2022 May 07 11:33:28 | SpawnPoolWorker-2 | 11cb48 | Time: 900000 | Total Job: 14073 | End job: 2273 | Running job: 10 | Pending job: 24
2022 May 07 11:33:30 | SpawnPoolWorker-2 | 11cb48 | Time: 930000 | Total Job: 14073 | End job: 2341 | Running job: 7 | Pending job: 30
2022 May 07 11:33:33 | SpawnPoolWorker-2 | 11cb48 | Time: 960000 | Total Job: 14073 | End job: 2449 | Running job: 8 | Pending job: 35
2022 May 07 11:33:35 | SpawnPoolWorker-2 | 11cb48 | Time: 990000 | Total Job: 14073 | End job: 2473 | Running job: 31 | Pending job: 36
2022 May 07 11:33:37 | SpawnPoolWorker-2 | 11cb48 | Time: 1020000 | Total Job: 14073 | End job: 2557 | Running job: 21 | Pending job: 37
2022 May 07 11:33:39 | SpawnPoolWorker-2 | 11cb48 | Time: 1050000 | Total Job: 14073 | End job: 2626 | Running job: 13 | Pending job: 37
2022 May 07 11:33:41 | SpawnPoolWorker-2 | 11cb48 | Time: 1080000 | Total Job: 14073 | End job: 2757 | Running job: 12 | Pending job: 40
2022 May 07 11:33:44 | SpawnPoolWorker-2 | 11cb48 | Time: 1110000 | Total Job: 14073 | End job: 2853 | Running job: 15 | Pending job: 43
2022 May 07 11:33:47 | SpawnPoolWorker-2 | 11cb48 | Time: 1140000 | Total Job: 14073 | End job: 3014 | Running job: 120 | Pending job: 107
2022 May 07 11:33:49 | SpawnPoolWorker-2 | 11cb48 | Time: 1170000 | Total Job: 14073 | End job: 3240 | Running job: 10 | Pending job: 56
2022 May 07 11:33:51 | SpawnPoolWorker-2 | 11cb48 | Time: 1200000 | Total Job: 14073 | End job: 3301 | Running job: 11 | Pending job: 59
2022 May 07 11:33:53 | SpawnPoolWorker-2 | 11cb48 | Time: 1230000 | Total Job: 14073 | End job: 3363 | Running job: 6 | Pending job: 59
2022 May 07 11:33:55 | SpawnPoolWorker-2 | 11cb48 | Time: 1260000 | Total Job: 14073 | End job: 3426 | Running job: 5 | Pending job: 59
2022 May 07 11:33:56 | SpawnPoolWorker-2 | 11cb48 | Time: 1290000 | Total Job: 14073 | End job: 3492 | Running job: 4 | Pending job: 62
2022 May 07 11:33:58 | SpawnPoolWorker-2 | 11cb48 | Time: 1320000 | Total Job: 14073 | End job: 3567 | Running job: 11 | Pending job: 65
2022 May 07 11:34:00 | SpawnPoolWorker-2 | 11cb48 | Time: 1350000 | Total Job: 14073 | End job: 3633 | Running job: 16 | Pending job: 65
2022 May 07 11:34:02 | SpawnPoolWorker-2 | 11cb48 | Time: 1380000 | Total Job: 14073 | End job: 3706 | Running job: 12 | Pending job: 65
2022 May 07 11:34:04 | SpawnPoolWorker-2 | 11cb48 | Time: 1410000 | Total Job: 14073 | End job: 3784 | Running job: 8 | Pending job: 66
2022 May 07 11:34:06 | SpawnPoolWorker-2 | 11cb48 | Time: 1440000 | Total Job: 14073 | End job: 3847 | Running job: 10 | Pending job: 67
2022 May 07 11:34:08 | SpawnPoolWorker-2 | 11cb48 | Time: 1470000 | Total Job: 14073 | End job: 3933 | Running job: 10 | Pending job: 67
2022 May 07 11:34:09 | SpawnPoolWorker-2 | 11cb48 | Time: 1500000 | Total Job: 14073 | End job: 4006 | Running job: 8 | Pending job: 68
2022 May 07 11:34:11 | SpawnPoolWorker-2 | 11cb48 | Time: 1530000 | Total Job: 14073 | End job: 4082 | Running job: 6 | Pending job: 71
2022 May 07 11:34:13 | SpawnPoolWorker-2 | 11cb48 | Time: 1560000 | Total Job: 14073 | End job: 4165 | Running job: 8 | Pending job: 72
2022 May 07 11:34:14 | SpawnPoolWorker-2 | 11cb48 | Time: 1590000 | Total Job: 14073 | End job: 4247 | Running job: 3 | Pending job: 77
2022 May 07 11:34:16 | SpawnPoolWorker-2 | 11cb48 | Time: 1620000 | Total Job: 14073 | End job: 4321 | Running job: 5 | Pending job: 84
2022 May 07 11:34:18 | SpawnPoolWorker-2 | 11cb48 | Time: 1650000 | Total Job: 14073 | End job: 4405 | Running job: 2 | Pending job: 86
2022 May 07 11:34:19 | SpawnPoolWorker-2 | 11cb48 | Time: 1680000 | Total Job: 14073 | End job: 4501 | Running job: 12 | Pending job: 87
2022 May 07 11:34:21 | SpawnPoolWorker-2 | 11cb48 | Time: 1710000 | Total Job: 14073 | End job: 4575 | Running job: 10 | Pending job: 87
2022 May 07 11:34:22 | SpawnPoolWorker-2 | 11cb48 | Time: 1740000 | Total Job: 14073 | End job: 4678 | Running job: 8 | Pending job: 87
2022 May 07 11:34:23 | SpawnPoolWorker-2 | 11cb48 | Time: 1770000 | Total Job: 14073 | End job: 4744 | Running job: 3 | Pending job: 87
2022 May 07 11:34:25 | SpawnPoolWorker-2 | 11cb48 | Time: 1800000 | Total Job: 14073 | End job: 4806 | Running job: 4 | Pending job: 88
2022 May 07 11:34:26 | SpawnPoolWorker-2 | 11cb48 | Time: 1830000 | Total Job: 14073 | End job: 4876 | Running job: 1 | Pending job: 89
2022 May 07 11:34:27 | SpawnPoolWorker-2 | 11cb48 | Time: 1860000 | Total Job: 14073 | End job: 4928 | Running job: 4 | Pending job: 94
2022 May 07 11:34:28 | SpawnPoolWorker-2 | 11cb48 | Time: 1890000 | Total Job: 14073 | End job: 4996 | Running job: 4 | Pending job: 95
2022 May 07 11:34:30 | SpawnPoolWorker-2 | 11cb48 | Time: 1920000 | Total Job: 14073 | End job: 5055 | Running job: 2 | Pending job: 96
2022 May 07 11:34:31 | SpawnPoolWorker-2 | 11cb48 | Time: 1950000 | Total Job: 14073 | End job: 5120 | Running job: 9 | Pending job: 100
2022 May 07 11:34:32 | SpawnPoolWorker-2 | 11cb48 | Time: 1980000 | Total Job: 14073 | End job: 5195 | Running job: 8 | Pending job: 105
2022 May 07 11:34:33 | SpawnPoolWorker-2 | 11cb48 | Time: 2010000 | Total Job: 14073 | End job: 5249 | Running job: 9 | Pending job: 106
2022 May 07 11:34:35 | SpawnPoolWorker-2 | 11cb48 | Time: 2040000 | Total Job: 14073 | End job: 5301 | Running job: 9 | Pending job: 110
2022 May 07 11:34:36 | SpawnPoolWorker-2 | 11cb48 | Time: 2070000 | Total Job: 14073 | End job: 5365 | Running job: 8 | Pending job: 112
2022 May 07 11:34:37 | SpawnPoolWorker-2 | 11cb48 | Time: 2100000 | Total Job: 14073 | End job: 5451 | Running job: 12 | Pending job: 115
2022 May 07 11:34:39 | SpawnPoolWorker-2 | 11cb48 | Time: 2130000 | Total Job: 14073 | End job: 5532 | Running job: 10 | Pending job: 115
2022 May 07 11:34:40 | SpawnPoolWorker-2 | 11cb48 | Time: 2160000 | Total Job: 14073 | End job: 5652 | Running job: 21 | Pending job: 118
2022 May 07 11:34:41 | SpawnPoolWorker-2 | 11cb48 | Time: 2190000 | Total Job: 14073 | End job: 5722 | Running job: 10 | Pending job: 121
2022 May 07 11:34:42 | SpawnPoolWorker-2 | 11cb48 | Time: 2220000 | Total Job: 14073 | End job: 5796 | Running job: 10 | Pending job: 123
2022 May 07 11:34:44 | SpawnPoolWorker-2 | 11cb48 | Time: 2250000 | Total Job: 14073 | End job: 5863 | Running job: 9 | Pending job: 125
2022 May 07 11:34:45 | SpawnPoolWorker-2 | 11cb48 | Time: 2280000 | Total Job: 14073 | End job: 5935 | Running job: 3 | Pending job: 126
2022 May 07 11:34:46 | SpawnPoolWorker-2 | 11cb48 | Time: 2310000 | Total Job: 14073 | End job: 5997 | Running job: 5 | Pending job: 129
2022 May 07 11:34:47 | SpawnPoolWorker-2 | 11cb48 | Time: 2340000 | Total Job: 14073 | End job: 6073 | Running job: 6 | Pending job: 130
2022 May 07 11:34:48 | SpawnPoolWorker-2 | 11cb48 | Time: 2370000 | Total Job: 14073 | End job: 6141 | Running job: 3 | Pending job: 131
2022 May 07 11:34:50 | SpawnPoolWorker-2 | 11cb48 | Time: 2400000 | Total Job: 14073 | End job: 6201 | Running job: 2 | Pending job: 131
2022 May 07 11:34:51 | SpawnPoolWorker-2 | 11cb48 | Time: 2430000 | Total Job: 14073 | End job: 6262 | Running job: 2 | Pending job: 131
2022 May 07 11:34:52 | SpawnPoolWorker-2 | 11cb48 | Time: 2460000 | Total Job: 14073 | End job: 6326 | Running job: 1 | Pending job: 131
2022 May 07 11:34:53 | SpawnPoolWorker-2 | 11cb48 | Time: 2490000 | Total Job: 14073 | End job: 6400 | Running job: 57 | Pending job: 57
2022 May 07 11:34:54 | SpawnPoolWorker-2 | 11cb48 | Time: 2520000 | Total Job: 14073 | End job: 6471 | Running job: 46 | Pending job: 55
2022 May 07 11:34:55 | SpawnPoolWorker-2 | 11cb48 | Time: 2550000 | Total Job: 14073 | End job: 6537 | Running job: 54 | Pending job: 38
2022 May 07 11:34:56 | SpawnPoolWorker-2 | 11cb48 | Time: 2580000 | Total Job: 14073 | End job: 6626 | Running job: 51 | Pending job: 27
2022 May 07 11:34:57 | SpawnPoolWorker-2 | 11cb48 | Time: 2610000 | Total Job: 14073 | End job: 6713 | Running job: 52 | Pending job: 15
2022 May 07 11:34:58 | SpawnPoolWorker-2 | 11cb48 | Time: 2640000 | Total Job: 14073 | End job: 6796 | Running job: 47 | Pending job: 8
2022 May 07 11:34:59 | SpawnPoolWorker-2 | 11cb48 | Time: 2670000 | Total Job: 14073 | End job: 6879 | Running job: 39 | Pending job: 8
2022 May 07 11:35:00 | SpawnPoolWorker-2 | 11cb48 | Time: 2700000 | Total Job: 14073 | End job: 6948 | Running job: 36 | Pending job: 8
2022 May 07 11:35:02 | SpawnPoolWorker-2 | 11cb48 | Time: 2730000 | Total Job: 14073 | End job: 7037 | Running job: 30 | Pending job: 3
2022 May 07 11:35:03 | SpawnPoolWorker-2 | 11cb48 | Time: 2760000 | Total Job: 14073 | End job: 7106 | Running job: 29 | Pending job: 3
2022 May 07 11:35:04 | SpawnPoolWorker-2 | 11cb48 | Time: 2790000 | Total Job: 14073 | End job: 7175 | Running job: 32 | Pending job: 3
2022 May 07 11:35:05 | SpawnPoolWorker-2 | 11cb48 | Time: 2820000 | Total Job: 14073 | End job: 7266 | Running job: 27 | Pending job: 3
2022 May 07 11:35:06 | SpawnPoolWorker-2 | 11cb48 | Time: 2850000 | Total Job: 14073 | End job: 7364 | Running job: 28 | Pending job: 3
2022 May 07 11:35:07 | SpawnPoolWorker-2 | 11cb48 | Time: 2880000 | Total Job: 14073 | End job: 7444 | Running job: 20 | Pending job: 3
2022 May 07 11:35:08 | SpawnPoolWorker-2 | 11cb48 | Time: 2910000 | Total Job: 14073 | End job: 7505 | Running job: 26 | Pending job: 0
2022 May 07 11:35:08 | SpawnPoolWorker-2 | 11cb48 | Time: 2940000 | Total Job: 14073 | End job: 7587 | Running job: 38 | Pending job: 0
2022 May 07 11:35:09 | SpawnPoolWorker-2 | 11cb48 | Time: 2970000 | Total Job: 14073 | End job: 7674 | Running job: 23 | Pending job: 0
2022 May 07 11:35:09 | SpawnPoolWorker-2 | 11cb48 | Time: 3000000 | Total Job: 14073 | End job: 7747 | Running job: 24 | Pending job: 0
2022 May 07 11:35:10 | SpawnPoolWorker-2 | 11cb48 | Time: 3030000 | Total Job: 14073 | End job: 7816 | Running job: 31 | Pending job: 0
2022 May 07 11:35:10 | SpawnPoolWorker-2 | 11cb48 | Time: 3060000 | Total Job: 14073 | End job: 7899 | Running job: 24 | Pending job: 0
2022 May 07 11:35:11 | SpawnPoolWorker-2 | 11cb48 | Time: 3090000 | Total Job: 14073 | End job: 7965 | Running job: 19 | Pending job: 0
2022 May 07 11:35:12 | SpawnPoolWorker-2 | 11cb48 | Time: 3120000 | Total Job: 14073 | End job: 8032 | Running job: 17 | Pending job: 0
2022 May 07 11:35:12 | SpawnPoolWorker-2 | 11cb48 | Time: 3150000 | Total Job: 14073 | End job: 8103 | Running job: 17 | Pending job: 0
2022 May 07 11:35:13 | SpawnPoolWorker-2 | 11cb48 | Time: 3180000 | Total Job: 14073 | End job: 8170 | Running job: 14 | Pending job: 0
2022 May 07 11:35:13 | SpawnPoolWorker-2 | 11cb48 | Time: 3210000 | Total Job: 14073 | End job: 8267 | Running job: 25 | Pending job: 0
2022 May 07 11:35:14 | SpawnPoolWorker-2 | 11cb48 | Time: 3240000 | Total Job: 14073 | End job: 8340 | Running job: 27 | Pending job: 0
2022 May 07 11:35:14 | SpawnPoolWorker-2 | 11cb48 | Time: 3270000 | Total Job: 14073 | End job: 8406 | Running job: 28 | Pending job: 0
2022 May 07 11:35:15 | SpawnPoolWorker-2 | 11cb48 | Time: 3300000 | Total Job: 14073 | End job: 8509 | Running job: 31 | Pending job: 5
2022 May 07 11:35:16 | SpawnPoolWorker-2 | 11cb48 | Time: 3330000 | Total Job: 14073 | End job: 8586 | Running job: 31 | Pending job: 6
2022 May 07 11:35:17 | SpawnPoolWorker-2 | 11cb48 | Time: 3360000 | Total Job: 14073 | End job: 8668 | Running job: 19 | Pending job: 5
2022 May 07 11:35:18 | SpawnPoolWorker-2 | 11cb48 | Time: 3390000 | Total Job: 14073 | End job: 8738 | Running job: 17 | Pending job: 8
2022 May 07 11:35:18 | SpawnPoolWorker-2 | 11cb48 | Time: 3420000 | Total Job: 14073 | End job: 8807 | Running job: 17 | Pending job: 6
2022 May 07 11:35:19 | SpawnPoolWorker-2 | 11cb48 | Time: 3450000 | Total Job: 14073 | End job: 8875 | Running job: 23 | Pending job: 5
2022 May 07 11:35:20 | SpawnPoolWorker-2 | 11cb48 | Time: 3480000 | Total Job: 14073 | End job: 8955 | Running job: 27 | Pending job: 5
2022 May 07 11:35:21 | SpawnPoolWorker-2 | 11cb48 | Time: 3510000 | Total Job: 14073 | End job: 9034 | Running job: 26 | Pending job: 3
2022 May 07 11:35:22 | SpawnPoolWorker-2 | 11cb48 | Time: 3540000 | Total Job: 14073 | End job: 9103 | Running job: 29 | Pending job: 0
2022 May 07 11:35:23 | SpawnPoolWorker-2 | 11cb48 | Time: 3570000 | Total Job: 14073 | End job: 9150 | Running job: 22 | Pending job: 72
2022 May 07 11:35:23 | SpawnPoolWorker-2 | 11cb48 | Time: 3600000 | Total Job: 14073 | End job: 9285 | Running job: 22 | Pending job: 1
2022 May 07 11:35:24 | SpawnPoolWorker-2 | 11cb48 | Time: 3630000 | Total Job: 14073 | End job: 9375 | Running job: 21 | Pending job: 3
2022 May 07 11:35:25 | SpawnPoolWorker-2 | 11cb48 | Time: 3660000 | Total Job: 14073 | End job: 9441 | Running job: 21 | Pending job: 14
2022 May 07 11:35:26 | SpawnPoolWorker-2 | 11cb48 | Time: 3690000 | Total Job: 14073 | End job: 9517 | Running job: 21 | Pending job: 9
2022 May 07 11:35:27 | SpawnPoolWorker-2 | 11cb48 | Time: 3720000 | Total Job: 14073 | End job: 9590 | Running job: 19 | Pending job: 5
2022 May 07 11:35:27 | SpawnPoolWorker-2 | 11cb48 | Time: 3750000 | Total Job: 14073 | End job: 9669 | Running job: 19 | Pending job: 4
2022 May 07 11:35:28 | SpawnPoolWorker-2 | 11cb48 | Time: 3780000 | Total Job: 14073 | End job: 9758 | Running job: 21 | Pending job: 0
2022 May 07 11:35:29 | SpawnPoolWorker-2 | 11cb48 | Time: 3810000 | Total Job: 14073 | End job: 9867 | Running job: 26 | Pending job: 0
2022 May 07 11:35:29 | SpawnPoolWorker-2 | 11cb48 | Time: 3840000 | Total Job: 14073 | End job: 9966 | Running job: 39 | Pending job: 0
2022 May 07 11:35:30 | SpawnPoolWorker-2 | 11cb48 | Time: 3870000 | Total Job: 14073 | End job: 10177 | Running job: 22 | Pending job: 0
2022 May 07 11:35:30 | SpawnPoolWorker-2 | 11cb48 | Time: 3900000 | Total Job: 14073 | End job: 10263 | Running job: 24 | Pending job: 0
2022 May 07 11:35:30 | SpawnPoolWorker-2 | 11cb48 | Time: 3930000 | Total Job: 14073 | End job: 10346 | Running job: 26 | Pending job: 0
2022 May 07 11:35:31 | SpawnPoolWorker-2 | 11cb48 | Time: 3960000 | Total Job: 14073 | End job: 10423 | Running job: 26 | Pending job: 18
2022 May 07 11:35:32 | SpawnPoolWorker-2 | 11cb48 | Time: 3990000 | Total Job: 14073 | End job: 10427 | Running job: 26 | Pending job: 148
2022 May 07 11:35:33 | SpawnPoolWorker-2 | 11cb48 | Time: 4020000 | Total Job: 14073 | End job: 10435 | Running job: 21 | Pending job: 310
2022 May 07 11:35:34 | SpawnPoolWorker-2 | 11cb48 | Time: 4050000 | Total Job: 14073 | End job: 10826 | Running job: 29 | Pending job: 33
2022 May 07 11:35:35 | SpawnPoolWorker-2 | 11cb48 | Time: 4080000 | Total Job: 14073 | End job: 11029 | Running job: 28 | Pending job: 24
2022 May 07 11:35:36 | SpawnPoolWorker-2 | 11cb48 | Time: 4110000 | Total Job: 14073 | End job: 11087 | Running job: 27 | Pending job: 51
2022 May 07 11:35:37 | SpawnPoolWorker-2 | 11cb48 | Time: 4140000 | Total Job: 14073 | End job: 11091 | Running job: 23 | Pending job: 131
2022 May 07 11:35:37 | SpawnPoolWorker-2 | 11cb48 | Time: 4170000 | Total Job: 14073 | End job: 11308 | Running job: 26 | Pending job: 30
2022 May 07 11:35:38 | SpawnPoolWorker-2 | 11cb48 | Time: 4200000 | Total Job: 14073 | End job: 11382 | Running job: 21 | Pending job: 22
2022 May 07 11:35:39 | SpawnPoolWorker-2 | 11cb48 | Time: 4230000 | Total Job: 14073 | End job: 11440 | Running job: 28 | Pending job: 27
2022 May 07 11:35:39 | SpawnPoolWorker-2 | 11cb48 | Time: 4260000 | Total Job: 14073 | End job: 11504 | Running job: 28 | Pending job: 13
2022 May 07 11:35:39 | SpawnPoolWorker-2 | 11cb48 | Time: 4290000 | Total Job: 14073 | End job: 11561 | Running job: 28 | Pending job: 6
2022 May 07 11:35:40 | SpawnPoolWorker-2 | 11cb48 | Time: 4320000 | Total Job: 14073 | End job: 11613 | Running job: 30 | Pending job: 8
2022 May 07 11:35:40 | SpawnPoolWorker-2 | 11cb48 | Time: 4350000 | Total Job: 14073 | End job: 11673 | Running job: 26 | Pending job: 6
2022 May 07 11:35:41 | SpawnPoolWorker-2 | 11cb48 | Time: 4380000 | Total Job: 14073 | End job: 11737 | Running job: 29 | Pending job: 15
2022 May 07 11:35:42 | SpawnPoolWorker-2 | 11cb48 | Time: 4410000 | Total Job: 14073 | End job: 11829 | Running job: 30 | Pending job: 30
2022 May 07 11:35:42 | SpawnPoolWorker-2 | 11cb48 | Time: 4440000 | Total Job: 14073 | End job: 11832 | Running job: 27 | Pending job: 119
2022 May 07 11:35:43 | SpawnPoolWorker-2 | 11cb48 | Time: 4470000 | Total Job: 14073 | End job: 11988 | Running job: 31 | Pending job: 23
2022 May 07 11:35:43 | SpawnPoolWorker-2 | 11cb48 | Time: 4500000 | Total Job: 14073 | End job: 12070 | Running job: 31 | Pending job: 7
2022 May 07 11:35:44 | SpawnPoolWorker-2 | 11cb48 | Time: 4530000 | Total Job: 14073 | End job: 12144 | Running job: 31 | Pending job: 7
2022 May 07 11:35:45 | SpawnPoolWorker-2 | 11cb48 | Time: 4560000 | Total Job: 14073 | End job: 12217 | Running job: 24 | Pending job: 7
2022 May 07 11:35:45 | SpawnPoolWorker-2 | 11cb48 | Time: 4590000 | Total Job: 14073 | End job: 12301 | Running job: 24 | Pending job: 1
2022 May 07 11:35:46 | SpawnPoolWorker-2 | 11cb48 | Time: 4620000 | Total Job: 14073 | End job: 12383 | Running job: 26 | Pending job: 1
2022 May 07 11:35:46 | SpawnPoolWorker-2 | 11cb48 | Time: 4650000 | Total Job: 14073 | End job: 12455 | Running job: 24 | Pending job: 1
2022 May 07 11:35:46 | SpawnPoolWorker-2 | 11cb48 | Time: 4680000 | Total Job: 14073 | End job: 12542 | Running job: 20 | Pending job: 0
2022 May 07 11:35:47 | SpawnPoolWorker-2 | 11cb48 | Time: 4710000 | Total Job: 14073 | End job: 12621 | Running job: 22 | Pending job: 0
2022 May 07 11:35:47 | SpawnPoolWorker-2 | 11cb48 | Time: 4740000 | Total Job: 14073 | End job: 12687 | Running job: 20 | Pending job: 0
2022 May 07 11:35:47 | SpawnPoolWorker-2 | 11cb48 | Time: 4770000 | Total Job: 14073 | End job: 12746 | Running job: 17 | Pending job: 0
2022 May 07 11:35:47 | SpawnPoolWorker-2 | 11cb48 | Time: 4800000 | Total Job: 14073 | End job: 12813 | Running job: 17 | Pending job: 0
2022 May 07 11:35:47 | SpawnPoolWorker-2 | 11cb48 | Time: 4830000 | Total Job: 14073 | End job: 12875 | Running job: 16 | Pending job: 0
2022 May 07 11:35:47 | SpawnPoolWorker-2 | 11cb48 | Time: 4860000 | Total Job: 14073 | End job: 12933 | Running job: 15 | Pending job: 0
2022 May 07 11:35:47 | SpawnPoolWorker-2 | 11cb48 | Time: 4890000 | Total Job: 14073 | End job: 13003 | Running job: 16 | Pending job: 0
2022 May 07 11:35:47 | SpawnPoolWorker-2 | 11cb48 | Time: 4920000 | Total Job: 14073 | End job: 13064 | Running job: 15 | Pending job: 0
2022 May 07 11:35:47 | SpawnPoolWorker-2 | 11cb48 | Time: 4950000 | Total Job: 14073 | End job: 13131 | Running job: 19 | Pending job: 0
2022 May 07 11:35:48 | SpawnPoolWorker-2 | 11cb48 | Time: 4980000 | Total Job: 14073 | End job: 13215 | Running job: 22 | Pending job: 0
2022 May 07 11:35:48 | SpawnPoolWorker-2 | 11cb48 | Time: 5010000 | Total Job: 14073 | End job: 13325 | Running job: 20 | Pending job: 0
2022 May 07 11:35:48 | SpawnPoolWorker-2 | 11cb48 | Time: 5040000 | Total Job: 14073 | End job: 13402 | Running job: 27 | Pending job: 0
2022 May 07 11:35:48 | SpawnPoolWorker-2 | 11cb48 | Time: 5070000 | Total Job: 14073 | End job: 13491 | Running job: 24 | Pending job: 0
2022 May 07 11:35:48 | SpawnPoolWorker-2 | 11cb48 | Time: 5100000 | Total Job: 14073 | End job: 13582 | Running job: 22 | Pending job: 0
2022 May 07 11:35:48 | SpawnPoolWorker-2 | 11cb48 | Time: 5130000 | Total Job: 14073 | End job: 13645 | Running job: 34 | Pending job: 0
2022 May 07 11:35:48 | SpawnPoolWorker-2 | 11cb48 | Time: 5160000 | Total Job: 14073 | End job: 13713 | Running job: 34 | Pending job: 0
2022 May 07 11:35:48 | SpawnPoolWorker-2 | 11cb48 | Time: 5190000 | Total Job: 14073 | End job: 13804 | Running job: 35 | Pending job: 2
2022 May 07 11:35:49 | SpawnPoolWorker-2 | 11cb48 | Time: 5220000 | Total Job: 14073 | End job: 13911 | Running job: 33 | Pending job: 1
2022 May 07 11:35:49 | SpawnPoolWorker-2 | 11cb48 | Time: 5250000 | Total Job: 14073 | End job: 13995 | Running job: 29 | Pending job: 1
2022 May 07 11:35:49 | SpawnPoolWorker-2 | 11cb48 | Time: 5280000 | Total Job: 14073 | End job: 14046 | Running job: 26 | Pending job: 1
2022 May 07 11:35:49 | SpawnPoolWorker-2 | 11cb48 | Time: 5310000 | Total Job: 14073 | End job: 14051 | Running job: 21 | Pending job: 1
2022 May 07 11:35:49 | SpawnPoolWorker-2 | 11cb48 | Time: 5340000 | Total Job: 14073 | End job: 14052 | Running job: 20 | Pending job: 1
2022 May 07 11:35:49 | SpawnPoolWorker-2 | 11cb48 | Time: 5370000 | Total Job: 14073 | End job: 14055 | Running job: 18 | Pending job: 0
2022 May 07 11:35:49 | SpawnPoolWorker-2 | 11cb48 | Time: 5400000 | Total Job: 14073 | End job: 14056 | Running job: 17 | Pending job: 0
2022 May 07 11:35:49 | SpawnPoolWorker-2 | 11cb48 | Time: 5430000 | Total Job: 14073 | End job: 14057 | Running job: 16 | Pending job: 0
2022 May 07 11:35:49 | SpawnPoolWorker-2 | 11cb48 | Time: 5460000 | Total Job: 14073 | End job: 14058 | Running job: 15 | Pending job: 0
2022 May 07 11:35:49 | SpawnPoolWorker-2 | 11cb48 | Time: 5490000 | Total Job: 14073 | End job: 14058 | Running job: 15 | Pending job: 0
2022 May 07 11:35:49 | SpawnPoolWorker-2 | 11cb48 | Time: 5520000 | Total Job: 14073 | End job: 14058 | Running job: 15 | Pending job: 0
2022 May 07 11:35:49 | SpawnPoolWorker-2 | 11cb48 | Time: 5550000 | Total Job: 14073 | End job: 14059 | Running job: 14 | Pending job: 0
2022 May 07 11:35:49 | SpawnPoolWorker-2 | 11cb48 | Time: 5580000 | Total Job: 14073 | End job: 14059 | Running job: 14 | Pending job: 0
2022 May 07 11:35:49 | SpawnPoolWorker-2 | 11cb48 | Time: 5610000 | Total Job: 14073 | End job: 14059 | Running job: 14 | Pending job: 0
2022 May 07 11:35:49 | SpawnPoolWorker-2 | 11cb48 | Time: 5640000 | Total Job: 14073 | End job: 14059 | Running job: 14 | Pending job: 0
2022 May 07 11:35:49 | SpawnPoolWorker-2 | 11cb48 | Time: 5670000 | Total Job: 14073 | End job: 14059 | Running job: 14 | Pending job: 0
2022 May 07 11:35:49 | SpawnPoolWorker-2 | 11cb48 | Time: 5700000 | Total Job: 14073 | End job: 14059 | Running job: 14 | Pending job: 0
2022 May 07 11:35:49 | SpawnPoolWorker-2 | 11cb48 | Time: 5730000 | Total Job: 14073 | End job: 14059 | Running job: 14 | Pending job: 0
2022 May 07 11:35:49 | SpawnPoolWorker-2 | 11cb48 | Time: 5760000 | Total Job: 14073 | End job: 14059 | Running job: 14 | Pending job: 0
2022 May 07 11:35:49 | SpawnPoolWorker-2 | 11cb48 | Time: 5790000 | Total Job: 14073 | End job: 14059 | Running job: 14 | Pending job: 0
2022 May 07 11:35:49 | SpawnPoolWorker-2 | 11cb48 | Time: 5820000 | Total Job: 14073 | End job: 14059 | Running job: 14 | Pending job: 0
2022 May 07 11:35:49 | SpawnPoolWorker-2 | 11cb48 | Time: 5850000 | Total Job: 14073 | End job: 14059 | Running job: 14 | Pending job: 0
2022 May 07 11:35:49 | SpawnPoolWorker-2 | 11cb48 | Time: 5880000 | Total Job: 14073 | End job: 14060 | Running job: 13 | Pending job: 0
2022 May 07 11:35:49 | SpawnPoolWorker-2 | 11cb48 | Time: 5910000 | Total Job: 14073 | End job: 14060 | Running job: 13 | Pending job: 0
2022 May 07 11:35:49 | SpawnPoolWorker-2 | 11cb48 | Time: 5940000 | Total Job: 14073 | End job: 14060 | Running job: 13 | Pending job: 0
2022 May 07 11:35:49 | SpawnPoolWorker-2 | 11cb48 | Time: 5970000 | Total Job: 14073 | End job: 14060 | Running job: 13 | Pending job: 0
2022 May 07 11:35:49 | SpawnPoolWorker-2 | 11cb48 | Time: 6000000 | Total Job: 14073 | End job: 14060 | Running job: 13 | Pending job: 0
2022 May 07 11:35:49 | SpawnPoolWorker-2 | 11cb48 | Time: 6030000 | Total Job: 14073 | End job: 14060 | Running job: 13 | Pending job: 0
2022 May 07 11:35:49 | SpawnPoolWorker-2 | 11cb48 | Time: 6060000 | Total Job: 14073 | End job: 14060 | Running job: 13 | Pending job: 0
2022 May 07 11:35:49 | SpawnPoolWorker-2 | 11cb48 | Time: 6090000 | Total Job: 14073 | End job: 14060 | Running job: 13 | Pending job: 0
2022 May 07 11:35:49 | SpawnPoolWorker-2 | 11cb48 | Time: 6120000 | Total Job: 14073 | End job: 14060 | Running job: 13 | Pending job: 0
2022 May 07 11:35:49 | SpawnPoolWorker-2 | 11cb48 | Time: 6150000 | Total Job: 14073 | End job: 14060 | Running job: 13 | Pending job: 0
2022 May 07 11:35:49 | SpawnPoolWorker-2 | 11cb48 | Time: 6180000 | Total Job: 14073 | End job: 14060 | Running job: 13 | Pending job: 0
2022 May 07 11:35:49 | SpawnPoolWorker-2 | 11cb48 | Time: 6210000 | Total Job: 14073 | End job: 14060 | Running job: 13 | Pending job: 0
2022 May 07 11:35:49 | SpawnPoolWorker-2 | 11cb48 | Time: 6240000 | Total Job: 14073 | End job: 14060 | Running job: 13 | Pending job: 0
2022 May 07 11:35:49 | SpawnPoolWorker-2 | 11cb48 | Time: 6270000 | Total Job: 14073 | End job: 14060 | Running job: 13 | Pending job: 0
2022 May 07 11:35:49 | SpawnPoolWorker-2 | 11cb48 | Time: 6300000 | Total Job: 14073 | End job: 14060 | Running job: 13 | Pending job: 0
2022 May 07 11:35:49 | SpawnPoolWorker-2 | 11cb48 | Time: 6330000 | Total Job: 14073 | End job: 14060 | Running job: 13 | Pending job: 0
2022 May 07 11:35:49 | SpawnPoolWorker-2 | 11cb48 | Time: 6360000 | Total Job: 14073 | End job: 14060 | Running job: 13 | Pending job: 0
2022 May 07 11:35:49 | SpawnPoolWorker-2 | 11cb48 | Time: 6390000 | Total Job: 14073 | End job: 14060 | Running job: 13 | Pending job: 0
2022 May 07 11:35:49 | SpawnPoolWorker-2 | 11cb48 | Time: 6420000 | Total Job: 14073 | End job: 14060 | Running job: 13 | Pending job: 0
2022 May 07 11:35:49 | SpawnPoolWorker-2 | 11cb48 | Time: 6450000 | Total Job: 14073 | End job: 14060 | Running job: 13 | Pending job: 0
2022 May 07 11:35:49 | SpawnPoolWorker-2 | 11cb48 | Time: 6480000 | Total Job: 14073 | End job: 14060 | Running job: 13 | Pending job: 0
2022 May 07 11:35:49 | SpawnPoolWorker-2 | 11cb48 | Time: 6510000 | Total Job: 14073 | End job: 14065 | Running job: 8 | Pending job: 0
2022 May 07 11:35:49 | SpawnPoolWorker-2 | 11cb48 | Time: 6540000 | Total Job: 14073 | End job: 14066 | Running job: 7 | Pending job: 0
2022 May 07 11:35:49 | SpawnPoolWorker-2 | 11cb48 | Time: 6570000 | Total Job: 14073 | End job: 14067 | Running job: 6 | Pending job: 0
2022 May 07 11:35:49 | SpawnPoolWorker-2 | 11cb48 | Time: 6600000 | Total Job: 14073 | End job: 14067 | Running job: 6 | Pending job: 0
2022 May 07 11:35:49 | SpawnPoolWorker-2 | 11cb48 | Time: 6630000 | Total Job: 14073 | End job: 14067 | Running job: 6 | Pending job: 0
2022 May 07 11:35:49 | SpawnPoolWorker-2 | 11cb48 | Time: 6660000 | Total Job: 14073 | End job: 14068 | Running job: 5 | Pending job: 0
2022 May 07 11:35:49 | SpawnPoolWorker-2 | 11cb48 | Time: 6690000 | Total Job: 14073 | End job: 14069 | Running job: 4 | Pending job: 0
2022 May 07 11:35:49 | SpawnPoolWorker-2 | 11cb48 | Time: 6720000 | Total Job: 14073 | End job: 14069 | Running job: 4 | Pending job: 0
2022 May 07 11:35:49 | SpawnPoolWorker-2 | 11cb48 | Time: 6750000 | Total Job: 14073 | End job: 14070 | Running job: 3 | Pending job: 0
2022 May 07 11:35:49 | SpawnPoolWorker-2 | 11cb48 | Time: 6780000 | Total Job: 14073 | End job: 14070 | Running job: 3 | Pending job: 0
2022 May 07 11:35:49 | SpawnPoolWorker-2 | 11cb48 | Time: 6810000 | Total Job: 14073 | End job: 14070 | Running job: 3 | Pending job: 0
2022 May 07 11:35:49 | SpawnPoolWorker-2 | 11cb48 | Time: 6840000 | Total Job: 14073 | End job: 14070 | Running job: 3 | Pending job: 0
2022 May 07 11:35:49 | SpawnPoolWorker-2 | 11cb48 | Time: 6870000 | Total Job: 14073 | End job: 14070 | Running job: 3 | Pending job: 0
2022 May 07 11:35:49 | SpawnPoolWorker-2 | 11cb48 | Time: 6900000 | Total Job: 14073 | End job: 14070 | Running job: 3 | Pending job: 0
2022 May 07 11:35:49 | SpawnPoolWorker-2 | 11cb48 | Time: 6930000 | Total Job: 14073 | End job: 14071 | Running job: 2 | Pending job: 0
2022 May 07 11:35:49 | SpawnPoolWorker-2 | 11cb48 | Time: 6960000 | Total Job: 14073 | End job: 14072 | Running job: 1 | Pending job: 0
2022 May 07 11:35:49 | SpawnPoolWorker-2 | 11cb48 | Time: 6990000 | Total Job: 14073 | End job: 14072 | Running job: 1 | Pending job: 0
2022 May 07 11:35:49 | SpawnPoolWorker-2 | 11cb48 | Time: 7020000 | Total Job: 14073 | End job: 14072 | Running job: 1 | Pending job: 0
2022 May 07 11:35:49 | SpawnPoolWorker-2 | 11cb48 | Time: 7050000 | Total Job: 14073 | End job: 14072 | Running job: 1 | Pending job: 0
2022 May 07 11:35:50 | SpawnPoolWorker-2 | 11cb48 | Average JCT: 21532.48 | Average Queue: 13032.24
2022 May 07 11:35:50 | SpawnPoolWorker-2 | Finish 11cb48
2022 May 07 11:35:50 | SpawnPoolWorker-2 | begin to save
2022 May 07 11:35:50 | SpawnPoolWorker-2 | saved successfully
