2022 May 07 11:32:00 | SpawnPoolWorker-8 | 103959 | Time: 0 | Total Job: 2188 | End job: 0 | Running job: 0 | Pending job: 0
2022 May 07 11:32:01 | SpawnPoolWorker-8 | 103959 | Time: 30000 | Total Job: 2188 | End job: 6 | Running job: 0 | Pending job: 0
2022 May 07 11:32:01 | SpawnPoolWorker-8 | 103959 | Time: 60000 | Total Job: 2188 | End job: 9 | Running job: 0 | Pending job: 0
2022 May 07 11:32:02 | SpawnPoolWorker-8 | 103959 | Time: 90000 | Total Job: 2188 | End job: 11 | Running job: 0 | Pending job: 0
2022 May 07 11:32:02 | SpawnPoolWorker-8 | 103959 | Time: 120000 | Total Job: 2188 | End job: 17 | Running job: 0 | Pending job: 0
2022 May 07 11:32:03 | SpawnPoolWorker-8 | 103959 | Time: 150000 | Total Job: 2188 | End job: 17 | Running job: 0 | Pending job: 0
2022 May 07 11:32:03 | SpawnPoolWorker-8 | 103959 | Time: 180000 | Total Job: 2188 | End job: 17 | Running job: 1 | Pending job: 0
2022 May 07 11:32:04 | SpawnPoolWorker-8 | 103959 | Time: 210000 | Total Job: 2188 | End job: 24 | Running job: 1 | Pending job: 0
2022 May 07 11:32:04 | SpawnPoolWorker-8 | 103959 | Time: 240000 | Total Job: 2188 | End job: 24 | Running job: 1 | Pending job: 0
2022 May 07 11:32:05 | SpawnPoolWorker-8 | 103959 | Time: 270000 | Total Job: 2188 | End job: 26 | Running job: 5 | Pending job: 0
2022 May 07 11:32:05 | SpawnPoolWorker-8 | 103959 | Time: 300000 | Total Job: 2188 | End job: 43 | Running job: 5 | Pending job: 0
2022 May 07 11:32:06 | SpawnPoolWorker-8 | 103959 | Time: 330000 | Total Job: 2188 | End job: 54 | Running job: 3 | Pending job: 0
2022 May 07 11:32:06 | SpawnPoolWorker-8 | 103959 | Time: 360000 | Total Job: 2188 | End job: 54 | Running job: 6 | Pending job: 0
2022 May 07 11:32:07 | SpawnPoolWorker-8 | 103959 | Time: 390000 | Total Job: 2188 | End job: 63 | Running job: 8 | Pending job: 0
2022 May 07 11:32:07 | SpawnPoolWorker-8 | 103959 | Time: 420000 | Total Job: 2188 | End job: 70 | Running job: 8 | Pending job: 0
2022 May 07 11:32:08 | SpawnPoolWorker-8 | 103959 | Time: 450000 | Total Job: 2188 | End job: 72 | Running job: 7 | Pending job: 0
2022 May 07 11:32:08 | SpawnPoolWorker-8 | 103959 | Time: 480000 | Total Job: 2188 | End job: 78 | Running job: 11 | Pending job: 0
2022 May 07 11:32:09 | SpawnPoolWorker-8 | 103959 | Time: 510000 | Total Job: 2188 | End job: 85 | Running job: 9 | Pending job: 0
2022 May 07 11:32:09 | SpawnPoolWorker-8 | 103959 | Time: 540000 | Total Job: 2188 | End job: 87 | Running job: 13 | Pending job: 0
2022 May 07 11:32:10 | SpawnPoolWorker-8 | 103959 | Time: 570000 | Total Job: 2188 | End job: 99 | Running job: 11 | Pending job: 0
2022 May 07 11:32:10 | SpawnPoolWorker-8 | 103959 | Time: 600000 | Total Job: 2188 | End job: 101 | Running job: 11 | Pending job: 0
2022 May 07 11:32:11 | SpawnPoolWorker-8 | 103959 | Time: 630000 | Total Job: 2188 | End job: 105 | Running job: 8 | Pending job: 0
2022 May 07 11:32:11 | SpawnPoolWorker-8 | 103959 | Time: 660000 | Total Job: 2188 | End job: 117 | Running job: 7 | Pending job: 0
2022 May 07 11:32:12 | SpawnPoolWorker-8 | 103959 | Time: 690000 | Total Job: 2188 | End job: 118 | Running job: 6 | Pending job: 0
2022 May 07 11:32:12 | SpawnPoolWorker-8 | 103959 | Time: 720000 | Total Job: 2188 | End job: 127 | Running job: 1 | Pending job: 0
2022 May 07 11:32:13 | SpawnPoolWorker-8 | 103959 | Time: 750000 | Total Job: 2188 | End job: 129 | Running job: 1 | Pending job: 0
2022 May 07 11:32:13 | SpawnPoolWorker-8 | 103959 | Time: 780000 | Total Job: 2188 | End job: 137 | Running job: 6 | Pending job: 0
2022 May 07 11:32:14 | SpawnPoolWorker-8 | 103959 | Time: 810000 | Total Job: 2188 | End job: 142 | Running job: 6 | Pending job: 0
2022 May 07 11:32:14 | SpawnPoolWorker-8 | 103959 | Time: 840000 | Total Job: 2188 | End job: 148 | Running job: 7 | Pending job: 0
2022 May 07 11:32:14 | SpawnPoolWorker-8 | 103959 | Time: 870000 | Total Job: 2188 | End job: 178 | Running job: 9 | Pending job: 0
2022 May 07 11:32:15 | SpawnPoolWorker-8 | 103959 | Time: 900000 | Total Job: 2188 | End job: 188 | Running job: 9 | Pending job: 0
2022 May 07 11:32:15 | SpawnPoolWorker-8 | 103959 | Time: 930000 | Total Job: 2188 | End job: 194 | Running job: 10 | Pending job: 0
2022 May 07 11:32:16 | SpawnPoolWorker-8 | 103959 | Time: 960000 | Total Job: 2188 | End job: 206 | Running job: 7 | Pending job: 0
2022 May 07 11:32:16 | SpawnPoolWorker-8 | 103959 | Time: 990000 | Total Job: 2188 | End job: 219 | Running job: 8 | Pending job: 0
2022 May 07 11:32:17 | SpawnPoolWorker-8 | 103959 | Time: 1020000 | Total Job: 2188 | End job: 223 | Running job: 8 | Pending job: 0
2022 May 07 11:32:17 | SpawnPoolWorker-8 | 103959 | Time: 1050000 | Total Job: 2188 | End job: 226 | Running job: 6 | Pending job: 0
2022 May 07 11:32:17 | SpawnPoolWorker-8 | 103959 | Time: 1080000 | Total Job: 2188 | End job: 227 | Running job: 5 | Pending job: 0
2022 May 07 11:32:18 | SpawnPoolWorker-8 | 103959 | Time: 1110000 | Total Job: 2188 | End job: 241 | Running job: 7 | Pending job: 0
2022 May 07 11:32:18 | SpawnPoolWorker-8 | 103959 | Time: 1140000 | Total Job: 2188 | End job: 255 | Running job: 6 | Pending job: 0
2022 May 07 11:32:18 | SpawnPoolWorker-8 | 103959 | Time: 1170000 | Total Job: 2188 | End job: 265 | Running job: 4 | Pending job: 0
2022 May 07 11:32:19 | SpawnPoolWorker-8 | 103959 | Time: 1200000 | Total Job: 2188 | End job: 265 | Running job: 4 | Pending job: 0
2022 May 07 11:32:19 | SpawnPoolWorker-8 | 103959 | Time: 1230000 | Total Job: 2188 | End job: 269 | Running job: 6 | Pending job: 0
2022 May 07 11:32:19 | SpawnPoolWorker-8 | 103959 | Time: 1260000 | Total Job: 2188 | End job: 281 | Running job: 18 | Pending job: 0
2022 May 07 11:32:20 | SpawnPoolWorker-8 | 103959 | Time: 1290000 | Total Job: 2188 | End job: 296 | Running job: 4 | Pending job: 0
2022 May 07 11:32:20 | SpawnPoolWorker-8 | 103959 | Time: 1320000 | Total Job: 2188 | End job: 299 | Running job: 3 | Pending job: 0
2022 May 07 11:32:20 | SpawnPoolWorker-8 | 103959 | Time: 1350000 | Total Job: 2188 | End job: 305 | Running job: 3 | Pending job: 0
2022 May 07 11:32:20 | SpawnPoolWorker-8 | 103959 | Time: 1380000 | Total Job: 2188 | End job: 330 | Running job: 10 | Pending job: 0
2022 May 07 11:32:21 | SpawnPoolWorker-8 | 103959 | Time: 1410000 | Total Job: 2188 | End job: 405 | Running job: 8 | Pending job: 0
2022 May 07 11:32:21 | SpawnPoolWorker-8 | 103959 | Time: 1440000 | Total Job: 2188 | End job: 437 | Running job: 2 | Pending job: 0
2022 May 07 11:32:21 | SpawnPoolWorker-8 | 103959 | Time: 1470000 | Total Job: 2188 | End job: 452 | Running job: 16 | Pending job: 0
2022 May 07 11:32:22 | SpawnPoolWorker-8 | 103959 | Time: 1500000 | Total Job: 2188 | End job: 458 | Running job: 16 | Pending job: 0
2022 May 07 11:32:22 | SpawnPoolWorker-8 | 103959 | Time: 1530000 | Total Job: 2188 | End job: 464 | Running job: 14 | Pending job: 0
2022 May 07 11:32:22 | SpawnPoolWorker-8 | 103959 | Time: 1560000 | Total Job: 2188 | End job: 478 | Running job: 16 | Pending job: 2
2022 May 07 11:32:23 | SpawnPoolWorker-8 | 103959 | Time: 1590000 | Total Job: 2188 | End job: 488 | Running job: 17 | Pending job: 1
2022 May 07 11:32:23 | SpawnPoolWorker-8 | 103959 | Time: 1620000 | Total Job: 2188 | End job: 489 | Running job: 16 | Pending job: 1
2022 May 07 11:32:23 | SpawnPoolWorker-8 | 103959 | Time: 1650000 | Total Job: 2188 | End job: 501 | Running job: 11 | Pending job: 0
2022 May 07 11:32:23 | SpawnPoolWorker-8 | 103959 | Time: 1680000 | Total Job: 2188 | End job: 520 | Running job: 4 | Pending job: 0
2022 May 07 11:32:23 | SpawnPoolWorker-8 | 103959 | Time: 1710000 | Total Job: 2188 | End job: 523 | Running job: 5 | Pending job: 0
2022 May 07 11:32:24 | SpawnPoolWorker-8 | 103959 | Time: 1740000 | Total Job: 2188 | End job: 527 | Running job: 4 | Pending job: 0
2022 May 07 11:32:24 | SpawnPoolWorker-8 | 103959 | Time: 1770000 | Total Job: 2188 | End job: 534 | Running job: 12 | Pending job: 0
2022 May 07 11:32:24 | SpawnPoolWorker-8 | 103959 | Time: 1800000 | Total Job: 2188 | End job: 544 | Running job: 12 | Pending job: 0
2022 May 07 11:32:24 | SpawnPoolWorker-8 | 103959 | Time: 1830000 | Total Job: 2188 | End job: 546 | Running job: 11 | Pending job: 0
2022 May 07 11:32:25 | SpawnPoolWorker-8 | 103959 | Time: 1860000 | Total Job: 2188 | End job: 554 | Running job: 10 | Pending job: 0
2022 May 07 11:32:25 | SpawnPoolWorker-8 | 103959 | Time: 1890000 | Total Job: 2188 | End job: 554 | Running job: 10 | Pending job: 0
2022 May 07 11:32:25 | SpawnPoolWorker-8 | 103959 | Time: 1920000 | Total Job: 2188 | End job: 557 | Running job: 10 | Pending job: 0
2022 May 07 11:32:25 | SpawnPoolWorker-8 | 103959 | Time: 1950000 | Total Job: 2188 | End job: 564 | Running job: 17 | Pending job: 0
2022 May 07 11:32:26 | SpawnPoolWorker-8 | 103959 | Time: 1980000 | Total Job: 2188 | End job: 586 | Running job: 16 | Pending job: 0
2022 May 07 11:32:26 | SpawnPoolWorker-8 | 103959 | Time: 2010000 | Total Job: 2188 | End job: 592 | Running job: 13 | Pending job: 0
2022 May 07 11:32:26 | SpawnPoolWorker-8 | 103959 | Time: 2040000 | Total Job: 2188 | End job: 603 | Running job: 19 | Pending job: 2
2022 May 07 11:32:26 | SpawnPoolWorker-8 | 103959 | Time: 2070000 | Total Job: 2188 | End job: 620 | Running job: 14 | Pending job: 0
2022 May 07 11:32:27 | SpawnPoolWorker-8 | 103959 | Time: 2100000 | Total Job: 2188 | End job: 623 | Running job: 14 | Pending job: 0
2022 May 07 11:32:27 | SpawnPoolWorker-8 | 103959 | Time: 2130000 | Total Job: 2188 | End job: 639 | Running job: 14 | Pending job: 0
2022 May 07 11:32:27 | SpawnPoolWorker-8 | 103959 | Time: 2160000 | Total Job: 2188 | End job: 646 | Running job: 7 | Pending job: 0
2022 May 07 11:32:27 | SpawnPoolWorker-8 | 103959 | Time: 2190000 | Total Job: 2188 | End job: 657 | Running job: 13 | Pending job: 0
2022 May 07 11:32:27 | SpawnPoolWorker-8 | 103959 | Time: 2220000 | Total Job: 2188 | End job: 672 | Running job: 10 | Pending job: 0
2022 May 07 11:32:28 | SpawnPoolWorker-8 | 103959 | Time: 2250000 | Total Job: 2188 | End job: 682 | Running job: 9 | Pending job: 0
2022 May 07 11:32:28 | SpawnPoolWorker-8 | 103959 | Time: 2280000 | Total Job: 2188 | End job: 697 | Running job: 11 | Pending job: 0
2022 May 07 11:32:28 | SpawnPoolWorker-8 | 103959 | Time: 2310000 | Total Job: 2188 | End job: 712 | Running job: 9 | Pending job: 0
2022 May 07 11:32:28 | SpawnPoolWorker-8 | 103959 | Time: 2340000 | Total Job: 2188 | End job: 714 | Running job: 11 | Pending job: 0
2022 May 07 11:32:29 | SpawnPoolWorker-8 | 103959 | Time: 2370000 | Total Job: 2188 | End job: 728 | Running job: 7 | Pending job: 0
2022 May 07 11:32:29 | SpawnPoolWorker-8 | 103959 | Time: 2400000 | Total Job: 2188 | End job: 730 | Running job: 6 | Pending job: 0
2022 May 07 11:32:29 | SpawnPoolWorker-8 | 103959 | Time: 2430000 | Total Job: 2188 | End job: 733 | Running job: 5 | Pending job: 0
2022 May 07 11:32:29 | SpawnPoolWorker-8 | 103959 | Time: 2460000 | Total Job: 2188 | End job: 738 | Running job: 5 | Pending job: 0
2022 May 07 11:32:29 | SpawnPoolWorker-8 | 103959 | Time: 2490000 | Total Job: 2188 | End job: 740 | Running job: 4 | Pending job: 0
2022 May 07 11:32:30 | SpawnPoolWorker-8 | 103959 | Time: 2520000 | Total Job: 2188 | End job: 748 | Running job: 0 | Pending job: 0
2022 May 07 11:32:30 | SpawnPoolWorker-8 | 103959 | Time: 2550000 | Total Job: 2188 | End job: 748 | Running job: 0 | Pending job: 0
2022 May 07 11:32:30 | SpawnPoolWorker-8 | 103959 | Time: 2580000 | Total Job: 2188 | End job: 769 | Running job: 4 | Pending job: 0
2022 May 07 11:32:30 | SpawnPoolWorker-8 | 103959 | Time: 2610000 | Total Job: 2188 | End job: 777 | Running job: 2 | Pending job: 0
2022 May 07 11:32:30 | SpawnPoolWorker-8 | 103959 | Time: 2640000 | Total Job: 2188 | End job: 783 | Running job: 6 | Pending job: 0
2022 May 07 11:32:30 | SpawnPoolWorker-8 | 103959 | Time: 2670000 | Total Job: 2188 | End job: 791 | Running job: 4 | Pending job: 0
2022 May 07 11:32:31 | SpawnPoolWorker-8 | 103959 | Time: 2700000 | Total Job: 2188 | End job: 795 | Running job: 4 | Pending job: 0
2022 May 07 11:32:31 | SpawnPoolWorker-8 | 103959 | Time: 2730000 | Total Job: 2188 | End job: 809 | Running job: 9 | Pending job: 0
2022 May 07 11:32:31 | SpawnPoolWorker-8 | 103959 | Time: 2760000 | Total Job: 2188 | End job: 821 | Running job: 15 | Pending job: 0
2022 May 07 11:32:31 | SpawnPoolWorker-8 | 103959 | Time: 2790000 | Total Job: 2188 | End job: 836 | Running job: 16 | Pending job: 0
2022 May 07 11:32:31 | SpawnPoolWorker-8 | 103959 | Time: 2820000 | Total Job: 2188 | End job: 841 | Running job: 21 | Pending job: 3
2022 May 07 11:32:32 | SpawnPoolWorker-8 | 103959 | Time: 2850000 | Total Job: 2188 | End job: 868 | Running job: 20 | Pending job: 9
2022 May 07 11:32:32 | SpawnPoolWorker-8 | 103959 | Time: 2880000 | Total Job: 2188 | End job: 890 | Running job: 19 | Pending job: 5
2022 May 07 11:32:32 | SpawnPoolWorker-8 | 103959 | Time: 2910000 | Total Job: 2188 | End job: 897 | Running job: 18 | Pending job: 10
2022 May 07 11:32:33 | SpawnPoolWorker-8 | 103959 | Time: 2940000 | Total Job: 2188 | End job: 910 | Running job: 18 | Pending job: 5
2022 May 07 11:32:33 | SpawnPoolWorker-8 | 103959 | Time: 2970000 | Total Job: 2188 | End job: 931 | Running job: 18 | Pending job: 0
2022 May 07 11:32:33 | SpawnPoolWorker-8 | 103959 | Time: 3000000 | Total Job: 2188 | End job: 943 | Running job: 16 | Pending job: 0
2022 May 07 11:32:33 | SpawnPoolWorker-8 | 103959 | Time: 3030000 | Total Job: 2188 | End job: 950 | Running job: 14 | Pending job: 0
2022 May 07 11:32:33 | SpawnPoolWorker-8 | 103959 | Time: 3060000 | Total Job: 2188 | End job: 960 | Running job: 14 | Pending job: 0
2022 May 07 11:32:34 | SpawnPoolWorker-8 | 103959 | Time: 3090000 | Total Job: 2188 | End job: 961 | Running job: 14 | Pending job: 0
2022 May 07 11:32:34 | SpawnPoolWorker-8 | 103959 | Time: 3120000 | Total Job: 2188 | End job: 963 | Running job: 12 | Pending job: 0
2022 May 07 11:32:34 | SpawnPoolWorker-8 | 103959 | Time: 3150000 | Total Job: 2188 | End job: 974 | Running job: 15 | Pending job: 0
2022 May 07 11:32:34 | SpawnPoolWorker-8 | 103959 | Time: 3180000 | Total Job: 2188 | End job: 989 | Running job: 11 | Pending job: 0
2022 May 07 11:32:34 | SpawnPoolWorker-8 | 103959 | Time: 3210000 | Total Job: 2188 | End job: 1005 | Running job: 13 | Pending job: 0
2022 May 07 11:32:34 | SpawnPoolWorker-8 | 103959 | Time: 3240000 | Total Job: 2188 | End job: 1014 | Running job: 16 | Pending job: 0
2022 May 07 11:32:35 | SpawnPoolWorker-8 | 103959 | Time: 3270000 | Total Job: 2188 | End job: 1024 | Running job: 13 | Pending job: 0
2022 May 07 11:32:35 | SpawnPoolWorker-8 | 103959 | Time: 3300000 | Total Job: 2188 | End job: 1033 | Running job: 12 | Pending job: 0
2022 May 07 11:32:35 | SpawnPoolWorker-8 | 103959 | Time: 3330000 | Total Job: 2188 | End job: 1050 | Running job: 19 | Pending job: 0
2022 May 07 11:32:35 | SpawnPoolWorker-8 | 103959 | Time: 3360000 | Total Job: 2188 | End job: 1080 | Running job: 15 | Pending job: 0
2022 May 07 11:32:35 | SpawnPoolWorker-8 | 103959 | Time: 3390000 | Total Job: 2188 | End job: 1085 | Running job: 15 | Pending job: 0
2022 May 07 11:32:36 | SpawnPoolWorker-8 | 103959 | Time: 3420000 | Total Job: 2188 | End job: 1106 | Running job: 12 | Pending job: 0
2022 May 07 11:32:36 | SpawnPoolWorker-8 | 103959 | Time: 3450000 | Total Job: 2188 | End job: 1138 | Running job: 3 | Pending job: 0
2022 May 07 11:32:36 | SpawnPoolWorker-8 | 103959 | Time: 3480000 | Total Job: 2188 | End job: 1140 | Running job: 8 | Pending job: 0
2022 May 07 11:32:36 | SpawnPoolWorker-8 | 103959 | Time: 3510000 | Total Job: 2188 | End job: 1155 | Running job: 8 | Pending job: 0
2022 May 07 11:32:36 | SpawnPoolWorker-8 | 103959 | Time: 3540000 | Total Job: 2188 | End job: 1194 | Running job: 4 | Pending job: 0
2022 May 07 11:32:36 | SpawnPoolWorker-8 | 103959 | Time: 3570000 | Total Job: 2188 | End job: 1220 | Running job: 15 | Pending job: 0
2022 May 07 11:32:36 | SpawnPoolWorker-8 | 103959 | Time: 3600000 | Total Job: 2188 | End job: 1250 | Running job: 16 | Pending job: 0
2022 May 07 11:32:37 | SpawnPoolWorker-8 | 103959 | Time: 3630000 | Total Job: 2188 | End job: 1268 | Running job: 16 | Pending job: 5
2022 May 07 11:32:37 | SpawnPoolWorker-8 | 103959 | Time: 3660000 | Total Job: 2188 | End job: 1304 | Running job: 17 | Pending job: 0
2022 May 07 11:32:37 | SpawnPoolWorker-8 | 103959 | Time: 3690000 | Total Job: 2188 | End job: 1336 | Running job: 16 | Pending job: 0
2022 May 07 11:32:37 | SpawnPoolWorker-8 | 103959 | Time: 3720000 | Total Job: 2188 | End job: 1356 | Running job: 13 | Pending job: 0
2022 May 07 11:32:37 | SpawnPoolWorker-8 | 103959 | Time: 3750000 | Total Job: 2188 | End job: 1370 | Running job: 18 | Pending job: 0
2022 May 07 11:32:38 | SpawnPoolWorker-8 | 103959 | Time: 3780000 | Total Job: 2188 | End job: 1405 | Running job: 13 | Pending job: 0
2022 May 07 11:32:38 | SpawnPoolWorker-8 | 103959 | Time: 3810000 | Total Job: 2188 | End job: 1451 | Running job: 9 | Pending job: 0
2022 May 07 11:32:38 | SpawnPoolWorker-8 | 103959 | Time: 3840000 | Total Job: 2188 | End job: 1482 | Running job: 7 | Pending job: 0
2022 May 07 11:32:38 | SpawnPoolWorker-8 | 103959 | Time: 3870000 | Total Job: 2188 | End job: 1496 | Running job: 5 | Pending job: 0
2022 May 07 11:32:38 | SpawnPoolWorker-8 | 103959 | Time: 3900000 | Total Job: 2188 | End job: 1520 | Running job: 5 | Pending job: 0
2022 May 07 11:32:38 | SpawnPoolWorker-8 | 103959 | Time: 3930000 | Total Job: 2188 | End job: 1547 | Running job: 11 | Pending job: 0
2022 May 07 11:32:38 | SpawnPoolWorker-8 | 103959 | Time: 3960000 | Total Job: 2188 | End job: 1581 | Running job: 17 | Pending job: 0
2022 May 07 11:32:38 | SpawnPoolWorker-8 | 103959 | Time: 3990000 | Total Job: 2188 | End job: 1596 | Running job: 12 | Pending job: 0
2022 May 07 11:32:38 | SpawnPoolWorker-8 | 103959 | Time: 4020000 | Total Job: 2188 | End job: 1614 | Running job: 16 | Pending job: 4
2022 May 07 11:32:38 | SpawnPoolWorker-8 | 103959 | Time: 4050000 | Total Job: 2188 | End job: 1650 | Running job: 14 | Pending job: 0
2022 May 07 11:32:38 | SpawnPoolWorker-8 | 103959 | Time: 4080000 | Total Job: 2188 | End job: 1678 | Running job: 12 | Pending job: 0
2022 May 07 11:32:38 | SpawnPoolWorker-8 | 103959 | Time: 4110000 | Total Job: 2188 | End job: 1731 | Running job: 11 | Pending job: 0
2022 May 07 11:32:39 | SpawnPoolWorker-8 | 103959 | Time: 4140000 | Total Job: 2188 | End job: 1745 | Running job: 11 | Pending job: 0
2022 May 07 11:32:39 | SpawnPoolWorker-8 | 103959 | Time: 4170000 | Total Job: 2188 | End job: 1772 | Running job: 13 | Pending job: 0
2022 May 07 11:32:39 | SpawnPoolWorker-8 | 103959 | Time: 4200000 | Total Job: 2188 | End job: 1787 | Running job: 13 | Pending job: 0
2022 May 07 11:32:39 | SpawnPoolWorker-8 | 103959 | Time: 4230000 | Total Job: 2188 | End job: 1808 | Running job: 10 | Pending job: 0
2022 May 07 11:32:39 | SpawnPoolWorker-8 | 103959 | Time: 4260000 | Total Job: 2188 | End job: 1819 | Running job: 10 | Pending job: 0
2022 May 07 11:32:39 | SpawnPoolWorker-8 | 103959 | Time: 4290000 | Total Job: 2188 | End job: 1826 | Running job: 9 | Pending job: 0
2022 May 07 11:32:39 | SpawnPoolWorker-8 | 103959 | Time: 4320000 | Total Job: 2188 | End job: 1838 | Running job: 7 | Pending job: 0
2022 May 07 11:32:39 | SpawnPoolWorker-8 | 103959 | Time: 4350000 | Total Job: 2188 | End job: 1852 | Running job: 6 | Pending job: 0
2022 May 07 11:32:39 | SpawnPoolWorker-8 | 103959 | Time: 4380000 | Total Job: 2188 | End job: 1877 | Running job: 6 | Pending job: 0
2022 May 07 11:32:39 | SpawnPoolWorker-8 | 103959 | Time: 4410000 | Total Job: 2188 | End job: 1908 | Running job: 5 | Pending job: 0
2022 May 07 11:32:39 | SpawnPoolWorker-8 | 103959 | Time: 4440000 | Total Job: 2188 | End job: 1915 | Running job: 7 | Pending job: 0
2022 May 07 11:32:39 | SpawnPoolWorker-8 | 103959 | Time: 4470000 | Total Job: 2188 | End job: 1917 | Running job: 5 | Pending job: 0
2022 May 07 11:32:39 | SpawnPoolWorker-8 | 103959 | Time: 4500000 | Total Job: 2188 | End job: 1922 | Running job: 6 | Pending job: 0
2022 May 07 11:32:39 | SpawnPoolWorker-8 | 103959 | Time: 4530000 | Total Job: 2188 | End job: 1937 | Running job: 13 | Pending job: 0
2022 May 07 11:32:39 | SpawnPoolWorker-8 | 103959 | Time: 4560000 | Total Job: 2188 | End job: 1946 | Running job: 4 | Pending job: 0
2022 May 07 11:32:39 | SpawnPoolWorker-8 | 103959 | Time: 4590000 | Total Job: 2188 | End job: 1956 | Running job: 13 | Pending job: 0
2022 May 07 11:32:39 | SpawnPoolWorker-8 | 103959 | Time: 4620000 | Total Job: 2188 | End job: 1964 | Running job: 7 | Pending job: 0
2022 May 07 11:32:39 | SpawnPoolWorker-8 | 103959 | Time: 4650000 | Total Job: 2188 | End job: 1974 | Running job: 9 | Pending job: 0
2022 May 07 11:32:39 | SpawnPoolWorker-8 | 103959 | Time: 4680000 | Total Job: 2188 | End job: 1991 | Running job: 15 | Pending job: 0
2022 May 07 11:32:39 | SpawnPoolWorker-8 | 103959 | Time: 4710000 | Total Job: 2188 | End job: 2012 | Running job: 16 | Pending job: 8
2022 May 07 11:32:39 | SpawnPoolWorker-8 | 103959 | Time: 4740000 | Total Job: 2188 | End job: 2021 | Running job: 16 | Pending job: 2
2022 May 07 11:32:40 | SpawnPoolWorker-8 | 103959 | Time: 4770000 | Total Job: 2188 | End job: 2024 | Running job: 16 | Pending job: 1
2022 May 07 11:32:40 | SpawnPoolWorker-8 | 103959 | Time: 4800000 | Total Job: 2188 | End job: 2043 | Running job: 10 | Pending job: 0
2022 May 07 11:32:40 | SpawnPoolWorker-8 | 103959 | Time: 4830000 | Total Job: 2188 | End job: 2051 | Running job: 7 | Pending job: 0
2022 May 07 11:32:40 | SpawnPoolWorker-8 | 103959 | Time: 4860000 | Total Job: 2188 | End job: 2054 | Running job: 6 | Pending job: 0
2022 May 07 11:32:40 | SpawnPoolWorker-8 | 103959 | Time: 4890000 | Total Job: 2188 | End job: 2071 | Running job: 1 | Pending job: 0
2022 May 07 11:32:40 | SpawnPoolWorker-8 | 103959 | Time: 4920000 | Total Job: 2188 | End job: 2072 | Running job: 1 | Pending job: 0
2022 May 07 11:32:40 | SpawnPoolWorker-8 | 103959 | Time: 4950000 | Total Job: 2188 | End job: 2072 | Running job: 1 | Pending job: 0
2022 May 07 11:32:40 | SpawnPoolWorker-8 | 103959 | Time: 4980000 | Total Job: 2188 | End job: 2080 | Running job: 2 | Pending job: 0
2022 May 07 11:32:40 | SpawnPoolWorker-8 | 103959 | Time: 5010000 | Total Job: 2188 | End job: 2084 | Running job: 0 | Pending job: 0
2022 May 07 11:32:40 | SpawnPoolWorker-8 | 103959 | Time: 5040000 | Total Job: 2188 | End job: 2095 | Running job: 4 | Pending job: 0
2022 May 07 11:32:40 | SpawnPoolWorker-8 | 103959 | Time: 5070000 | Total Job: 2188 | End job: 2104 | Running job: 5 | Pending job: 0
2022 May 07 11:32:40 | SpawnPoolWorker-8 | 103959 | Time: 5100000 | Total Job: 2188 | End job: 2115 | Running job: 4 | Pending job: 0
2022 May 07 11:32:40 | SpawnPoolWorker-8 | 103959 | Time: 5130000 | Total Job: 2188 | End job: 2115 | Running job: 4 | Pending job: 0
2022 May 07 11:32:40 | SpawnPoolWorker-8 | 103959 | Time: 5160000 | Total Job: 2188 | End job: 2123 | Running job: 0 | Pending job: 0
2022 May 07 11:32:40 | SpawnPoolWorker-8 | 103959 | Time: 5190000 | Total Job: 2188 | End job: 2129 | Running job: 3 | Pending job: 0
2022 May 07 11:32:40 | SpawnPoolWorker-8 | 103959 | Time: 5220000 | Total Job: 2188 | End job: 2137 | Running job: 8 | Pending job: 0
2022 May 07 11:32:40 | SpawnPoolWorker-8 | 103959 | Time: 5250000 | Total Job: 2188 | End job: 2153 | Running job: 9 | Pending job: 0
2022 May 07 11:32:40 | SpawnPoolWorker-8 | 103959 | Time: 5280000 | Total Job: 2188 | End job: 2179 | Running job: 9 | Pending job: 0
2022 May 07 11:32:40 | SpawnPoolWorker-8 | 103959 | Time: 5310000 | Total Job: 2188 | End job: 2182 | Running job: 6 | Pending job: 0
2022 May 07 11:32:40 | SpawnPoolWorker-8 | 103959 | Time: 5340000 | Total Job: 2188 | End job: 2183 | Running job: 5 | Pending job: 0
2022 May 07 11:32:40 | SpawnPoolWorker-8 | 103959 | Time: 5370000 | Total Job: 2188 | End job: 2183 | Running job: 5 | Pending job: 0
2022 May 07 11:32:40 | SpawnPoolWorker-8 | 103959 | Time: 5400000 | Total Job: 2188 | End job: 2184 | Running job: 4 | Pending job: 0
2022 May 07 11:32:40 | SpawnPoolWorker-8 | 103959 | Time: 5430000 | Total Job: 2188 | End job: 2186 | Running job: 2 | Pending job: 0
2022 May 07 11:32:40 | SpawnPoolWorker-8 | 103959 | Average JCT: 23120.82 | Average Queue: 768.88
2022 May 07 11:32:40 | SpawnPoolWorker-8 | Finish 103959
2022 May 07 11:32:40 | SpawnPoolWorker-8 | begin to save
2022 May 07 11:32:40 | SpawnPoolWorker-8 | saved successfully
