2022 May 07 11:31:59 | SpawnPoolWorker-3 | e13805 | Time: 0 | Total Job: 653 | End job: 0 | Running job: 0 | Pending job: 0
2022 May 07 11:31:59 | SpawnPoolWorker-3 | e13805 | Time: 30000 | Total Job: 653 | End job: 1 | Running job: 2 | Pending job: 0
2022 May 07 11:31:59 | SpawnPoolWorker-3 | e13805 | Time: 60000 | Total Job: 653 | End job: 2 | Running job: 2 | Pending job: 0
2022 May 07 11:31:59 | SpawnPoolWorker-3 | e13805 | Time: 90000 | Total Job: 653 | End job: 3 | Running job: 3 | Pending job: 0
2022 May 07 11:31:59 | SpawnPoolWorker-3 | e13805 | Time: 120000 | Total Job: 653 | End job: 5 | Running job: 3 | Pending job: 0
2022 May 07 11:31:59 | SpawnPoolWorker-3 | e13805 | Time: 150000 | Total Job: 653 | End job: 7 | Running job: 1 | Pending job: 0
2022 May 07 11:32:00 | SpawnPoolWorker-3 | e13805 | Time: 180000 | Total Job: 653 | End job: 7 | Running job: 1 | Pending job: 0
2022 May 07 11:32:00 | SpawnPoolWorker-3 | e13805 | Time: 210000 | Total Job: 653 | End job: 7 | Running job: 1 | Pending job: 0
2022 May 07 11:32:00 | SpawnPoolWorker-3 | e13805 | Time: 240000 | Total Job: 653 | End job: 7 | Running job: 1 | Pending job: 0
2022 May 07 11:32:00 | SpawnPoolWorker-3 | e13805 | Time: 270000 | Total Job: 653 | End job: 7 | Running job: 1 | Pending job: 0
2022 May 07 11:32:00 | SpawnPoolWorker-3 | e13805 | Time: 300000 | Total Job: 653 | End job: 7 | Running job: 1 | Pending job: 0
2022 May 07 11:32:00 | SpawnPoolWorker-3 | e13805 | Time: 330000 | Total Job: 653 | End job: 7 | Running job: 1 | Pending job: 0
2022 May 07 11:32:00 | SpawnPoolWorker-3 | e13805 | Time: 360000 | Total Job: 653 | End job: 7 | Running job: 1 | Pending job: 0
2022 May 07 11:32:01 | SpawnPoolWorker-3 | e13805 | Time: 390000 | Total Job: 653 | End job: 7 | Running job: 1 | Pending job: 0
2022 May 07 11:32:01 | SpawnPoolWorker-3 | e13805 | Time: 420000 | Total Job: 653 | End job: 7 | Running job: 1 | Pending job: 0
2022 May 07 11:32:01 | SpawnPoolWorker-3 | e13805 | Time: 450000 | Total Job: 653 | End job: 7 | Running job: 1 | Pending job: 0
2022 May 07 11:32:01 | SpawnPoolWorker-3 | e13805 | Time: 480000 | Total Job: 653 | End job: 7 | Running job: 1 | Pending job: 0
2022 May 07 11:32:01 | SpawnPoolWorker-3 | e13805 | Time: 510000 | Total Job: 653 | End job: 7 | Running job: 1 | Pending job: 0
2022 May 07 11:32:01 | SpawnPoolWorker-3 | e13805 | Time: 540000 | Total Job: 653 | End job: 7 | Running job: 1 | Pending job: 0
2022 May 07 11:32:01 | SpawnPoolWorker-3 | e13805 | Time: 570000 | Total Job: 653 | End job: 7 | Running job: 1 | Pending job: 0
2022 May 07 11:32:01 | SpawnPoolWorker-3 | e13805 | Time: 600000 | Total Job: 653 | End job: 7 | Running job: 1 | Pending job: 0
2022 May 07 11:32:02 | SpawnPoolWorker-3 | e13805 | Time: 630000 | Total Job: 653 | End job: 7 | Running job: 1 | Pending job: 0
2022 May 07 11:32:02 | SpawnPoolWorker-3 | e13805 | Time: 660000 | Total Job: 653 | End job: 8 | Running job: 0 | Pending job: 0
2022 May 07 11:32:02 | SpawnPoolWorker-3 | e13805 | Time: 690000 | Total Job: 653 | End job: 8 | Running job: 0 | Pending job: 0
2022 May 07 11:32:02 | SpawnPoolWorker-3 | e13805 | Time: 720000 | Total Job: 653 | End job: 8 | Running job: 2 | Pending job: 0
2022 May 07 11:32:02 | SpawnPoolWorker-3 | e13805 | Time: 750000 | Total Job: 653 | End job: 8 | Running job: 2 | Pending job: 0
2022 May 07 11:32:02 | SpawnPoolWorker-3 | e13805 | Time: 780000 | Total Job: 653 | End job: 8 | Running job: 2 | Pending job: 0
2022 May 07 11:32:02 | SpawnPoolWorker-3 | e13805 | Time: 810000 | Total Job: 653 | End job: 14 | Running job: 1 | Pending job: 0
2022 May 07 11:32:03 | SpawnPoolWorker-3 | e13805 | Time: 840000 | Total Job: 653 | End job: 17 | Running job: 6 | Pending job: 0
2022 May 07 11:32:03 | SpawnPoolWorker-3 | e13805 | Time: 870000 | Total Job: 653 | End job: 20 | Running job: 4 | Pending job: 0
2022 May 07 11:32:03 | SpawnPoolWorker-3 | e13805 | Time: 900000 | Total Job: 653 | End job: 29 | Running job: 3 | Pending job: 0
2022 May 07 11:32:03 | SpawnPoolWorker-3 | e13805 | Time: 930000 | Total Job: 653 | End job: 29 | Running job: 4 | Pending job: 0
2022 May 07 11:32:03 | SpawnPoolWorker-3 | e13805 | Time: 960000 | Total Job: 653 | End job: 32 | Running job: 5 | Pending job: 0
2022 May 07 11:32:03 | SpawnPoolWorker-3 | e13805 | Time: 990000 | Total Job: 653 | End job: 36 | Running job: 5 | Pending job: 0
2022 May 07 11:32:03 | SpawnPoolWorker-3 | e13805 | Time: 1020000 | Total Job: 653 | End job: 39 | Running job: 6 | Pending job: 0
2022 May 07 11:32:03 | SpawnPoolWorker-3 | e13805 | Time: 1050000 | Total Job: 653 | End job: 45 | Running job: 5 | Pending job: 0
2022 May 07 11:32:04 | SpawnPoolWorker-3 | e13805 | Time: 1080000 | Total Job: 653 | End job: 52 | Running job: 8 | Pending job: 0
2022 May 07 11:32:04 | SpawnPoolWorker-3 | e13805 | Time: 1110000 | Total Job: 653 | End job: 56 | Running job: 9 | Pending job: 0
2022 May 07 11:32:04 | SpawnPoolWorker-3 | e13805 | Time: 1140000 | Total Job: 653 | End job: 60 | Running job: 8 | Pending job: 0
2022 May 07 11:32:04 | SpawnPoolWorker-3 | e13805 | Time: 1170000 | Total Job: 653 | End job: 64 | Running job: 12 | Pending job: 0
2022 May 07 11:32:04 | SpawnPoolWorker-3 | e13805 | Time: 1200000 | Total Job: 653 | End job: 72 | Running job: 9 | Pending job: 0
2022 May 07 11:32:04 | SpawnPoolWorker-3 | e13805 | Time: 1230000 | Total Job: 653 | End job: 72 | Running job: 9 | Pending job: 0
2022 May 07 11:32:04 | SpawnPoolWorker-3 | e13805 | Time: 1260000 | Total Job: 653 | End job: 75 | Running job: 6 | Pending job: 0
2022 May 07 11:32:05 | SpawnPoolWorker-3 | e13805 | Time: 1290000 | Total Job: 653 | End job: 81 | Running job: 2 | Pending job: 0
2022 May 07 11:32:05 | SpawnPoolWorker-3 | e13805 | Time: 1320000 | Total Job: 653 | End job: 92 | Running job: 9 | Pending job: 0
2022 May 07 11:32:05 | SpawnPoolWorker-3 | e13805 | Time: 1350000 | Total Job: 653 | End job: 112 | Running job: 8 | Pending job: 0
2022 May 07 11:32:05 | SpawnPoolWorker-3 | e13805 | Time: 1380000 | Total Job: 653 | End job: 117 | Running job: 8 | Pending job: 0
2022 May 07 11:32:05 | SpawnPoolWorker-3 | e13805 | Time: 1410000 | Total Job: 653 | End job: 119 | Running job: 9 | Pending job: 0
2022 May 07 11:32:05 | SpawnPoolWorker-3 | e13805 | Time: 1440000 | Total Job: 653 | End job: 123 | Running job: 7 | Pending job: 0
2022 May 07 11:32:05 | SpawnPoolWorker-3 | e13805 | Time: 1470000 | Total Job: 653 | End job: 124 | Running job: 6 | Pending job: 0
2022 May 07 11:32:05 | SpawnPoolWorker-3 | e13805 | Time: 1500000 | Total Job: 653 | End job: 128 | Running job: 5 | Pending job: 0
2022 May 07 11:32:05 | SpawnPoolWorker-3 | e13805 | Time: 1530000 | Total Job: 653 | End job: 129 | Running job: 5 | Pending job: 0
2022 May 07 11:32:06 | SpawnPoolWorker-3 | e13805 | Time: 1560000 | Total Job: 653 | End job: 130 | Running job: 4 | Pending job: 0
2022 May 07 11:32:06 | SpawnPoolWorker-3 | e13805 | Time: 1590000 | Total Job: 653 | End job: 135 | Running job: 8 | Pending job: 0
2022 May 07 11:32:06 | SpawnPoolWorker-3 | e13805 | Time: 1620000 | Total Job: 653 | End job: 137 | Running job: 10 | Pending job: 0
2022 May 07 11:32:06 | SpawnPoolWorker-3 | e13805 | Time: 1650000 | Total Job: 653 | End job: 141 | Running job: 12 | Pending job: 0
2022 May 07 11:32:06 | SpawnPoolWorker-3 | e13805 | Time: 1680000 | Total Job: 653 | End job: 144 | Running job: 13 | Pending job: 0
2022 May 07 11:32:06 | SpawnPoolWorker-3 | e13805 | Time: 1710000 | Total Job: 653 | End job: 153 | Running job: 10 | Pending job: 0
2022 May 07 11:32:06 | SpawnPoolWorker-3 | e13805 | Time: 1740000 | Total Job: 653 | End job: 154 | Running job: 9 | Pending job: 0
2022 May 07 11:32:06 | SpawnPoolWorker-3 | e13805 | Time: 1770000 | Total Job: 653 | End job: 154 | Running job: 10 | Pending job: 0
2022 May 07 11:32:06 | SpawnPoolWorker-3 | e13805 | Time: 1800000 | Total Job: 653 | End job: 154 | Running job: 10 | Pending job: 0
2022 May 07 11:32:06 | SpawnPoolWorker-3 | e13805 | Time: 1830000 | Total Job: 653 | End job: 154 | Running job: 10 | Pending job: 0
2022 May 07 11:32:07 | SpawnPoolWorker-3 | e13805 | Time: 1860000 | Total Job: 653 | End job: 158 | Running job: 9 | Pending job: 0
2022 May 07 11:32:07 | SpawnPoolWorker-3 | e13805 | Time: 1890000 | Total Job: 653 | End job: 158 | Running job: 9 | Pending job: 0
2022 May 07 11:32:07 | SpawnPoolWorker-3 | e13805 | Time: 1920000 | Total Job: 653 | End job: 162 | Running job: 5 | Pending job: 0
2022 May 07 11:32:07 | SpawnPoolWorker-3 | e13805 | Time: 1950000 | Total Job: 653 | End job: 166 | Running job: 7 | Pending job: 0
2022 May 07 11:32:07 | SpawnPoolWorker-3 | e13805 | Time: 1980000 | Total Job: 653 | End job: 167 | Running job: 6 | Pending job: 0
2022 May 07 11:32:07 | SpawnPoolWorker-3 | e13805 | Time: 2010000 | Total Job: 653 | End job: 171 | Running job: 5 | Pending job: 0
2022 May 07 11:32:07 | SpawnPoolWorker-3 | e13805 | Time: 2040000 | Total Job: 653 | End job: 190 | Running job: 7 | Pending job: 0
2022 May 07 11:32:07 | SpawnPoolWorker-3 | e13805 | Time: 2070000 | Total Job: 653 | End job: 190 | Running job: 7 | Pending job: 0
2022 May 07 11:32:07 | SpawnPoolWorker-3 | e13805 | Time: 2100000 | Total Job: 653 | End job: 204 | Running job: 9 | Pending job: 0
2022 May 07 11:32:07 | SpawnPoolWorker-3 | e13805 | Time: 2130000 | Total Job: 653 | End job: 229 | Running job: 7 | Pending job: 0
2022 May 07 11:32:08 | SpawnPoolWorker-3 | e13805 | Time: 2160000 | Total Job: 653 | End job: 231 | Running job: 5 | Pending job: 0
2022 May 07 11:32:08 | SpawnPoolWorker-3 | e13805 | Time: 2190000 | Total Job: 653 | End job: 243 | Running job: 8 | Pending job: 0
2022 May 07 11:32:08 | SpawnPoolWorker-3 | e13805 | Time: 2220000 | Total Job: 653 | End job: 251 | Running job: 8 | Pending job: 0
2022 May 07 11:32:08 | SpawnPoolWorker-3 | e13805 | Time: 2250000 | Total Job: 653 | End job: 251 | Running job: 8 | Pending job: 0
2022 May 07 11:32:08 | SpawnPoolWorker-3 | e13805 | Time: 2280000 | Total Job: 653 | End job: 264 | Running job: 11 | Pending job: 0
2022 May 07 11:32:08 | SpawnPoolWorker-3 | e13805 | Time: 2310000 | Total Job: 653 | End job: 285 | Running job: 14 | Pending job: 0
2022 May 07 11:32:08 | SpawnPoolWorker-3 | e13805 | Time: 2340000 | Total Job: 653 | End job: 287 | Running job: 12 | Pending job: 0
2022 May 07 11:32:08 | SpawnPoolWorker-3 | e13805 | Time: 2370000 | Total Job: 653 | End job: 288 | Running job: 12 | Pending job: 0
2022 May 07 11:32:08 | SpawnPoolWorker-3 | e13805 | Time: 2400000 | Total Job: 653 | End job: 288 | Running job: 13 | Pending job: 0
2022 May 07 11:32:08 | SpawnPoolWorker-3 | e13805 | Time: 2430000 | Total Job: 653 | End job: 288 | Running job: 14 | Pending job: 0
2022 May 07 11:32:08 | SpawnPoolWorker-3 | e13805 | Time: 2460000 | Total Job: 653 | End job: 288 | Running job: 16 | Pending job: 0
2022 May 07 11:32:09 | SpawnPoolWorker-3 | e13805 | Time: 2490000 | Total Job: 653 | End job: 288 | Running job: 16 | Pending job: 0
2022 May 07 11:32:09 | SpawnPoolWorker-3 | e13805 | Time: 2520000 | Total Job: 653 | End job: 290 | Running job: 14 | Pending job: 0
2022 May 07 11:32:09 | SpawnPoolWorker-3 | e13805 | Time: 2550000 | Total Job: 653 | End job: 290 | Running job: 14 | Pending job: 0
2022 May 07 11:32:09 | SpawnPoolWorker-3 | e13805 | Time: 2580000 | Total Job: 653 | End job: 291 | Running job: 14 | Pending job: 0
2022 May 07 11:32:09 | SpawnPoolWorker-3 | e13805 | Time: 2610000 | Total Job: 653 | End job: 292 | Running job: 14 | Pending job: 0
2022 May 07 11:32:09 | SpawnPoolWorker-3 | e13805 | Time: 2640000 | Total Job: 653 | End job: 294 | Running job: 14 | Pending job: 0
2022 May 07 11:32:09 | SpawnPoolWorker-3 | e13805 | Time: 2670000 | Total Job: 653 | End job: 294 | Running job: 14 | Pending job: 0
2022 May 07 11:32:09 | SpawnPoolWorker-3 | e13805 | Time: 2700000 | Total Job: 653 | End job: 296 | Running job: 12 | Pending job: 0
2022 May 07 11:32:09 | SpawnPoolWorker-3 | e13805 | Time: 2730000 | Total Job: 653 | End job: 296 | Running job: 14 | Pending job: 0
2022 May 07 11:32:09 | SpawnPoolWorker-3 | e13805 | Time: 2760000 | Total Job: 653 | End job: 296 | Running job: 14 | Pending job: 0
2022 May 07 11:32:09 | SpawnPoolWorker-3 | e13805 | Time: 2790000 | Total Job: 653 | End job: 302 | Running job: 10 | Pending job: 0
2022 May 07 11:32:10 | SpawnPoolWorker-3 | e13805 | Time: 2820000 | Total Job: 653 | End job: 305 | Running job: 12 | Pending job: 0
2022 May 07 11:32:10 | SpawnPoolWorker-3 | e13805 | Time: 2850000 | Total Job: 653 | End job: 305 | Running job: 12 | Pending job: 0
2022 May 07 11:32:10 | SpawnPoolWorker-3 | e13805 | Time: 2880000 | Total Job: 653 | End job: 313 | Running job: 14 | Pending job: 0
2022 May 07 11:32:10 | SpawnPoolWorker-3 | e13805 | Time: 2910000 | Total Job: 653 | End job: 315 | Running job: 13 | Pending job: 0
2022 May 07 11:32:10 | SpawnPoolWorker-3 | e13805 | Time: 2940000 | Total Job: 653 | End job: 316 | Running job: 13 | Pending job: 0
2022 May 07 11:32:10 | SpawnPoolWorker-3 | e13805 | Time: 2970000 | Total Job: 653 | End job: 316 | Running job: 16 | Pending job: 0
2022 May 07 11:32:10 | SpawnPoolWorker-3 | e13805 | Time: 3000000 | Total Job: 653 | End job: 319 | Running job: 13 | Pending job: 0
2022 May 07 11:32:10 | SpawnPoolWorker-3 | e13805 | Time: 3030000 | Total Job: 653 | End job: 320 | Running job: 12 | Pending job: 0
2022 May 07 11:32:10 | SpawnPoolWorker-3 | e13805 | Time: 3060000 | Total Job: 653 | End job: 320 | Running job: 12 | Pending job: 0
2022 May 07 11:32:10 | SpawnPoolWorker-3 | e13805 | Time: 3090000 | Total Job: 653 | End job: 320 | Running job: 14 | Pending job: 0
2022 May 07 11:32:10 | SpawnPoolWorker-3 | e13805 | Time: 3120000 | Total Job: 653 | End job: 321 | Running job: 13 | Pending job: 0
2022 May 07 11:32:10 | SpawnPoolWorker-3 | e13805 | Time: 3150000 | Total Job: 653 | End job: 328 | Running job: 16 | Pending job: 0
2022 May 07 11:32:10 | SpawnPoolWorker-3 | e13805 | Time: 3180000 | Total Job: 653 | End job: 328 | Running job: 16 | Pending job: 3
2022 May 07 11:32:11 | SpawnPoolWorker-3 | e13805 | Time: 3210000 | Total Job: 653 | End job: 333 | Running job: 16 | Pending job: 0
2022 May 07 11:32:11 | SpawnPoolWorker-3 | e13805 | Time: 3240000 | Total Job: 653 | End job: 338 | Running job: 16 | Pending job: 0
2022 May 07 11:32:11 | SpawnPoolWorker-3 | e13805 | Time: 3270000 | Total Job: 653 | End job: 342 | Running job: 15 | Pending job: 0
2022 May 07 11:32:11 | SpawnPoolWorker-3 | e13805 | Time: 3300000 | Total Job: 653 | End job: 346 | Running job: 14 | Pending job: 0
2022 May 07 11:32:11 | SpawnPoolWorker-3 | e13805 | Time: 3330000 | Total Job: 653 | End job: 347 | Running job: 20 | Pending job: 0
2022 May 07 11:32:11 | SpawnPoolWorker-3 | e13805 | Time: 3360000 | Total Job: 653 | End job: 352 | Running job: 17 | Pending job: 0
2022 May 07 11:32:11 | SpawnPoolWorker-3 | e13805 | Time: 3390000 | Total Job: 653 | End job: 355 | Running job: 17 | Pending job: 0
2022 May 07 11:32:11 | SpawnPoolWorker-3 | e13805 | Time: 3420000 | Total Job: 653 | End job: 359 | Running job: 18 | Pending job: 0
2022 May 07 11:32:11 | SpawnPoolWorker-3 | e13805 | Time: 3450000 | Total Job: 653 | End job: 363 | Running job: 14 | Pending job: 0
2022 May 07 11:32:11 | SpawnPoolWorker-3 | e13805 | Time: 3480000 | Total Job: 653 | End job: 364 | Running job: 15 | Pending job: 0
2022 May 07 11:32:11 | SpawnPoolWorker-3 | e13805 | Time: 3510000 | Total Job: 653 | End job: 366 | Running job: 18 | Pending job: 1
2022 May 07 11:32:11 | SpawnPoolWorker-3 | e13805 | Time: 3540000 | Total Job: 653 | End job: 370 | Running job: 19 | Pending job: 1
2022 May 07 11:32:12 | SpawnPoolWorker-3 | e13805 | Time: 3570000 | Total Job: 653 | End job: 373 | Running job: 21 | Pending job: 4
2022 May 07 11:32:12 | SpawnPoolWorker-3 | e13805 | Time: 3600000 | Total Job: 653 | End job: 385 | Running job: 15 | Pending job: 0
2022 May 07 11:32:12 | SpawnPoolWorker-3 | e13805 | Time: 3630000 | Total Job: 653 | End job: 389 | Running job: 13 | Pending job: 0
2022 May 07 11:32:12 | SpawnPoolWorker-3 | e13805 | Time: 3660000 | Total Job: 653 | End job: 391 | Running job: 18 | Pending job: 0
2022 May 07 11:32:12 | SpawnPoolWorker-3 | e13805 | Time: 3690000 | Total Job: 653 | End job: 396 | Running job: 16 | Pending job: 0
2022 May 07 11:32:12 | SpawnPoolWorker-3 | e13805 | Time: 3720000 | Total Job: 653 | End job: 397 | Running job: 15 | Pending job: 0
2022 May 07 11:32:12 | SpawnPoolWorker-3 | e13805 | Time: 3750000 | Total Job: 653 | End job: 402 | Running job: 13 | Pending job: 0
2022 May 07 11:32:12 | SpawnPoolWorker-3 | e13805 | Time: 3780000 | Total Job: 653 | End job: 408 | Running job: 12 | Pending job: 0
2022 May 07 11:32:12 | SpawnPoolWorker-3 | e13805 | Time: 3810000 | Total Job: 653 | End job: 412 | Running job: 10 | Pending job: 0
2022 May 07 11:32:12 | SpawnPoolWorker-3 | e13805 | Time: 3840000 | Total Job: 653 | End job: 429 | Running job: 13 | Pending job: 0
2022 May 07 11:32:12 | SpawnPoolWorker-3 | e13805 | Time: 3870000 | Total Job: 653 | End job: 435 | Running job: 12 | Pending job: 0
2022 May 07 11:32:12 | SpawnPoolWorker-3 | e13805 | Time: 3900000 | Total Job: 653 | End job: 439 | Running job: 10 | Pending job: 0
2022 May 07 11:32:12 | SpawnPoolWorker-3 | e13805 | Time: 3930000 | Total Job: 653 | End job: 442 | Running job: 11 | Pending job: 0
2022 May 07 11:32:12 | SpawnPoolWorker-3 | e13805 | Time: 3960000 | Total Job: 653 | End job: 447 | Running job: 9 | Pending job: 0
2022 May 07 11:32:12 | SpawnPoolWorker-3 | e13805 | Time: 3990000 | Total Job: 653 | End job: 456 | Running job: 12 | Pending job: 0
2022 May 07 11:32:12 | SpawnPoolWorker-3 | e13805 | Time: 4020000 | Total Job: 653 | End job: 463 | Running job: 10 | Pending job: 0
2022 May 07 11:32:12 | SpawnPoolWorker-3 | e13805 | Time: 4050000 | Total Job: 653 | End job: 466 | Running job: 9 | Pending job: 0
2022 May 07 11:32:12 | SpawnPoolWorker-3 | e13805 | Time: 4080000 | Total Job: 653 | End job: 469 | Running job: 9 | Pending job: 0
2022 May 07 11:32:12 | SpawnPoolWorker-3 | e13805 | Time: 4110000 | Total Job: 653 | End job: 485 | Running job: 16 | Pending job: 0
2022 May 07 11:32:12 | SpawnPoolWorker-3 | e13805 | Time: 4140000 | Total Job: 653 | End job: 494 | Running job: 12 | Pending job: 0
2022 May 07 11:32:12 | SpawnPoolWorker-3 | e13805 | Time: 4170000 | Total Job: 653 | End job: 494 | Running job: 12 | Pending job: 0
2022 May 07 11:32:13 | SpawnPoolWorker-3 | e13805 | Time: 4200000 | Total Job: 653 | End job: 503 | Running job: 14 | Pending job: 0
2022 May 07 11:32:13 | SpawnPoolWorker-3 | e13805 | Time: 4230000 | Total Job: 653 | End job: 505 | Running job: 12 | Pending job: 0
2022 May 07 11:32:13 | SpawnPoolWorker-3 | e13805 | Time: 4260000 | Total Job: 653 | End job: 505 | Running job: 12 | Pending job: 0
2022 May 07 11:32:13 | SpawnPoolWorker-3 | e13805 | Time: 4290000 | Total Job: 653 | End job: 505 | Running job: 12 | Pending job: 0
2022 May 07 11:32:13 | SpawnPoolWorker-3 | e13805 | Time: 4320000 | Total Job: 653 | End job: 513 | Running job: 4 | Pending job: 0
2022 May 07 11:32:13 | SpawnPoolWorker-3 | e13805 | Time: 4350000 | Total Job: 653 | End job: 516 | Running job: 5 | Pending job: 0
2022 May 07 11:32:13 | SpawnPoolWorker-3 | e13805 | Time: 4380000 | Total Job: 653 | End job: 525 | Running job: 4 | Pending job: 0
2022 May 07 11:32:13 | SpawnPoolWorker-3 | e13805 | Time: 4410000 | Total Job: 653 | End job: 527 | Running job: 6 | Pending job: 0
2022 May 07 11:32:13 | SpawnPoolWorker-3 | e13805 | Time: 4440000 | Total Job: 653 | End job: 540 | Running job: 14 | Pending job: 0
2022 May 07 11:32:13 | SpawnPoolWorker-3 | e13805 | Time: 4470000 | Total Job: 653 | End job: 544 | Running job: 16 | Pending job: 0
2022 May 07 11:32:13 | SpawnPoolWorker-3 | e13805 | Time: 4500000 | Total Job: 653 | End job: 544 | Running job: 16 | Pending job: 0
2022 May 07 11:32:13 | SpawnPoolWorker-3 | e13805 | Time: 4530000 | Total Job: 653 | End job: 551 | Running job: 16 | Pending job: 8
2022 May 07 11:32:13 | SpawnPoolWorker-3 | e13805 | Time: 4560000 | Total Job: 653 | End job: 561 | Running job: 14 | Pending job: 0
2022 May 07 11:32:13 | SpawnPoolWorker-3 | e13805 | Time: 4590000 | Total Job: 653 | End job: 562 | Running job: 14 | Pending job: 0
2022 May 07 11:32:13 | SpawnPoolWorker-3 | e13805 | Time: 4620000 | Total Job: 653 | End job: 566 | Running job: 13 | Pending job: 0
2022 May 07 11:32:13 | SpawnPoolWorker-3 | e13805 | Time: 4650000 | Total Job: 653 | End job: 566 | Running job: 14 | Pending job: 0
2022 May 07 11:32:13 | SpawnPoolWorker-3 | e13805 | Time: 4680000 | Total Job: 653 | End job: 567 | Running job: 13 | Pending job: 0
2022 May 07 11:32:13 | SpawnPoolWorker-3 | e13805 | Time: 4710000 | Total Job: 653 | End job: 575 | Running job: 15 | Pending job: 0
2022 May 07 11:32:13 | SpawnPoolWorker-3 | e13805 | Time: 4740000 | Total Job: 653 | End job: 576 | Running job: 15 | Pending job: 0
2022 May 07 11:32:13 | SpawnPoolWorker-3 | e13805 | Time: 4770000 | Total Job: 653 | End job: 578 | Running job: 17 | Pending job: 0
2022 May 07 11:32:13 | SpawnPoolWorker-3 | e13805 | Time: 4800000 | Total Job: 653 | End job: 584 | Running job: 13 | Pending job: 0
2022 May 07 11:32:13 | SpawnPoolWorker-3 | e13805 | Time: 4830000 | Total Job: 653 | End job: 585 | Running job: 13 | Pending job: 0
2022 May 07 11:32:13 | SpawnPoolWorker-3 | e13805 | Time: 4860000 | Total Job: 653 | End job: 586 | Running job: 12 | Pending job: 0
2022 May 07 11:32:13 | SpawnPoolWorker-3 | e13805 | Time: 4890000 | Total Job: 653 | End job: 591 | Running job: 12 | Pending job: 0
2022 May 07 11:32:13 | SpawnPoolWorker-3 | e13805 | Time: 4920000 | Total Job: 653 | End job: 593 | Running job: 10 | Pending job: 0
2022 May 07 11:32:13 | SpawnPoolWorker-3 | e13805 | Time: 4950000 | Total Job: 653 | End job: 594 | Running job: 13 | Pending job: 0
2022 May 07 11:32:13 | SpawnPoolWorker-3 | e13805 | Time: 4980000 | Total Job: 653 | End job: 603 | Running job: 17 | Pending job: 0
2022 May 07 11:32:13 | SpawnPoolWorker-3 | e13805 | Time: 5010000 | Total Job: 653 | End job: 607 | Running job: 13 | Pending job: 0
2022 May 07 11:32:13 | SpawnPoolWorker-3 | e13805 | Time: 5040000 | Total Job: 653 | End job: 612 | Running job: 14 | Pending job: 0
2022 May 07 11:32:13 | SpawnPoolWorker-3 | e13805 | Time: 5070000 | Total Job: 653 | End job: 617 | Running job: 15 | Pending job: 0
2022 May 07 11:32:13 | SpawnPoolWorker-3 | e13805 | Time: 5100000 | Total Job: 653 | End job: 617 | Running job: 15 | Pending job: 0
2022 May 07 11:32:13 | SpawnPoolWorker-3 | e13805 | Time: 5130000 | Total Job: 653 | End job: 628 | Running job: 16 | Pending job: 0
2022 May 07 11:32:13 | SpawnPoolWorker-3 | e13805 | Time: 5160000 | Total Job: 653 | End job: 631 | Running job: 14 | Pending job: 0
2022 May 07 11:32:14 | SpawnPoolWorker-3 | e13805 | Time: 5190000 | Total Job: 653 | End job: 633 | Running job: 16 | Pending job: 0
2022 May 07 11:32:14 | SpawnPoolWorker-3 | e13805 | Time: 5220000 | Total Job: 653 | End job: 640 | Running job: 12 | Pending job: 0
2022 May 07 11:32:14 | SpawnPoolWorker-3 | e13805 | Time: 5250000 | Total Job: 653 | End job: 642 | Running job: 11 | Pending job: 0
2022 May 07 11:32:14 | SpawnPoolWorker-3 | e13805 | Time: 5280000 | Total Job: 653 | End job: 642 | Running job: 11 | Pending job: 0
2022 May 07 11:32:14 | SpawnPoolWorker-3 | e13805 | Time: 5310000 | Total Job: 653 | End job: 647 | Running job: 6 | Pending job: 0
2022 May 07 11:32:14 | SpawnPoolWorker-3 | e13805 | Time: 5340000 | Total Job: 653 | End job: 647 | Running job: 6 | Pending job: 0
2022 May 07 11:32:14 | SpawnPoolWorker-3 | e13805 | Time: 5370000 | Total Job: 653 | End job: 647 | Running job: 6 | Pending job: 0
2022 May 07 11:32:14 | SpawnPoolWorker-3 | e13805 | Time: 5400000 | Total Job: 653 | End job: 647 | Running job: 6 | Pending job: 0
2022 May 07 11:32:14 | SpawnPoolWorker-3 | e13805 | Time: 5430000 | Total Job: 653 | End job: 647 | Running job: 6 | Pending job: 0
2022 May 07 11:32:14 | SpawnPoolWorker-3 | e13805 | Time: 5460000 | Total Job: 653 | End job: 647 | Running job: 6 | Pending job: 0
2022 May 07 11:32:14 | SpawnPoolWorker-3 | e13805 | Time: 5490000 | Total Job: 653 | End job: 647 | Running job: 6 | Pending job: 0
2022 May 07 11:32:14 | SpawnPoolWorker-3 | e13805 | Time: 5520000 | Total Job: 653 | End job: 647 | Running job: 6 | Pending job: 0
2022 May 07 11:32:14 | SpawnPoolWorker-3 | e13805 | Time: 5550000 | Total Job: 653 | End job: 647 | Running job: 6 | Pending job: 0
2022 May 07 11:32:14 | SpawnPoolWorker-3 | e13805 | Time: 5580000 | Total Job: 653 | End job: 648 | Running job: 5 | Pending job: 0
2022 May 07 11:32:14 | SpawnPoolWorker-3 | e13805 | Time: 5610000 | Total Job: 653 | End job: 648 | Running job: 5 | Pending job: 0
2022 May 07 11:32:14 | SpawnPoolWorker-3 | e13805 | Time: 5640000 | Total Job: 653 | End job: 649 | Running job: 4 | Pending job: 0
2022 May 07 11:32:14 | SpawnPoolWorker-3 | e13805 | Time: 5670000 | Total Job: 653 | End job: 650 | Running job: 3 | Pending job: 0
2022 May 07 11:32:14 | SpawnPoolWorker-3 | e13805 | Time: 5700000 | Total Job: 653 | End job: 650 | Running job: 3 | Pending job: 0
2022 May 07 11:32:14 | SpawnPoolWorker-3 | e13805 | Time: 5730000 | Total Job: 653 | End job: 650 | Running job: 3 | Pending job: 0
2022 May 07 11:32:14 | SpawnPoolWorker-3 | e13805 | Time: 5760000 | Total Job: 653 | End job: 650 | Running job: 3 | Pending job: 0
2022 May 07 11:32:14 | SpawnPoolWorker-3 | e13805 | Time: 5790000 | Total Job: 653 | End job: 650 | Running job: 3 | Pending job: 0
2022 May 07 11:32:14 | SpawnPoolWorker-3 | e13805 | Time: 5820000 | Total Job: 653 | End job: 651 | Running job: 2 | Pending job: 0
2022 May 07 11:32:14 | SpawnPoolWorker-3 | e13805 | Time: 5850000 | Total Job: 653 | End job: 652 | Running job: 1 | Pending job: 0
2022 May 07 11:32:14 | SpawnPoolWorker-3 | e13805 | Time: 5880000 | Total Job: 653 | End job: 652 | Running job: 1 | Pending job: 0
2022 May 07 11:32:14 | SpawnPoolWorker-3 | e13805 | Time: 5910000 | Total Job: 653 | End job: 652 | Running job: 1 | Pending job: 0
2022 May 07 11:32:14 | SpawnPoolWorker-3 | e13805 | Time: 5940000 | Total Job: 653 | End job: 652 | Running job: 1 | Pending job: 0
2022 May 07 11:32:14 | SpawnPoolWorker-3 | e13805 | Time: 5970000 | Total Job: 653 | End job: 652 | Running job: 1 | Pending job: 0
2022 May 07 11:32:14 | SpawnPoolWorker-3 | e13805 | Time: 6000000 | Total Job: 653 | End job: 652 | Running job: 1 | Pending job: 0
2022 May 07 11:32:14 | SpawnPoolWorker-3 | e13805 | Time: 6030000 | Total Job: 653 | End job: 652 | Running job: 1 | Pending job: 0
2022 May 07 11:32:14 | SpawnPoolWorker-3 | e13805 | Time: 6060000 | Total Job: 653 | End job: 652 | Running job: 1 | Pending job: 0
2022 May 07 11:32:14 | SpawnPoolWorker-3 | e13805 | Time: 6090000 | Total Job: 653 | End job: 652 | Running job: 1 | Pending job: 0
2022 May 07 11:32:14 | SpawnPoolWorker-3 | e13805 | Time: 6120000 | Total Job: 653 | End job: 652 | Running job: 1 | Pending job: 0
2022 May 07 11:32:14 | SpawnPoolWorker-3 | e13805 | Average JCT: 85915.61 | Average Queue: 981.83
2022 May 07 11:32:15 | SpawnPoolWorker-3 | Finish e13805
2022 May 07 11:32:15 | SpawnPoolWorker-3 | begin to save
2022 May 07 11:32:15 | SpawnPoolWorker-3 | saved successfully
